[2024-02-27T09:03:07.035+0000] {taskinstance.py:1956} INFO - Dependencies all met for dep_context=non-requeueable deps ti=<TaskInstance: exchange_trade_data.transform_exchange_data scheduled__2024-02-27T08:03:00+00:00 [queued]>
[2024-02-27T09:03:07.073+0000] {taskinstance.py:1956} INFO - Dependencies all met for dep_context=requeueable deps ti=<TaskInstance: exchange_trade_data.transform_exchange_data scheduled__2024-02-27T08:03:00+00:00 [queued]>
[2024-02-27T09:03:07.098+0000] {taskinstance.py:2170} INFO - Starting attempt 1 of 1
[2024-02-27T09:03:07.142+0000] {taskinstance.py:2191} INFO - Executing <Task(_PythonDecoratedOperator): transform_exchange_data> on 2024-02-27 08:03:00+00:00
[2024-02-27T09:03:07.152+0000] {standard_task_runner.py:60} INFO - Started process 36732 to run task
[2024-02-27T09:03:07.163+0000] {standard_task_runner.py:87} INFO - Running: ['***', 'tasks', 'run', 'exchange_trade_data', 'transform_exchange_data', 'scheduled__2024-02-27T08:03:00+00:00', '--job-id', '98', '--raw', '--subdir', 'DAGS_FOLDER/exchange.py', '--cfg-path', '/tmp/tmpz_qazxwl']
[2024-02-27T09:03:07.165+0000] {standard_task_runner.py:88} INFO - Job 98: Subtask transform_exchange_data
[2024-02-27T09:03:07.242+0000] {logging_mixin.py:188} WARNING - /home/***/.local/lib/python3.8/site-packages/***/settings.py:194 DeprecationWarning: The sql_alchemy_conn option in [core] has been moved to the sql_alchemy_conn option in [database] - the old setting has been used, but please update your config.
[2024-02-27T09:03:07.351+0000] {task_command.py:423} INFO - Running <TaskInstance: exchange_trade_data.transform_exchange_data scheduled__2024-02-27T08:03:00+00:00 [running]> on host e16193345271
[2024-02-27T09:03:07.965+0000] {taskinstance.py:2480} INFO - Exporting env vars: AIRFLOW_CTX_DAG_OWNER='***' AIRFLOW_CTX_DAG_ID='exchange_trade_data' AIRFLOW_CTX_TASK_ID='transform_exchange_data' AIRFLOW_CTX_EXECUTION_DATE='2024-02-27T08:03:00+00:00' AIRFLOW_CTX_TRY_NUMBER='1' AIRFLOW_CTX_DAG_RUN_ID='scheduled__2024-02-27T08:03:00+00:00'
[2024-02-27T09:03:07.988+0000] {python.py:201} INFO - Done. Returned value was:         exchangeId              name  ...        updated                  updated_at
0          binance           Binance  ...  1709024557637  2024-02-27T09:02:37.637000
1             gdax      Coinbase Pro  ...  1709024557301  2024-02-27T09:02:37.301000
2        digifinex         DigiFinex  ...  1709024556946  2024-02-27T09:02:36.946000
3         whitebit          WhiteBIT  ...  1709024556954  2024-02-27T09:02:36.954000
4           kraken            Kraken  ...  1709024556674  2024-02-27T09:02:36.674000
..             ...               ...  ...            ...                         ...
68        poloniex          Poloniex  ...  1692177923613  2023-08-16T09:25:23.613000
69  therocktrading  The Rock Trading  ...  1676660097265  2023-02-17T18:54:57.265000
70       thorchain         THORChain  ...  1668435396236  2022-11-14T14:16:36.236000
71         uniswap      Uniswap (V2)  ...  1684766506217  2023-05-22T14:41:46.217000
72            zaif              Zaif  ...  1666250109990  2022-10-20T07:15:09.990000

[73 rows x 10 columns]
[2024-02-27T09:03:08.358+0000] {taskinstance.py:1138} INFO - Marking task as SUCCESS. dag_id=exchange_trade_data, task_id=transform_exchange_data, execution_date=20240227T080300, start_date=20240227T090307, end_date=20240227T090308
[2024-02-27T09:03:08.459+0000] {local_task_job_runner.py:234} INFO - Task exited with return code 0
[2024-02-27T09:03:08.522+0000] {taskinstance.py:3280} INFO - 1 downstream tasks scheduled from follow-on schedule check
