[2024-02-26T08:27:35.343+0000] {taskinstance.py:1956} INFO - Dependencies all met for dep_context=non-requeueable deps ti=<TaskInstance: exchange_trade_data.transform_exchange_data manual__2024-02-26T08:27:26.425784+00:00 [queued]>
[2024-02-26T08:27:35.359+0000] {taskinstance.py:1956} INFO - Dependencies all met for dep_context=requeueable deps ti=<TaskInstance: exchange_trade_data.transform_exchange_data manual__2024-02-26T08:27:26.425784+00:00 [queued]>
[2024-02-26T08:27:35.359+0000] {taskinstance.py:2170} INFO - Starting attempt 1 of 1
[2024-02-26T08:27:35.593+0000] {taskinstance.py:2191} INFO - Executing <Task(_PythonDecoratedOperator): transform_exchange_data> on 2024-02-26 08:27:26.425784+00:00
[2024-02-26T08:27:35.601+0000] {standard_task_runner.py:60} INFO - Started process 6744 to run task
[2024-02-26T08:27:35.607+0000] {standard_task_runner.py:87} INFO - Running: ['***', 'tasks', 'run', 'exchange_trade_data', 'transform_exchange_data', 'manual__2024-02-26T08:27:26.425784+00:00', '--job-id', '86', '--raw', '--subdir', 'DAGS_FOLDER/exchange.py', '--cfg-path', '/tmp/tmpckaqhid_']
[2024-02-26T08:27:35.609+0000] {standard_task_runner.py:88} INFO - Job 86: Subtask transform_exchange_data
[2024-02-26T08:27:35.685+0000] {task_command.py:423} INFO - Running <TaskInstance: exchange_trade_data.transform_exchange_data manual__2024-02-26T08:27:26.425784+00:00 [running]> on host f5283f9a0a92
[2024-02-26T08:27:35.843+0000] {taskinstance.py:2480} INFO - Exporting env vars: AIRFLOW_CTX_DAG_OWNER='***' AIRFLOW_CTX_DAG_ID='exchange_trade_data' AIRFLOW_CTX_TASK_ID='transform_exchange_data' AIRFLOW_CTX_EXECUTION_DATE='2024-02-26T08:27:26.425784+00:00' AIRFLOW_CTX_TRY_NUMBER='1' AIRFLOW_CTX_DAG_RUN_ID='manual__2024-02-26T08:27:26.425784+00:00'
[2024-02-26T08:27:35.855+0000] {python.py:201} INFO - Done. Returned value was:     exchangeId          name  ...        updated                  updated_at
0      binance       Binance  ...  1708936027894  2024-02-26T08:27:07.894000
1         gdax  Coinbase Pro  ...  1708936028029  2024-02-26T08:27:08.029000
2    digifinex     DigiFinex  ...  1708936030619  2024-02-26T08:27:10.619000
3         gate          Gate  ...  1708936031070  2024-02-26T08:27:11.070000
4   uniswap-v3  Uniswap (V3)  ...  1708936031369  2024-02-26T08:27:11.369000
..         ...           ...  ...            ...                         ...
68    coinbene      Coinbene  ...              0                        None
69   cointiger     CoinTiger  ...  1707114784242  2024-02-05T06:33:04.242000
70      hotbit        Hotbit  ...  1684920757709  2023-05-24T09:32:37.709000
71        kuna          Kuna  ...  1677701260207  2023-03-01T20:07:40.207000
72     mxc-com       MXC.COM  ...              0                        None

[73 rows x 10 columns]
[2024-02-26T08:27:35.957+0000] {taskinstance.py:1138} INFO - Marking task as SUCCESS. dag_id=exchange_trade_data, task_id=transform_exchange_data, execution_date=20240226T082726, start_date=20240226T082735, end_date=20240226T082735
[2024-02-26T08:27:36.022+0000] {local_task_job_runner.py:234} INFO - Task exited with return code 0
[2024-02-26T08:27:36.099+0000] {taskinstance.py:3280} INFO - 1 downstream tasks scheduled from follow-on schedule check
