[2024-02-26T17:20:10.318+0000] {taskinstance.py:1956} INFO - Dependencies all met for dep_context=non-requeueable deps ti=<TaskInstance: exchange_trade_data.transform_exchange_data manual__2024-02-26T17:19:57.821906+00:00 [queued]>
[2024-02-26T17:20:10.366+0000] {taskinstance.py:1956} INFO - Dependencies all met for dep_context=requeueable deps ti=<TaskInstance: exchange_trade_data.transform_exchange_data manual__2024-02-26T17:19:57.821906+00:00 [queued]>
[2024-02-26T17:20:10.367+0000] {taskinstance.py:2170} INFO - Starting attempt 1 of 1
[2024-02-26T17:20:10.439+0000] {taskinstance.py:2191} INFO - Executing <Task(_PythonDecoratedOperator): transform_exchange_data> on 2024-02-26 17:19:57.821906+00:00
[2024-02-26T17:20:10.449+0000] {standard_task_runner.py:60} INFO - Started process 8978 to run task
[2024-02-26T17:20:10.466+0000] {standard_task_runner.py:87} INFO - Running: ['***', 'tasks', 'run', 'exchange_trade_data', 'transform_exchange_data', 'manual__2024-02-26T17:19:57.821906+00:00', '--job-id', '46', '--raw', '--subdir', 'DAGS_FOLDER/exchange.py', '--cfg-path', '/tmp/tmpuxxh38hp']
[2024-02-26T17:20:10.469+0000] {standard_task_runner.py:88} INFO - Job 46: Subtask transform_exchange_data
[2024-02-26T17:20:10.527+0000] {logging_mixin.py:188} WARNING - /home/***/.local/lib/python3.8/site-packages/***/settings.py:194 DeprecationWarning: The sql_alchemy_conn option in [core] has been moved to the sql_alchemy_conn option in [database] - the old setting has been used, but please update your config.
[2024-02-26T17:20:10.627+0000] {task_command.py:423} INFO - Running <TaskInstance: exchange_trade_data.transform_exchange_data manual__2024-02-26T17:19:57.821906+00:00 [running]> on host e16193345271
[2024-02-26T17:20:11.329+0000] {taskinstance.py:2480} INFO - Exporting env vars: AIRFLOW_CTX_DAG_OWNER='***' AIRFLOW_CTX_DAG_ID='exchange_trade_data' AIRFLOW_CTX_TASK_ID='transform_exchange_data' AIRFLOW_CTX_EXECUTION_DATE='2024-02-26T17:19:57.821906+00:00' AIRFLOW_CTX_TRY_NUMBER='1' AIRFLOW_CTX_DAG_RUN_ID='manual__2024-02-26T17:19:57.821906+00:00'
[2024-02-26T17:20:11.335+0000] {python.py:201} INFO - Done. Returned value was:         exchangeId              name  ...        updated                  updated_at
0          binance           Binance  ...  1708967977822  2024-02-26T17:19:37.822000
1             gdax      Coinbase Pro  ...  1708967991931  2024-02-26T17:19:51.931000
2        digifinex         DigiFinex  ...  1708967979987  2024-02-26T17:19:39.987000
3             gate              Gate  ...  1708967992050  2024-02-26T17:19:52.050000
4           kraken            Kraken  ...  1708967992119  2024-02-26T17:19:52.119000
..             ...               ...  ...            ...                         ...
68          okcoin            OkCoin  ...  1681374633809  2023-04-13T08:30:33.809000
69            okex              Okex  ...              0                        None
70         osmosis           Osmosis  ...              0                        None
71        poloniex          Poloniex  ...  1692177923613  2023-08-16T09:25:23.613000
72  therocktrading  The Rock Trading  ...  1676660097265  2023-02-17T18:54:57.265000

[73 rows x 10 columns]
[2024-02-26T17:20:11.544+0000] {taskinstance.py:1138} INFO - Marking task as SUCCESS. dag_id=exchange_trade_data, task_id=transform_exchange_data, execution_date=20240226T171957, start_date=20240226T172010, end_date=20240226T172011
[2024-02-26T17:20:11.655+0000] {local_task_job_runner.py:234} INFO - Task exited with return code 0
[2024-02-26T17:20:11.750+0000] {taskinstance.py:3280} INFO - 0 downstream tasks scheduled from follow-on schedule check
