[2024-03-02T03:17:01.952+0000] {taskinstance.py:1956} INFO - Dependencies all met for dep_context=non-requeueable deps ti=<TaskInstance: ecommerce_pipeline.extract_customers scheduled__2024-03-02T02:10:00+00:00 [queued]>
[2024-03-02T03:17:02.018+0000] {taskinstance.py:1956} INFO - Dependencies all met for dep_context=requeueable deps ti=<TaskInstance: ecommerce_pipeline.extract_customers scheduled__2024-03-02T02:10:00+00:00 [queued]>
[2024-03-02T03:17:02.019+0000] {taskinstance.py:2170} INFO - Starting attempt 1 of 1
[2024-03-02T03:17:02.137+0000] {taskinstance.py:2191} INFO - Executing <Task(PythonOperator): extract_customers> on 2024-03-02 02:10:00+00:00
[2024-03-02T03:17:02.195+0000] {standard_task_runner.py:60} INFO - Started process 1934 to run task
[2024-03-02T03:17:02.249+0000] {standard_task_runner.py:87} INFO - Running: ['***', 'tasks', 'run', 'ecommerce_pipeline', 'extract_customers', 'scheduled__2024-03-02T02:10:00+00:00', '--job-id', '66', '--raw', '--subdir', 'DAGS_FOLDER/ecom.py', '--cfg-path', '/tmp/tmpz1whux6s']
[2024-03-02T03:17:02.273+0000] {standard_task_runner.py:88} INFO - Job 66: Subtask extract_customers
[2024-03-02T03:17:02.467+0000] {logging_mixin.py:188} WARNING - /home/***/.local/lib/python3.8/site-packages/***/settings.py:194 DeprecationWarning: The sql_alchemy_conn option in [core] has been moved to the sql_alchemy_conn option in [database] - the old setting has been used, but please update your config.
[2024-03-02T03:17:02.720+0000] {task_command.py:423} INFO - Running <TaskInstance: ecommerce_pipeline.extract_customers scheduled__2024-03-02T02:10:00+00:00 [running]> on host 70b88be0f8e4
[2024-03-02T03:17:04.272+0000] {taskinstance.py:2480} INFO - Exporting env vars: AIRFLOW_CTX_DAG_OWNER='***' AIRFLOW_CTX_DAG_ID='ecommerce_pipeline' AIRFLOW_CTX_TASK_ID='extract_customers' AIRFLOW_CTX_EXECUTION_DATE='2024-03-02T02:10:00+00:00' AIRFLOW_CTX_TRY_NUMBER='1' AIRFLOW_CTX_DAG_RUN_ID='scheduled__2024-03-02T02:10:00+00:00'
[2024-03-02T03:17:04.312+0000] {logging_mixin.py:188} INFO - Here's some information about the data stored in ./data/customers.csv:
[2024-03-02T03:17:04.313+0000] {logging_mixin.py:188} INFO - 
There are 20 rows and 3 columns in the DataFrame.
[2024-03-02T03:17:04.313+0000] {logging_mixin.py:188} INFO - 
The columns in the DataFrame have the following types: 
[2024-03-02T03:17:04.315+0000] {logging_mixin.py:188} INFO - customer_id     int64
name           object
location       object
dtype: object
[2024-03-02T03:17:04.316+0000] {logging_mixin.py:188} INFO - 
To view the DataFrame extracted from ./data/customers.csv, display the value returned by this function!
[2024-03-02T03:17:04.360+0000] {python.py:201} INFO - Done. Returned value was:     customer_id                      name            location
0             1              Chad Johnson   North Ricardoview
1             2    Christopher Wilson Jr.          Susanhaven
2             3              Andres Brown          Tracymouth
3             4             Adrian Holmes          Lewishaven
4             5             Thomas Guzman       Jonathanmouth
5             6            Cynthia Kelley        Port William
6             7              Donald Smith        Mendozamouth
7             8  Mr. Jeremiah Sanders III          Evansmouth
8             9          Lauren Fernandez        Port Charles
9            10          Danielle Sanders  North Davidchester
10           11          Theresa Roberson          Millerfurt
11           12                Tina Mejia        Mcdanielbury
12           13                Gina Johns         Thomashaven
13           14             Roberto Jones          Norrisstad
14           15           Lindsey Roberts       Virginiashire
15           16              Tammy Parker          Davisburgh
16           17             Brenda Nelson         Weavershire
17           18          Mr. Daniel Perez       New Mariafort
18           19               Justin Hall         North Shane
19           20            Dennis Vasquez           Janetland
[2024-03-02T03:17:04.979+0000] {taskinstance.py:1138} INFO - Marking task as SUCCESS. dag_id=ecommerce_pipeline, task_id=extract_customers, execution_date=20240302T021000, start_date=20240302T031701, end_date=20240302T031704
[2024-03-02T03:17:05.075+0000] {local_task_job_runner.py:234} INFO - Task exited with return code 0
[2024-03-02T03:17:05.189+0000] {taskinstance.py:3280} INFO - 0 downstream tasks scheduled from follow-on schedule check
