[2024-02-26T08:00:59.303+0000] {taskinstance.py:1956} INFO - Dependencies all met for dep_context=non-requeueable deps ti=<TaskInstance: exchange_trade_data.write_to_motherduck_from_data_frame manual__2024-02-26T08:00:43.743387+00:00 [queued]>
[2024-02-26T08:00:59.333+0000] {taskinstance.py:1956} INFO - Dependencies all met for dep_context=requeueable deps ti=<TaskInstance: exchange_trade_data.write_to_motherduck_from_data_frame manual__2024-02-26T08:00:43.743387+00:00 [queued]>
[2024-02-26T08:00:59.336+0000] {taskinstance.py:2170} INFO - Starting attempt 1 of 1
[2024-02-26T08:00:59.602+0000] {taskinstance.py:2191} INFO - Executing <Task(_PythonDecoratedOperator): write_to_motherduck_from_data_frame> on 2024-02-26 08:00:43.743387+00:00
[2024-02-26T08:00:59.617+0000] {standard_task_runner.py:60} INFO - Started process 4190 to run task
[2024-02-26T08:00:59.625+0000] {standard_task_runner.py:87} INFO - Running: ['***', 'tasks', 'run', 'exchange_trade_data', 'write_to_motherduck_from_data_frame', 'manual__2024-02-26T08:00:43.743387+00:00', '--job-id', '60', '--raw', '--subdir', 'DAGS_FOLDER/exchange.py', '--cfg-path', '/tmp/tmpemhnun8g']
[2024-02-26T08:00:59.628+0000] {standard_task_runner.py:88} INFO - Job 60: Subtask write_to_motherduck_from_data_frame
[2024-02-26T08:00:59.711+0000] {task_command.py:423} INFO - Running <TaskInstance: exchange_trade_data.write_to_motherduck_from_data_frame manual__2024-02-26T08:00:43.743387+00:00 [running]> on host f5283f9a0a92
[2024-02-26T08:01:00.177+0000] {taskinstance.py:2480} INFO - Exporting env vars: AIRFLOW_CTX_DAG_OWNER='***' AIRFLOW_CTX_DAG_ID='exchange_trade_data' AIRFLOW_CTX_TASK_ID='write_to_motherduck_from_data_frame' AIRFLOW_CTX_EXECUTION_DATE='2024-02-26T08:00:43.743387+00:00' AIRFLOW_CTX_TRY_NUMBER='1' AIRFLOW_CTX_DAG_RUN_ID='manual__2024-02-26T08:00:43.743387+00:00'
[2024-02-26T08:01:00.179+0000] {taskinstance.py:2698} ERROR - Task failed with exception
Traceback (most recent call last):
  File "/home/airflow/.local/lib/python3.8/site-packages/airflow/models/taskinstance.py", line 433, in _execute_task
    result = execute_callable(context=context, **execute_callable_kwargs)
  File "/home/airflow/.local/lib/python3.8/site-packages/airflow/decorators/base.py", line 241, in execute
    return_value = super().execute(context)
  File "/home/airflow/.local/lib/python3.8/site-packages/airflow/operators/python.py", line 199, in execute
    return_value = self.execute_callable()
  File "/home/airflow/.local/lib/python3.8/site-packages/airflow/operators/python.py", line 216, in execute_callable
    return self.python_callable(*self.op_args, **self.op_kwargs)
  File "/opt/airflow/dags/exchange.py", line 95, in write_to_motherduck_from_data_frame
    curr= con.cursor()
AttributeError: 'NoneType' object has no attribute 'cursor'
[2024-02-26T08:01:00.190+0000] {taskinstance.py:1138} INFO - Marking task as FAILED. dag_id=exchange_trade_data, task_id=write_to_motherduck_from_data_frame, execution_date=20240226T080043, start_date=20240226T080059, end_date=20240226T080100
[2024-02-26T08:01:00.209+0000] {standard_task_runner.py:107} ERROR - Failed to execute job 60 for task write_to_motherduck_from_data_frame ('NoneType' object has no attribute 'cursor'; 4190)
[2024-02-26T08:01:00.238+0000] {local_task_job_runner.py:234} INFO - Task exited with return code 1
[2024-02-26T08:01:00.265+0000] {taskinstance.py:3280} INFO - 0 downstream tasks scheduled from follow-on schedule check
