[2024-02-26T08:02:05.148+0000] {taskinstance.py:1956} INFO - Dependencies all met for dep_context=non-requeueable deps ti=<TaskInstance: exchange_trade_data.transform_exchange_data scheduled__2024-02-26T07:02:00+00:00 [queued]>
[2024-02-26T08:02:05.162+0000] {taskinstance.py:1956} INFO - Dependencies all met for dep_context=requeueable deps ti=<TaskInstance: exchange_trade_data.transform_exchange_data scheduled__2024-02-26T07:02:00+00:00 [queued]>
[2024-02-26T08:02:05.163+0000] {taskinstance.py:2170} INFO - Starting attempt 1 of 1
[2024-02-26T08:02:05.345+0000] {taskinstance.py:2191} INFO - Executing <Task(_PythonDecoratedOperator): transform_exchange_data> on 2024-02-26 07:02:00+00:00
[2024-02-26T08:02:05.354+0000] {standard_task_runner.py:60} INFO - Started process 4561 to run task
[2024-02-26T08:02:05.361+0000] {standard_task_runner.py:87} INFO - Running: ['***', 'tasks', 'run', 'exchange_trade_data', 'transform_exchange_data', 'scheduled__2024-02-26T07:02:00+00:00', '--job-id', '63', '--raw', '--subdir', 'DAGS_FOLDER/exchange.py', '--cfg-path', '/tmp/tmpx6g7mr0u']
[2024-02-26T08:02:05.363+0000] {standard_task_runner.py:88} INFO - Job 63: Subtask transform_exchange_data
[2024-02-26T08:02:05.422+0000] {task_command.py:423} INFO - Running <TaskInstance: exchange_trade_data.transform_exchange_data scheduled__2024-02-26T07:02:00+00:00 [running]> on host f5283f9a0a92
[2024-02-26T08:02:05.542+0000] {taskinstance.py:2480} INFO - Exporting env vars: AIRFLOW_CTX_DAG_OWNER='***' AIRFLOW_CTX_DAG_ID='exchange_trade_data' AIRFLOW_CTX_TASK_ID='transform_exchange_data' AIRFLOW_CTX_EXECUTION_DATE='2024-02-26T07:02:00+00:00' AIRFLOW_CTX_TRY_NUMBER='1' AIRFLOW_CTX_DAG_RUN_ID='scheduled__2024-02-26T07:02:00+00:00'
[2024-02-26T08:02:05.547+0000] {python.py:201} INFO - Done. Returned value was:        exchangeId            name  ...        updated                  updated_at
0         binance         Binance  ...  1708934447314  2024-02-26T08:00:47.314000
1            gdax    Coinbase Pro  ...  1708934466445  2024-02-26T08:01:06.445000
2       digifinex       DigiFinex  ...  1708934457408  2024-02-26T08:00:57.408000
3            gate            Gate  ...  1708934468066  2024-02-26T08:01:08.066000
4      uniswap-v3    Uniswap (V3)  ...  1708934468750  2024-02-26T08:01:08.750000
..            ...             ...  ...            ...                         ...
68             zb              ZB  ...  1662264169320  2022-09-04T04:02:49.320000
69  bithumbglobal  Bithumb Global  ...  1692326335935  2023-08-18T02:38:55.935000
70   bitpanda-pro    Bitpanda Pro  ...  1704192020599  2024-01-02T10:40:20.599000
71        bittrex         Bittrex  ...              0                        None
72           bkex            Bkex  ...              0                        None

[73 rows x 10 columns]
[2024-02-26T08:02:05.626+0000] {taskinstance.py:1138} INFO - Marking task as SUCCESS. dag_id=exchange_trade_data, task_id=transform_exchange_data, execution_date=20240226T070200, start_date=20240226T080205, end_date=20240226T080205
[2024-02-26T08:02:05.694+0000] {local_task_job_runner.py:234} INFO - Task exited with return code 0
[2024-02-26T08:02:05.730+0000] {taskinstance.py:3280} INFO - 1 downstream tasks scheduled from follow-on schedule check
[2024-02-26T08:13:11.169+0000] {taskinstance.py:1956} INFO - Dependencies all met for dep_context=non-requeueable deps ti=<TaskInstance: exchange_trade_data.transform_exchange_data scheduled__2024-02-26T07:02:00+00:00 [queued]>
[2024-02-26T08:13:11.189+0000] {taskinstance.py:1956} INFO - Dependencies all met for dep_context=requeueable deps ti=<TaskInstance: exchange_trade_data.transform_exchange_data scheduled__2024-02-26T07:02:00+00:00 [queued]>
[2024-02-26T08:13:11.190+0000] {taskinstance.py:2170} INFO - Starting attempt 1 of 1
[2024-02-26T08:13:11.460+0000] {taskinstance.py:2191} INFO - Executing <Task(_PythonDecoratedOperator): transform_exchange_data> on 2024-02-26 07:02:00+00:00
[2024-02-26T08:13:11.468+0000] {standard_task_runner.py:60} INFO - Started process 5806 to run task
[2024-02-26T08:13:11.475+0000] {standard_task_runner.py:87} INFO - Running: ['***', 'tasks', 'run', 'exchange_trade_data', 'transform_exchange_data', 'scheduled__2024-02-26T07:02:00+00:00', '--job-id', '75', '--raw', '--subdir', 'DAGS_FOLDER/exchange.py', '--cfg-path', '/tmp/tmp85ycejkv']
[2024-02-26T08:13:11.482+0000] {standard_task_runner.py:88} INFO - Job 75: Subtask transform_exchange_data
[2024-02-26T08:13:11.576+0000] {task_command.py:423} INFO - Running <TaskInstance: exchange_trade_data.transform_exchange_data scheduled__2024-02-26T07:02:00+00:00 [running]> on host f5283f9a0a92
[2024-02-26T08:13:11.764+0000] {taskinstance.py:2480} INFO - Exporting env vars: AIRFLOW_CTX_DAG_OWNER='***' AIRFLOW_CTX_DAG_ID='exchange_trade_data' AIRFLOW_CTX_TASK_ID='transform_exchange_data' AIRFLOW_CTX_EXECUTION_DATE='2024-02-26T07:02:00+00:00' AIRFLOW_CTX_TRY_NUMBER='1' AIRFLOW_CTX_DAG_RUN_ID='scheduled__2024-02-26T07:02:00+00:00'
[2024-02-26T08:13:11.775+0000] {python.py:201} INFO - Done. Returned value was:     exchangeId          name  ...        updated                  updated_at
0      binance       Binance  ...  1708935118977  2024-02-26T08:11:58.977000
1         gdax  Coinbase Pro  ...  1708935118049  2024-02-26T08:11:58.049000
2    digifinex     DigiFinex  ...  1708935114868  2024-02-26T08:11:54.868000
3         gate          Gate  ...  1708935118981  2024-02-26T08:11:58.981000
4   uniswap-v3  Uniswap (V3)  ...  1708935118974  2024-02-26T08:11:58.974000
..         ...           ...  ...            ...                         ...
68    coinbene      Coinbene  ...              0                        None
69   cointiger     CoinTiger  ...  1707114784242  2024-02-05T06:33:04.242000
70      hotbit        Hotbit  ...  1684920757709  2023-05-24T09:32:37.709000
71        kuna          Kuna  ...  1677701260207  2023-03-01T20:07:40.207000
72     mxc-com       MXC.COM  ...              0                        None

[73 rows x 10 columns]
[2024-02-26T08:13:11.897+0000] {taskinstance.py:1138} INFO - Marking task as SUCCESS. dag_id=exchange_trade_data, task_id=transform_exchange_data, execution_date=20240226T070200, start_date=20240226T081311, end_date=20240226T081311
[2024-02-26T08:13:11.945+0000] {local_task_job_runner.py:234} INFO - Task exited with return code 0
[2024-02-26T08:13:11.996+0000] {taskinstance.py:3280} INFO - 1 downstream tasks scheduled from follow-on schedule check
