[2024-03-01T14:35:20.553+0000] {taskinstance.py:1956} INFO - Dependencies all met for dep_context=non-requeueable deps ti=<TaskInstance: exchange_trade_data.write_to_motherduck_from_data_frame scheduled__2024-03-01T13:03:00+00:00 [queued]>
[2024-03-01T14:35:20.568+0000] {taskinstance.py:1956} INFO - Dependencies all met for dep_context=requeueable deps ti=<TaskInstance: exchange_trade_data.write_to_motherduck_from_data_frame scheduled__2024-03-01T13:03:00+00:00 [queued]>
[2024-03-01T14:35:20.568+0000] {taskinstance.py:2170} INFO - Starting attempt 1 of 1
[2024-03-01T14:35:20.757+0000] {taskinstance.py:2191} INFO - Executing <Task(_PythonDecoratedOperator): write_to_motherduck_from_data_frame> on 2024-03-01 13:03:00+00:00
[2024-03-01T14:35:20.764+0000] {standard_task_runner.py:60} INFO - Started process 82 to run task
[2024-03-01T14:35:20.771+0000] {standard_task_runner.py:87} INFO - Running: ['***', 'tasks', 'run', 'exchange_trade_data', 'write_to_motherduck_from_data_frame', 'scheduled__2024-03-01T13:03:00+00:00', '--job-id', '5', '--raw', '--subdir', 'DAGS_FOLDER/exchange.py', '--cfg-path', '/tmp/tmpj_ep8qxa']
[2024-03-01T14:35:20.773+0000] {standard_task_runner.py:88} INFO - Job 5: Subtask write_to_motherduck_from_data_frame
[2024-03-01T14:35:20.833+0000] {task_command.py:423} INFO - Running <TaskInstance: exchange_trade_data.write_to_motherduck_from_data_frame scheduled__2024-03-01T13:03:00+00:00 [running]> on host 11bab81981d3
[2024-03-01T14:35:21.078+0000] {taskinstance.py:2480} INFO - Exporting env vars: AIRFLOW_CTX_DAG_OWNER='***' AIRFLOW_CTX_DAG_ID='exchange_trade_data' AIRFLOW_CTX_TASK_ID='write_to_motherduck_from_data_frame' AIRFLOW_CTX_EXECUTION_DATE='2024-03-01T13:03:00+00:00' AIRFLOW_CTX_TRY_NUMBER='1' AIRFLOW_CTX_DAG_RUN_ID='scheduled__2024-03-01T13:03:00+00:00'
[2024-03-01T14:36:23.163+0000] {taskinstance.py:2698} ERROR - Task failed with exception
Traceback (most recent call last):
  File "/home/airflow/.local/lib/python3.8/site-packages/airflow/models/taskinstance.py", line 433, in _execute_task
    result = execute_callable(context=context, **execute_callable_kwargs)
  File "/home/airflow/.local/lib/python3.8/site-packages/airflow/decorators/base.py", line 241, in execute
    return_value = super().execute(context)
  File "/home/airflow/.local/lib/python3.8/site-packages/airflow/operators/python.py", line 199, in execute
    return_value = self.execute_callable()
  File "/home/airflow/.local/lib/python3.8/site-packages/airflow/operators/python.py", line 216, in execute_callable
    return self.python_callable(*self.op_args, **self.op_kwargs)
  File "/opt/airflow/dags/exchange.py", line 79, in write_to_motherduck_from_data_frame
    con = db.connect(f'md:{database_name}?motherduck_token={motherduck_token}')
duckdb.duckdb.InvalidInputException: Invalid Input Error: Initialization function "motherduck_init" from file "/home/***/.duckdb/extensions/v0.9.2/linux_amd64_gcc4/motherduck.duckdb_extension" threw an exception: "Invalid Input Error: Initialization function "motherduck_init" from file "/home/***/.duckdb/extensions/v0.9.2/linux_amd64_gcc4/motherduck.v1.15.18.duckdb_extension" threw an exception: "IO Error: RPC 'GET_WELCOME_PACK' failed: Jwt is not in the form of Header.Payload.Signature with two dots and 3 sections (UNAUTHENTICATED, request id: '818dfa71-de08-496d-a9a3-e69161018908')""
[2024-03-01T14:36:23.191+0000] {taskinstance.py:1138} INFO - Marking task as FAILED. dag_id=exchange_trade_data, task_id=write_to_motherduck_from_data_frame, execution_date=20240301T130300, start_date=20240301T143520, end_date=20240301T143623
[2024-03-01T14:36:23.252+0000] {standard_task_runner.py:107} ERROR - Failed to execute job 5 for task write_to_motherduck_from_data_frame (Invalid Input Error: Initialization function "motherduck_init" from file "/home/***/.duckdb/extensions/v0.9.2/linux_amd64_gcc4/motherduck.duckdb_extension" threw an exception: "Invalid Input Error: Initialization function "motherduck_init" from file "/home/***/.duckdb/extensions/v0.9.2/linux_amd64_gcc4/motherduck.v1.15.18.duckdb_extension" threw an exception: "IO Error: RPC 'GET_WELCOME_PACK' failed: Jwt is not in the form of Header.Payload.Signature with two dots and 3 sections (UNAUTHENTICATED, request id: '818dfa71-de08-496d-a9a3-e69161018908')""; 82)
[2024-03-01T14:36:23.304+0000] {local_task_job_runner.py:234} INFO - Task exited with return code 1
[2024-03-01T14:36:23.328+0000] {taskinstance.py:3280} INFO - 0 downstream tasks scheduled from follow-on schedule check
[2024-03-01T14:43:59.962+0000] {taskinstance.py:1956} INFO - Dependencies all met for dep_context=non-requeueable deps ti=<TaskInstance: exchange_trade_data.write_to_motherduck_from_data_frame scheduled__2024-03-01T13:03:00+00:00 [queued]>
[2024-03-01T14:44:00.200+0000] {taskinstance.py:1956} INFO - Dependencies all met for dep_context=requeueable deps ti=<TaskInstance: exchange_trade_data.write_to_motherduck_from_data_frame scheduled__2024-03-01T13:03:00+00:00 [queued]>
[2024-03-01T14:44:00.201+0000] {taskinstance.py:2170} INFO - Starting attempt 1 of 1
[2024-03-01T14:44:00.226+0000] {taskinstance.py:2191} INFO - Executing <Task(_PythonDecoratedOperator): write_to_motherduck_from_data_frame> on 2024-03-01 13:03:00+00:00
[2024-03-01T14:44:00.235+0000] {standard_task_runner.py:60} INFO - Started process 1633 to run task
[2024-03-01T14:44:00.242+0000] {standard_task_runner.py:87} INFO - Running: ['***', 'tasks', 'run', 'exchange_trade_data', 'write_to_motherduck_from_data_frame', 'scheduled__2024-03-01T13:03:00+00:00', '--job-id', '17', '--raw', '--subdir', 'DAGS_FOLDER/exchange.py', '--cfg-path', '/tmp/tmp6p0c84ll']
[2024-03-01T14:44:00.243+0000] {standard_task_runner.py:88} INFO - Job 17: Subtask write_to_motherduck_from_data_frame
[2024-03-01T14:44:00.310+0000] {task_command.py:423} INFO - Running <TaskInstance: exchange_trade_data.write_to_motherduck_from_data_frame scheduled__2024-03-01T13:03:00+00:00 [running]> on host 11bab81981d3
[2024-03-01T14:44:00.634+0000] {taskinstance.py:2480} INFO - Exporting env vars: AIRFLOW_CTX_DAG_OWNER='***' AIRFLOW_CTX_DAG_ID='exchange_trade_data' AIRFLOW_CTX_TASK_ID='write_to_motherduck_from_data_frame' AIRFLOW_CTX_EXECUTION_DATE='2024-03-01T13:03:00+00:00' AIRFLOW_CTX_TRY_NUMBER='1' AIRFLOW_CTX_DAG_RUN_ID='scheduled__2024-03-01T13:03:00+00:00'
[2024-03-01T14:44:04.494+0000] {logging_mixin.py:188} INFO - Successfully inserted 73 rows in exchange
[2024-03-01T14:44:04.495+0000] {python.py:201} INFO - Done. Returned value was: None
[2024-03-01T14:44:04.517+0000] {taskinstance.py:1138} INFO - Marking task as SUCCESS. dag_id=exchange_trade_data, task_id=write_to_motherduck_from_data_frame, execution_date=20240301T130300, start_date=20240301T144359, end_date=20240301T144404
[2024-03-01T14:44:04.596+0000] {local_task_job_runner.py:234} INFO - Task exited with return code 0
[2024-03-01T14:44:04.637+0000] {taskinstance.py:3280} INFO - 0 downstream tasks scheduled from follow-on schedule check
