[2024-02-27T05:52:45.844+0000] {taskinstance.py:1956} INFO - Dependencies all met for dep_context=non-requeueable deps ti=<TaskInstance: exchange_trade_data.transform_exchange_data scheduled__2024-02-27T04:02:00+00:00 [queued]>
[2024-02-27T05:52:45.860+0000] {taskinstance.py:1956} INFO - Dependencies all met for dep_context=requeueable deps ti=<TaskInstance: exchange_trade_data.transform_exchange_data scheduled__2024-02-27T04:02:00+00:00 [queued]>
[2024-02-27T05:52:45.861+0000] {taskinstance.py:2170} INFO - Starting attempt 1 of 1
[2024-02-27T05:52:45.883+0000] {taskinstance.py:2191} INFO - Executing <Task(_PythonDecoratedOperator): transform_exchange_data> on 2024-02-27 04:02:00+00:00
[2024-02-27T05:52:45.888+0000] {standard_task_runner.py:60} INFO - Started process 18642 to run task
[2024-02-27T05:52:45.893+0000] {standard_task_runner.py:87} INFO - Running: ['***', 'tasks', 'run', 'exchange_trade_data', 'transform_exchange_data', 'scheduled__2024-02-27T04:02:00+00:00', '--job-id', '75', '--raw', '--subdir', 'DAGS_FOLDER/exchange.py', '--cfg-path', '/tmp/tmpzg3amh7b']
[2024-02-27T05:52:45.895+0000] {standard_task_runner.py:88} INFO - Job 75: Subtask transform_exchange_data
[2024-02-27T05:52:45.917+0000] {logging_mixin.py:188} WARNING - /home/***/.local/lib/python3.8/site-packages/***/settings.py:194 DeprecationWarning: The sql_alchemy_conn option in [core] has been moved to the sql_alchemy_conn option in [database] - the old setting has been used, but please update your config.
[2024-02-27T05:52:45.966+0000] {task_command.py:423} INFO - Running <TaskInstance: exchange_trade_data.transform_exchange_data scheduled__2024-02-27T04:02:00+00:00 [running]> on host e16193345271
[2024-02-27T05:52:46.426+0000] {taskinstance.py:2480} INFO - Exporting env vars: AIRFLOW_CTX_DAG_OWNER='***' AIRFLOW_CTX_DAG_ID='exchange_trade_data' AIRFLOW_CTX_TASK_ID='transform_exchange_data' AIRFLOW_CTX_EXECUTION_DATE='2024-02-27T04:02:00+00:00' AIRFLOW_CTX_TRY_NUMBER='1' AIRFLOW_CTX_DAG_RUN_ID='scheduled__2024-02-27T04:02:00+00:00'
[2024-02-27T05:52:46.437+0000] {python.py:201} INFO - Done. Returned value was:        exchangeId            name  ...        updated                  updated_at
0         binance         Binance  ...  1709013116180  2024-02-27T05:51:56.180000
1            gdax    Coinbase Pro  ...  1709013113920  2024-02-27T05:51:53.920000
2       digifinex       DigiFinex  ...  1709013112327  2024-02-27T05:51:52.327000
3        whitebit        WhiteBIT  ...  1709013115890  2024-02-27T05:51:55.890000
4            gate            Gate  ...  1709013116033  2024-02-27T05:51:56.033000
..            ...             ...  ...            ...                         ...
68         bitbay          BitBay  ...              0                        None
69             zb              ZB  ...  1662264169320  2022-09-04T04:02:49.320000
70  bithumbglobal  Bithumb Global  ...  1692326335935  2023-08-18T02:38:55.935000
71   bitpanda-pro    Bitpanda Pro  ...  1704192020599  2024-01-02T10:40:20.599000
72        bittrex         Bittrex  ...              0                        None

[73 rows x 10 columns]
[2024-02-27T05:52:46.576+0000] {taskinstance.py:1138} INFO - Marking task as SUCCESS. dag_id=exchange_trade_data, task_id=transform_exchange_data, execution_date=20240227T040200, start_date=20240227T055245, end_date=20240227T055246
[2024-02-27T05:52:46.632+0000] {local_task_job_runner.py:234} INFO - Task exited with return code 0
[2024-02-27T05:52:46.672+0000] {taskinstance.py:3280} INFO - 1 downstream tasks scheduled from follow-on schedule check
