[2024-02-26T16:56:24.696+0000] {taskinstance.py:1956} INFO - Dependencies all met for dep_context=non-requeueable deps ti=<TaskInstance: exchange_trade_data.transform_exchange_data manual__2024-02-26T16:56:14.570690+00:00 [queued]>
[2024-02-26T16:56:24.708+0000] {taskinstance.py:1956} INFO - Dependencies all met for dep_context=requeueable deps ti=<TaskInstance: exchange_trade_data.transform_exchange_data manual__2024-02-26T16:56:14.570690+00:00 [queued]>
[2024-02-26T16:56:24.708+0000] {taskinstance.py:2170} INFO - Starting attempt 1 of 1
[2024-02-26T16:56:24.727+0000] {taskinstance.py:2191} INFO - Executing <Task(_PythonDecoratedOperator): transform_exchange_data> on 2024-02-26 16:56:14.570690+00:00
[2024-02-26T16:56:24.735+0000] {standard_task_runner.py:60} INFO - Started process 4953 to run task
[2024-02-26T16:56:24.750+0000] {standard_task_runner.py:87} INFO - Running: ['***', 'tasks', 'run', 'exchange_trade_data', 'transform_exchange_data', 'manual__2024-02-26T16:56:14.570690+00:00', '--job-id', '16', '--raw', '--subdir', 'DAGS_FOLDER/exchange.py', '--cfg-path', '/tmp/tmp9i7rb3o2']
[2024-02-26T16:56:24.755+0000] {standard_task_runner.py:88} INFO - Job 16: Subtask transform_exchange_data
[2024-02-26T16:56:24.795+0000] {logging_mixin.py:188} WARNING - /home/***/.local/lib/python3.8/site-packages/***/settings.py:194 DeprecationWarning: The sql_alchemy_conn option in [core] has been moved to the sql_alchemy_conn option in [database] - the old setting has been used, but please update your config.
[2024-02-26T16:56:24.890+0000] {task_command.py:423} INFO - Running <TaskInstance: exchange_trade_data.transform_exchange_data manual__2024-02-26T16:56:14.570690+00:00 [running]> on host e16193345271
[2024-02-26T16:56:25.485+0000] {taskinstance.py:2480} INFO - Exporting env vars: AIRFLOW_CTX_DAG_OWNER='***' AIRFLOW_CTX_DAG_ID='exchange_trade_data' AIRFLOW_CTX_TASK_ID='transform_exchange_data' AIRFLOW_CTX_EXECUTION_DATE='2024-02-26T16:56:14.570690+00:00' AIRFLOW_CTX_TRY_NUMBER='1' AIRFLOW_CTX_DAG_RUN_ID='manual__2024-02-26T16:56:14.570690+00:00'
[2024-02-26T16:56:25.489+0000] {python.py:201} INFO - Done. Returned value was:         exchangeId              name  ...        updated                  updated_at
0          binance           Binance  ...  1708966553653  2024-02-26T16:55:53.653000
1             gdax      Coinbase Pro  ...  1708966562468  2024-02-26T16:56:02.468000
2        digifinex         DigiFinex  ...  1708966562100  2024-02-26T16:56:02.100000
3             gate              Gate  ...  1708966562577  2024-02-26T16:56:02.577000
4           kraken            Kraken  ...  1708966562206  2024-02-26T16:56:02.206000
..             ...               ...  ...            ...                         ...
68  therocktrading  The Rock Trading  ...  1676660097265  2023-02-17T18:54:57.265000
69       thorchain         THORChain  ...  1668435396236  2022-11-14T14:16:36.236000
70         uniswap      Uniswap (V2)  ...  1684766506217  2023-05-22T14:41:46.217000
71              zb                ZB  ...  1662264169320  2022-09-04T04:02:49.320000
72            zaif              Zaif  ...  1666250109990  2022-10-20T07:15:09.990000

[73 rows x 10 columns]
[2024-02-26T16:56:25.573+0000] {taskinstance.py:1138} INFO - Marking task as SUCCESS. dag_id=exchange_trade_data, task_id=transform_exchange_data, execution_date=20240226T165614, start_date=20240226T165624, end_date=20240226T165625
[2024-02-26T16:56:25.607+0000] {local_task_job_runner.py:234} INFO - Task exited with return code 0
[2024-02-26T16:56:25.638+0000] {taskinstance.py:3280} INFO - 1 downstream tasks scheduled from follow-on schedule check
