[2024-02-26T17:12:44.551+0000] {taskinstance.py:1956} INFO - Dependencies all met for dep_context=non-requeueable deps ti=<TaskInstance: exchange_trade_data.transform_exchange_data manual__2024-02-26T17:12:35.169370+00:00 [queued]>
[2024-02-26T17:12:44.626+0000] {taskinstance.py:1956} INFO - Dependencies all met for dep_context=requeueable deps ti=<TaskInstance: exchange_trade_data.transform_exchange_data manual__2024-02-26T17:12:35.169370+00:00 [queued]>
[2024-02-26T17:12:44.627+0000] {taskinstance.py:2170} INFO - Starting attempt 1 of 1
[2024-02-26T17:12:44.773+0000] {taskinstance.py:2191} INFO - Executing <Task(_PythonDecoratedOperator): transform_exchange_data> on 2024-02-26 17:12:35.169370+00:00
[2024-02-26T17:12:44.807+0000] {standard_task_runner.py:60} INFO - Started process 7135 to run task
[2024-02-26T17:12:44.822+0000] {standard_task_runner.py:87} INFO - Running: ['***', 'tasks', 'run', 'exchange_trade_data', 'transform_exchange_data', 'manual__2024-02-26T17:12:35.169370+00:00', '--job-id', '31', '--raw', '--subdir', 'DAGS_FOLDER/exchange.py', '--cfg-path', '/tmp/tmpj9c67lbf']
[2024-02-26T17:12:44.824+0000] {standard_task_runner.py:88} INFO - Job 31: Subtask transform_exchange_data
[2024-02-26T17:12:44.885+0000] {logging_mixin.py:188} WARNING - /home/***/.local/lib/python3.8/site-packages/***/settings.py:194 DeprecationWarning: The sql_alchemy_conn option in [core] has been moved to the sql_alchemy_conn option in [database] - the old setting has been used, but please update your config.
[2024-02-26T17:12:44.966+0000] {task_command.py:423} INFO - Running <TaskInstance: exchange_trade_data.transform_exchange_data manual__2024-02-26T17:12:35.169370+00:00 [running]> on host e16193345271
[2024-02-26T17:12:46.008+0000] {taskinstance.py:2480} INFO - Exporting env vars: AIRFLOW_CTX_DAG_OWNER='***' AIRFLOW_CTX_DAG_ID='exchange_trade_data' AIRFLOW_CTX_TASK_ID='transform_exchange_data' AIRFLOW_CTX_EXECUTION_DATE='2024-02-26T17:12:35.169370+00:00' AIRFLOW_CTX_TRY_NUMBER='1' AIRFLOW_CTX_DAG_RUN_ID='manual__2024-02-26T17:12:35.169370+00:00'
[2024-02-26T17:12:46.021+0000] {python.py:201} INFO - Done. Returned value was:         exchangeId            name  ...        updated                  updated_at
0          binance         Binance  ...  1708967534188  2024-02-26T17:12:14.188000
1             gdax    Coinbase Pro  ...  1708967537620  2024-02-26T17:12:17.620000
2        digifinex       DigiFinex  ...  1708967529902  2024-02-26T17:12:09.902000
3             gate            Gate  ...  1708967536379  2024-02-26T17:12:16.379000
4           kraken          Kraken  ...  1708967537276  2024-02-26T17:12:17.276000
..             ...             ...  ...            ...                         ...
68         bittrex         Bittrex  ...              0                        None
69            bkex            Bkex  ...              0                        None
70  blockchain-com  Blockchain.com  ...              0                        None
71        coinbene        Coinbene  ...              0                        None
72       cointiger       CoinTiger  ...  1707114784242  2024-02-05T06:33:04.242000

[73 rows x 10 columns]
[2024-02-26T17:12:46.392+0000] {taskinstance.py:1138} INFO - Marking task as SUCCESS. dag_id=exchange_trade_data, task_id=transform_exchange_data, execution_date=20240226T171235, start_date=20240226T171244, end_date=20240226T171246
[2024-02-26T17:12:46.505+0000] {local_task_job_runner.py:234} INFO - Task exited with return code 0
[2024-02-26T17:12:46.598+0000] {taskinstance.py:3280} INFO - 1 downstream tasks scheduled from follow-on schedule check
