[2024-03-01T14:29:00.463+0000] {processor.py:161} INFO - Started process (PID=78) to work on /home/airflow/.local/lib/python3.8/site-packages/airflow/example_dags/example_subdag_operator.py
[2024-03-01T14:29:00.465+0000] {processor.py:830} INFO - Processing file /home/airflow/.local/lib/python3.8/site-packages/airflow/example_dags/example_subdag_operator.py for tasks to queue
[2024-03-01T14:29:00.487+0000] {logging_mixin.py:188} INFO - [2024-03-01T14:29:00.486+0000] {dagbag.py:538} INFO - Filling up the DagBag from /home/airflow/.local/lib/python3.8/site-packages/airflow/example_dags/example_subdag_operator.py
[2024-03-01T14:29:01.601+0000] {processor.py:840} INFO - DAG(s) 'example_subdag_operator.section-1', 'example_subdag_operator.section-2', 'example_subdag_operator' retrieved from /home/airflow/.local/lib/python3.8/site-packages/airflow/example_dags/example_subdag_operator.py
[2024-03-01T14:29:04.148+0000] {logging_mixin.py:188} INFO - [2024-03-01T14:29:04.147+0000] {dag.py:3036} INFO - Sync 3 DAGs
[2024-03-01T14:29:04.609+0000] {logging_mixin.py:188} INFO - [2024-03-01T14:29:04.609+0000] {dag.py:3823} INFO - Setting next_dagrun for example_subdag_operator to 2022-01-01 00:00:00+00:00, run_after=2022-01-01 00:00:00+00:00
[2024-03-01T14:29:04.688+0000] {logging_mixin.py:188} INFO - [2024-03-01T14:29:04.688+0000] {dag.py:3823} INFO - Setting next_dagrun for example_subdag_operator.section-1 to None, run_after=None
[2024-03-01T14:29:04.773+0000] {logging_mixin.py:188} INFO - [2024-03-01T14:29:04.772+0000] {dag.py:3823} INFO - Setting next_dagrun for example_subdag_operator.section-2 to None, run_after=None
[2024-03-01T14:29:05.162+0000] {logging_mixin.py:188} INFO - [2024-03-01T14:29:05.121+0000] {dag.py:3036} INFO - Sync 2 DAGs
[2024-03-01T14:29:05.249+0000] {logging_mixin.py:188} INFO - [2024-03-01T14:29:05.249+0000] {dag.py:3823} INFO - Setting next_dagrun for example_subdag_operator.section-1 to None, run_after=None
[2024-03-01T14:29:05.295+0000] {logging_mixin.py:188} INFO - [2024-03-01T14:29:05.250+0000] {dag.py:3823} INFO - Setting next_dagrun for example_subdag_operator.section-2 to None, run_after=None
[2024-03-01T14:29:05.523+0000] {processor.py:183} INFO - Processing /home/airflow/.local/lib/python3.8/site-packages/airflow/example_dags/example_subdag_operator.py took 5.133 seconds
[2024-03-01T14:29:42.215+0000] {processor.py:161} INFO - Started process (PID=146) to work on /home/airflow/.local/lib/python3.8/site-packages/airflow/example_dags/example_subdag_operator.py
[2024-03-01T14:29:42.226+0000] {processor.py:830} INFO - Processing file /home/airflow/.local/lib/python3.8/site-packages/airflow/example_dags/example_subdag_operator.py for tasks to queue
[2024-03-01T14:29:42.251+0000] {logging_mixin.py:188} INFO - [2024-03-01T14:29:42.250+0000] {dagbag.py:538} INFO - Filling up the DagBag from /home/airflow/.local/lib/python3.8/site-packages/airflow/example_dags/example_subdag_operator.py
[2024-03-01T14:29:42.580+0000] {processor.py:840} INFO - DAG(s) 'example_subdag_operator.section-1', 'example_subdag_operator.section-2', 'example_subdag_operator' retrieved from /home/airflow/.local/lib/python3.8/site-packages/airflow/example_dags/example_subdag_operator.py
[2024-03-01T14:29:42.665+0000] {logging_mixin.py:188} INFO - [2024-03-01T14:29:42.664+0000] {dag.py:3036} INFO - Sync 3 DAGs
[2024-03-01T14:29:42.771+0000] {logging_mixin.py:188} INFO - [2024-03-01T14:29:42.770+0000] {dag.py:3823} INFO - Setting next_dagrun for example_subdag_operator to 2022-01-01 00:00:00+00:00, run_after=2022-01-01 00:00:00+00:00
[2024-03-01T14:29:42.810+0000] {logging_mixin.py:188} INFO - [2024-03-01T14:29:42.810+0000] {dag.py:3823} INFO - Setting next_dagrun for example_subdag_operator.section-1 to None, run_after=None
[2024-03-01T14:29:42.818+0000] {logging_mixin.py:188} INFO - [2024-03-01T14:29:42.817+0000] {dag.py:3823} INFO - Setting next_dagrun for example_subdag_operator.section-2 to None, run_after=None
[2024-03-01T14:29:42.859+0000] {logging_mixin.py:188} INFO - [2024-03-01T14:29:42.858+0000] {dag.py:3036} INFO - Sync 2 DAGs
[2024-03-01T14:29:42.878+0000] {logging_mixin.py:188} INFO - [2024-03-01T14:29:42.877+0000] {dag.py:3823} INFO - Setting next_dagrun for example_subdag_operator.section-1 to None, run_after=None
[2024-03-01T14:29:42.879+0000] {logging_mixin.py:188} INFO - [2024-03-01T14:29:42.879+0000] {dag.py:3823} INFO - Setting next_dagrun for example_subdag_operator.section-2 to None, run_after=None
[2024-03-01T14:29:42.912+0000] {processor.py:183} INFO - Processing /home/airflow/.local/lib/python3.8/site-packages/airflow/example_dags/example_subdag_operator.py took 0.743 seconds
[2024-03-01T14:30:13.155+0000] {processor.py:161} INFO - Started process (PID=208) to work on /home/airflow/.local/lib/python3.8/site-packages/airflow/example_dags/example_subdag_operator.py
[2024-03-01T14:30:13.156+0000] {processor.py:830} INFO - Processing file /home/airflow/.local/lib/python3.8/site-packages/airflow/example_dags/example_subdag_operator.py for tasks to queue
[2024-03-01T14:30:13.160+0000] {logging_mixin.py:188} INFO - [2024-03-01T14:30:13.159+0000] {dagbag.py:538} INFO - Filling up the DagBag from /home/airflow/.local/lib/python3.8/site-packages/airflow/example_dags/example_subdag_operator.py
[2024-03-01T14:30:13.232+0000] {processor.py:840} INFO - DAG(s) 'example_subdag_operator.section-1', 'example_subdag_operator.section-2', 'example_subdag_operator' retrieved from /home/airflow/.local/lib/python3.8/site-packages/airflow/example_dags/example_subdag_operator.py
[2024-03-01T14:30:13.275+0000] {logging_mixin.py:188} INFO - [2024-03-01T14:30:13.274+0000] {dag.py:3036} INFO - Sync 3 DAGs
[2024-03-01T14:30:13.318+0000] {logging_mixin.py:188} INFO - [2024-03-01T14:30:13.318+0000] {dag.py:3823} INFO - Setting next_dagrun for example_subdag_operator to 2022-01-01 00:00:00+00:00, run_after=2022-01-01 00:00:00+00:00
[2024-03-01T14:30:13.325+0000] {logging_mixin.py:188} INFO - [2024-03-01T14:30:13.325+0000] {dag.py:3823} INFO - Setting next_dagrun for example_subdag_operator.section-1 to None, run_after=None
[2024-03-01T14:30:13.328+0000] {logging_mixin.py:188} INFO - [2024-03-01T14:30:13.328+0000] {dag.py:3823} INFO - Setting next_dagrun for example_subdag_operator.section-2 to None, run_after=None
[2024-03-01T14:30:13.343+0000] {logging_mixin.py:188} INFO - [2024-03-01T14:30:13.343+0000] {dag.py:3036} INFO - Sync 2 DAGs
[2024-03-01T14:30:13.355+0000] {logging_mixin.py:188} INFO - [2024-03-01T14:30:13.354+0000] {dag.py:3823} INFO - Setting next_dagrun for example_subdag_operator.section-1 to None, run_after=None
[2024-03-01T14:30:13.362+0000] {logging_mixin.py:188} INFO - [2024-03-01T14:30:13.356+0000] {dag.py:3823} INFO - Setting next_dagrun for example_subdag_operator.section-2 to None, run_after=None
[2024-03-01T14:30:13.423+0000] {processor.py:183} INFO - Processing /home/airflow/.local/lib/python3.8/site-packages/airflow/example_dags/example_subdag_operator.py took 0.277 seconds
[2024-03-01T14:30:43.698+0000] {processor.py:161} INFO - Started process (PID=270) to work on /home/airflow/.local/lib/python3.8/site-packages/airflow/example_dags/example_subdag_operator.py
[2024-03-01T14:30:43.701+0000] {processor.py:830} INFO - Processing file /home/airflow/.local/lib/python3.8/site-packages/airflow/example_dags/example_subdag_operator.py for tasks to queue
[2024-03-01T14:30:43.704+0000] {logging_mixin.py:188} INFO - [2024-03-01T14:30:43.704+0000] {dagbag.py:538} INFO - Filling up the DagBag from /home/airflow/.local/lib/python3.8/site-packages/airflow/example_dags/example_subdag_operator.py
[2024-03-01T14:30:43.808+0000] {processor.py:840} INFO - DAG(s) 'example_subdag_operator.section-1', 'example_subdag_operator.section-2', 'example_subdag_operator' retrieved from /home/airflow/.local/lib/python3.8/site-packages/airflow/example_dags/example_subdag_operator.py
[2024-03-01T14:30:43.845+0000] {logging_mixin.py:188} INFO - [2024-03-01T14:30:43.845+0000] {dag.py:3036} INFO - Sync 3 DAGs
[2024-03-01T14:30:43.900+0000] {logging_mixin.py:188} INFO - [2024-03-01T14:30:43.899+0000] {dag.py:3823} INFO - Setting next_dagrun for example_subdag_operator to 2022-01-01 00:00:00+00:00, run_after=2022-01-01 00:00:00+00:00
[2024-03-01T14:30:43.923+0000] {logging_mixin.py:188} INFO - [2024-03-01T14:30:43.922+0000] {dag.py:3823} INFO - Setting next_dagrun for example_subdag_operator.section-1 to None, run_after=None
[2024-03-01T14:30:43.926+0000] {logging_mixin.py:188} INFO - [2024-03-01T14:30:43.925+0000] {dag.py:3823} INFO - Setting next_dagrun for example_subdag_operator.section-2 to None, run_after=None
[2024-03-01T14:30:43.962+0000] {logging_mixin.py:188} INFO - [2024-03-01T14:30:43.961+0000] {dag.py:3036} INFO - Sync 2 DAGs
[2024-03-01T14:30:43.983+0000] {logging_mixin.py:188} INFO - [2024-03-01T14:30:43.982+0000] {dag.py:3823} INFO - Setting next_dagrun for example_subdag_operator.section-1 to None, run_after=None
[2024-03-01T14:30:43.989+0000] {logging_mixin.py:188} INFO - [2024-03-01T14:30:43.989+0000] {dag.py:3823} INFO - Setting next_dagrun for example_subdag_operator.section-2 to None, run_after=None
[2024-03-01T14:30:44.059+0000] {processor.py:183} INFO - Processing /home/airflow/.local/lib/python3.8/site-packages/airflow/example_dags/example_subdag_operator.py took 0.367 seconds
[2024-03-01T14:31:17.666+0000] {processor.py:161} INFO - Started process (PID=331) to work on /home/airflow/.local/lib/python3.8/site-packages/airflow/example_dags/example_subdag_operator.py
[2024-03-01T14:31:17.668+0000] {processor.py:830} INFO - Processing file /home/airflow/.local/lib/python3.8/site-packages/airflow/example_dags/example_subdag_operator.py for tasks to queue
[2024-03-01T14:31:17.683+0000] {logging_mixin.py:188} INFO - [2024-03-01T14:31:17.682+0000] {dagbag.py:538} INFO - Filling up the DagBag from /home/airflow/.local/lib/python3.8/site-packages/airflow/example_dags/example_subdag_operator.py
[2024-03-01T14:31:17.811+0000] {processor.py:840} INFO - DAG(s) 'example_subdag_operator.section-1', 'example_subdag_operator.section-2', 'example_subdag_operator' retrieved from /home/airflow/.local/lib/python3.8/site-packages/airflow/example_dags/example_subdag_operator.py
[2024-03-01T14:31:17.943+0000] {logging_mixin.py:188} INFO - [2024-03-01T14:31:17.942+0000] {dag.py:3036} INFO - Sync 3 DAGs
[2024-03-01T14:31:18.051+0000] {logging_mixin.py:188} INFO - [2024-03-01T14:31:18.050+0000] {dag.py:3823} INFO - Setting next_dagrun for example_subdag_operator to 2022-01-01 00:00:00+00:00, run_after=2022-01-01 00:00:00+00:00
[2024-03-01T14:31:18.061+0000] {logging_mixin.py:188} INFO - [2024-03-01T14:31:18.061+0000] {dag.py:3823} INFO - Setting next_dagrun for example_subdag_operator.section-1 to None, run_after=None
[2024-03-01T14:31:18.066+0000] {logging_mixin.py:188} INFO - [2024-03-01T14:31:18.065+0000] {dag.py:3823} INFO - Setting next_dagrun for example_subdag_operator.section-2 to None, run_after=None
[2024-03-01T14:31:18.101+0000] {logging_mixin.py:188} INFO - [2024-03-01T14:31:18.101+0000] {dag.py:3036} INFO - Sync 2 DAGs
[2024-03-01T14:31:18.128+0000] {logging_mixin.py:188} INFO - [2024-03-01T14:31:18.128+0000] {dag.py:3823} INFO - Setting next_dagrun for example_subdag_operator.section-1 to None, run_after=None
[2024-03-01T14:31:18.137+0000] {logging_mixin.py:188} INFO - [2024-03-01T14:31:18.136+0000] {dag.py:3823} INFO - Setting next_dagrun for example_subdag_operator.section-2 to None, run_after=None
[2024-03-01T14:31:18.178+0000] {processor.py:183} INFO - Processing /home/airflow/.local/lib/python3.8/site-packages/airflow/example_dags/example_subdag_operator.py took 0.542 seconds
