[2024-03-01T14:29:20.097+0000] {processor.py:161} INFO - Started process (PID=96) to work on /home/airflow/.local/lib/python3.8/site-packages/airflow/example_dags/example_dag_decorator.py
[2024-03-01T14:29:20.098+0000] {processor.py:830} INFO - Processing file /home/airflow/.local/lib/python3.8/site-packages/airflow/example_dags/example_dag_decorator.py for tasks to queue
[2024-03-01T14:29:20.101+0000] {logging_mixin.py:188} INFO - [2024-03-01T14:29:20.100+0000] {dagbag.py:538} INFO - Filling up the DagBag from /home/airflow/.local/lib/python3.8/site-packages/airflow/example_dags/example_dag_decorator.py
[2024-03-01T14:29:22.191+0000] {processor.py:840} INFO - DAG(s) 'example_dag_decorator' retrieved from /home/airflow/.local/lib/python3.8/site-packages/airflow/example_dags/example_dag_decorator.py
[2024-03-01T14:29:24.796+0000] {logging_mixin.py:188} INFO - [2024-03-01T14:29:24.796+0000] {dag.py:3036} INFO - Sync 1 DAGs
[2024-03-01T14:29:24.898+0000] {logging_mixin.py:188} INFO - [2024-03-01T14:29:24.898+0000] {dag.py:3823} INFO - Setting next_dagrun for example_dag_decorator to None, run_after=None
[2024-03-01T14:29:25.509+0000] {processor.py:183} INFO - Processing /home/airflow/.local/lib/python3.8/site-packages/airflow/example_dags/example_dag_decorator.py took 5.457 seconds
[2024-03-01T14:29:56.611+0000] {processor.py:161} INFO - Started process (PID=159) to work on /home/airflow/.local/lib/python3.8/site-packages/airflow/example_dags/example_dag_decorator.py
[2024-03-01T14:29:56.613+0000] {processor.py:830} INFO - Processing file /home/airflow/.local/lib/python3.8/site-packages/airflow/example_dags/example_dag_decorator.py for tasks to queue
[2024-03-01T14:29:56.617+0000] {logging_mixin.py:188} INFO - [2024-03-01T14:29:56.616+0000] {dagbag.py:538} INFO - Filling up the DagBag from /home/airflow/.local/lib/python3.8/site-packages/airflow/example_dags/example_dag_decorator.py
[2024-03-01T14:29:56.914+0000] {processor.py:840} INFO - DAG(s) 'example_dag_decorator' retrieved from /home/airflow/.local/lib/python3.8/site-packages/airflow/example_dags/example_dag_decorator.py
[2024-03-01T14:29:57.194+0000] {logging_mixin.py:188} INFO - [2024-03-01T14:29:57.194+0000] {dag.py:3036} INFO - Sync 1 DAGs
[2024-03-01T14:29:57.219+0000] {logging_mixin.py:188} INFO - [2024-03-01T14:29:57.219+0000] {dag.py:3823} INFO - Setting next_dagrun for example_dag_decorator to None, run_after=None
[2024-03-01T14:29:57.288+0000] {processor.py:183} INFO - Processing /home/airflow/.local/lib/python3.8/site-packages/airflow/example_dags/example_dag_decorator.py took 0.691 seconds
[2024-03-01T14:30:28.298+0000] {processor.py:161} INFO - Started process (PID=221) to work on /home/airflow/.local/lib/python3.8/site-packages/airflow/example_dags/example_dag_decorator.py
[2024-03-01T14:30:28.322+0000] {processor.py:830} INFO - Processing file /home/airflow/.local/lib/python3.8/site-packages/airflow/example_dags/example_dag_decorator.py for tasks to queue
[2024-03-01T14:30:28.334+0000] {logging_mixin.py:188} INFO - [2024-03-01T14:30:28.333+0000] {dagbag.py:538} INFO - Filling up the DagBag from /home/airflow/.local/lib/python3.8/site-packages/airflow/example_dags/example_dag_decorator.py
[2024-03-01T14:30:28.973+0000] {processor.py:840} INFO - DAG(s) 'example_dag_decorator' retrieved from /home/airflow/.local/lib/python3.8/site-packages/airflow/example_dags/example_dag_decorator.py
[2024-03-01T14:30:29.635+0000] {logging_mixin.py:188} INFO - [2024-03-01T14:30:29.634+0000] {dag.py:3036} INFO - Sync 1 DAGs
[2024-03-01T14:30:29.704+0000] {logging_mixin.py:188} INFO - [2024-03-01T14:30:29.703+0000] {dag.py:3823} INFO - Setting next_dagrun for example_dag_decorator to None, run_after=None
[2024-03-01T14:30:29.816+0000] {processor.py:183} INFO - Processing /home/airflow/.local/lib/python3.8/site-packages/airflow/example_dags/example_dag_decorator.py took 1.530 seconds
[2024-03-01T14:31:00.006+0000] {processor.py:161} INFO - Started process (PID=283) to work on /home/airflow/.local/lib/python3.8/site-packages/airflow/example_dags/example_dag_decorator.py
[2024-03-01T14:31:00.008+0000] {processor.py:830} INFO - Processing file /home/airflow/.local/lib/python3.8/site-packages/airflow/example_dags/example_dag_decorator.py for tasks to queue
[2024-03-01T14:31:00.012+0000] {logging_mixin.py:188} INFO - [2024-03-01T14:31:00.011+0000] {dagbag.py:538} INFO - Filling up the DagBag from /home/airflow/.local/lib/python3.8/site-packages/airflow/example_dags/example_dag_decorator.py
[2024-03-01T14:31:00.539+0000] {processor.py:840} INFO - DAG(s) 'example_dag_decorator' retrieved from /home/airflow/.local/lib/python3.8/site-packages/airflow/example_dags/example_dag_decorator.py
[2024-03-01T14:31:00.901+0000] {logging_mixin.py:188} INFO - [2024-03-01T14:31:00.900+0000] {dag.py:3036} INFO - Sync 1 DAGs
[2024-03-01T14:31:00.945+0000] {logging_mixin.py:188} INFO - [2024-03-01T14:31:00.944+0000] {dag.py:3823} INFO - Setting next_dagrun for example_dag_decorator to None, run_after=None
[2024-03-01T14:31:00.989+0000] {processor.py:183} INFO - Processing /home/airflow/.local/lib/python3.8/site-packages/airflow/example_dags/example_dag_decorator.py took 1.000 seconds
[2024-03-01T14:31:31.079+0000] {processor.py:161} INFO - Started process (PID=344) to work on /home/airflow/.local/lib/python3.8/site-packages/airflow/example_dags/example_dag_decorator.py
[2024-03-01T14:31:31.080+0000] {processor.py:830} INFO - Processing file /home/airflow/.local/lib/python3.8/site-packages/airflow/example_dags/example_dag_decorator.py for tasks to queue
[2024-03-01T14:31:31.083+0000] {logging_mixin.py:188} INFO - [2024-03-01T14:31:31.082+0000] {dagbag.py:538} INFO - Filling up the DagBag from /home/airflow/.local/lib/python3.8/site-packages/airflow/example_dags/example_dag_decorator.py
[2024-03-01T14:31:31.217+0000] {processor.py:840} INFO - DAG(s) 'example_dag_decorator' retrieved from /home/airflow/.local/lib/python3.8/site-packages/airflow/example_dags/example_dag_decorator.py
[2024-03-01T14:31:31.370+0000] {logging_mixin.py:188} INFO - [2024-03-01T14:31:31.370+0000] {dag.py:3036} INFO - Sync 1 DAGs
[2024-03-01T14:31:31.389+0000] {logging_mixin.py:188} INFO - [2024-03-01T14:31:31.388+0000] {dag.py:3823} INFO - Setting next_dagrun for example_dag_decorator to None, run_after=None
[2024-03-01T14:31:31.441+0000] {processor.py:183} INFO - Processing /home/airflow/.local/lib/python3.8/site-packages/airflow/example_dags/example_dag_decorator.py took 0.366 seconds
