[2024-03-01T14:29:26.050+0000] {processor.py:161} INFO - Started process (PID=99) to work on /home/airflow/.local/lib/python3.8/site-packages/airflow/example_dags/example_xcomargs.py
[2024-03-01T14:29:26.057+0000] {processor.py:830} INFO - Processing file /home/airflow/.local/lib/python3.8/site-packages/airflow/example_dags/example_xcomargs.py for tasks to queue
[2024-03-01T14:29:26.060+0000] {logging_mixin.py:188} INFO - [2024-03-01T14:29:26.060+0000] {dagbag.py:538} INFO - Filling up the DagBag from /home/airflow/.local/lib/python3.8/site-packages/airflow/example_dags/example_xcomargs.py
[2024-03-01T14:29:26.145+0000] {processor.py:840} INFO - DAG(s) 'example_xcom_args_with_operators', 'example_xcom_args' retrieved from /home/airflow/.local/lib/python3.8/site-packages/airflow/example_dags/example_xcomargs.py
[2024-03-01T14:29:28.325+0000] {logging_mixin.py:188} INFO - [2024-03-01T14:29:28.291+0000] {dag.py:3036} INFO - Sync 2 DAGs
[2024-03-01T14:29:28.456+0000] {logging_mixin.py:188} INFO - [2024-03-01T14:29:28.455+0000] {dag.py:3823} INFO - Setting next_dagrun for example_xcom_args to None, run_after=None
[2024-03-01T14:29:28.520+0000] {logging_mixin.py:188} INFO - [2024-03-01T14:29:28.519+0000] {dag.py:3823} INFO - Setting next_dagrun for example_xcom_args_with_operators to None, run_after=None
[2024-03-01T14:29:28.923+0000] {processor.py:183} INFO - Processing /home/airflow/.local/lib/python3.8/site-packages/airflow/example_dags/example_xcomargs.py took 2.949 seconds
[2024-03-01T14:29:59.786+0000] {processor.py:161} INFO - Started process (PID=161) to work on /home/airflow/.local/lib/python3.8/site-packages/airflow/example_dags/example_xcomargs.py
[2024-03-01T14:29:59.794+0000] {processor.py:830} INFO - Processing file /home/airflow/.local/lib/python3.8/site-packages/airflow/example_dags/example_xcomargs.py for tasks to queue
[2024-03-01T14:29:59.799+0000] {logging_mixin.py:188} INFO - [2024-03-01T14:29:59.799+0000] {dagbag.py:538} INFO - Filling up the DagBag from /home/airflow/.local/lib/python3.8/site-packages/airflow/example_dags/example_xcomargs.py
[2024-03-01T14:29:59.843+0000] {processor.py:840} INFO - DAG(s) 'example_xcom_args_with_operators', 'example_xcom_args' retrieved from /home/airflow/.local/lib/python3.8/site-packages/airflow/example_dags/example_xcomargs.py
[2024-03-01T14:30:00.048+0000] {logging_mixin.py:188} INFO - [2024-03-01T14:30:00.047+0000] {dag.py:3036} INFO - Sync 2 DAGs
[2024-03-01T14:30:00.104+0000] {logging_mixin.py:188} INFO - [2024-03-01T14:30:00.104+0000] {dag.py:3823} INFO - Setting next_dagrun for example_xcom_args to None, run_after=None
[2024-03-01T14:30:00.114+0000] {logging_mixin.py:188} INFO - [2024-03-01T14:30:00.113+0000] {dag.py:3823} INFO - Setting next_dagrun for example_xcom_args_with_operators to None, run_after=None
[2024-03-01T14:30:00.165+0000] {processor.py:183} INFO - Processing /home/airflow/.local/lib/python3.8/site-packages/airflow/example_dags/example_xcomargs.py took 0.391 seconds
[2024-03-01T14:30:30.505+0000] {processor.py:161} INFO - Started process (PID=223) to work on /home/airflow/.local/lib/python3.8/site-packages/airflow/example_dags/example_xcomargs.py
[2024-03-01T14:30:30.506+0000] {processor.py:830} INFO - Processing file /home/airflow/.local/lib/python3.8/site-packages/airflow/example_dags/example_xcomargs.py for tasks to queue
[2024-03-01T14:30:30.510+0000] {logging_mixin.py:188} INFO - [2024-03-01T14:30:30.509+0000] {dagbag.py:538} INFO - Filling up the DagBag from /home/airflow/.local/lib/python3.8/site-packages/airflow/example_dags/example_xcomargs.py
[2024-03-01T14:30:30.557+0000] {processor.py:840} INFO - DAG(s) 'example_xcom_args_with_operators', 'example_xcom_args' retrieved from /home/airflow/.local/lib/python3.8/site-packages/airflow/example_dags/example_xcomargs.py
[2024-03-01T14:30:30.630+0000] {logging_mixin.py:188} INFO - [2024-03-01T14:30:30.629+0000] {dag.py:3036} INFO - Sync 2 DAGs
[2024-03-01T14:30:30.679+0000] {logging_mixin.py:188} INFO - [2024-03-01T14:30:30.679+0000] {dag.py:3823} INFO - Setting next_dagrun for example_xcom_args to None, run_after=None
[2024-03-01T14:30:30.701+0000] {logging_mixin.py:188} INFO - [2024-03-01T14:30:30.700+0000] {dag.py:3823} INFO - Setting next_dagrun for example_xcom_args_with_operators to None, run_after=None
[2024-03-01T14:30:30.775+0000] {processor.py:183} INFO - Processing /home/airflow/.local/lib/python3.8/site-packages/airflow/example_dags/example_xcomargs.py took 0.295 seconds
[2024-03-01T14:31:01.043+0000] {processor.py:161} INFO - Started process (PID=285) to work on /home/airflow/.local/lib/python3.8/site-packages/airflow/example_dags/example_xcomargs.py
[2024-03-01T14:31:01.051+0000] {processor.py:830} INFO - Processing file /home/airflow/.local/lib/python3.8/site-packages/airflow/example_dags/example_xcomargs.py for tasks to queue
[2024-03-01T14:31:01.056+0000] {logging_mixin.py:188} INFO - [2024-03-01T14:31:01.055+0000] {dagbag.py:538} INFO - Filling up the DagBag from /home/airflow/.local/lib/python3.8/site-packages/airflow/example_dags/example_xcomargs.py
[2024-03-01T14:31:01.096+0000] {processor.py:840} INFO - DAG(s) 'example_xcom_args_with_operators', 'example_xcom_args' retrieved from /home/airflow/.local/lib/python3.8/site-packages/airflow/example_dags/example_xcomargs.py
[2024-03-01T14:31:01.213+0000] {logging_mixin.py:188} INFO - [2024-03-01T14:31:01.213+0000] {dag.py:3036} INFO - Sync 2 DAGs
[2024-03-01T14:31:01.267+0000] {logging_mixin.py:188} INFO - [2024-03-01T14:31:01.267+0000] {dag.py:3823} INFO - Setting next_dagrun for example_xcom_args to None, run_after=None
[2024-03-01T14:31:01.279+0000] {logging_mixin.py:188} INFO - [2024-03-01T14:31:01.275+0000] {dag.py:3823} INFO - Setting next_dagrun for example_xcom_args_with_operators to None, run_after=None
[2024-03-01T14:31:01.329+0000] {processor.py:183} INFO - Processing /home/airflow/.local/lib/python3.8/site-packages/airflow/example_dags/example_xcomargs.py took 0.292 seconds
[2024-03-01T14:31:31.477+0000] {processor.py:161} INFO - Started process (PID=346) to work on /home/airflow/.local/lib/python3.8/site-packages/airflow/example_dags/example_xcomargs.py
[2024-03-01T14:31:31.480+0000] {processor.py:830} INFO - Processing file /home/airflow/.local/lib/python3.8/site-packages/airflow/example_dags/example_xcomargs.py for tasks to queue
[2024-03-01T14:31:31.483+0000] {logging_mixin.py:188} INFO - [2024-03-01T14:31:31.482+0000] {dagbag.py:538} INFO - Filling up the DagBag from /home/airflow/.local/lib/python3.8/site-packages/airflow/example_dags/example_xcomargs.py
[2024-03-01T14:31:31.496+0000] {processor.py:840} INFO - DAG(s) 'example_xcom_args', 'example_xcom_args_with_operators' retrieved from /home/airflow/.local/lib/python3.8/site-packages/airflow/example_dags/example_xcomargs.py
[2024-03-01T14:31:31.553+0000] {logging_mixin.py:188} INFO - [2024-03-01T14:31:31.553+0000] {dag.py:3036} INFO - Sync 2 DAGs
[2024-03-01T14:31:31.576+0000] {logging_mixin.py:188} INFO - [2024-03-01T14:31:31.575+0000] {dag.py:3823} INFO - Setting next_dagrun for example_xcom_args to None, run_after=None
[2024-03-01T14:31:31.581+0000] {logging_mixin.py:188} INFO - [2024-03-01T14:31:31.580+0000] {dag.py:3823} INFO - Setting next_dagrun for example_xcom_args_with_operators to None, run_after=None
[2024-03-01T14:31:31.608+0000] {processor.py:183} INFO - Processing /home/airflow/.local/lib/python3.8/site-packages/airflow/example_dags/example_xcomargs.py took 0.141 seconds
