[2024-03-01T14:28:50.976+0000] {processor.py:161} INFO - Started process (PID=73) to work on /home/airflow/.local/lib/python3.8/site-packages/airflow/example_dags/example_params_ui_tutorial.py
[2024-03-01T14:28:50.977+0000] {processor.py:830} INFO - Processing file /home/airflow/.local/lib/python3.8/site-packages/airflow/example_dags/example_params_ui_tutorial.py for tasks to queue
[2024-03-01T14:28:50.989+0000] {logging_mixin.py:188} INFO - [2024-03-01T14:28:50.988+0000] {dagbag.py:538} INFO - Filling up the DagBag from /home/airflow/.local/lib/python3.8/site-packages/airflow/example_dags/example_params_ui_tutorial.py
[2024-03-01T14:28:51.238+0000] {processor.py:840} INFO - DAG(s) 'example_params_ui_tutorial' retrieved from /home/airflow/.local/lib/python3.8/site-packages/airflow/example_dags/example_params_ui_tutorial.py
[2024-03-01T14:28:53.469+0000] {logging_mixin.py:188} INFO - [2024-03-01T14:28:53.469+0000] {dag.py:3036} INFO - Sync 1 DAGs
[2024-03-01T14:28:53.577+0000] {logging_mixin.py:188} INFO - [2024-03-01T14:28:53.577+0000] {dag.py:3823} INFO - Setting next_dagrun for example_params_ui_tutorial to None, run_after=None
[2024-03-01T14:28:53.836+0000] {processor.py:183} INFO - Processing /home/airflow/.local/lib/python3.8/site-packages/airflow/example_dags/example_params_ui_tutorial.py took 2.908 seconds
[2024-03-01T14:29:40.919+0000] {processor.py:161} INFO - Started process (PID=135) to work on /home/airflow/.local/lib/python3.8/site-packages/airflow/example_dags/example_params_ui_tutorial.py
[2024-03-01T14:29:40.921+0000] {processor.py:830} INFO - Processing file /home/airflow/.local/lib/python3.8/site-packages/airflow/example_dags/example_params_ui_tutorial.py for tasks to queue
[2024-03-01T14:29:40.925+0000] {logging_mixin.py:188} INFO - [2024-03-01T14:29:40.924+0000] {dagbag.py:538} INFO - Filling up the DagBag from /home/airflow/.local/lib/python3.8/site-packages/airflow/example_dags/example_params_ui_tutorial.py
[2024-03-01T14:29:40.946+0000] {processor.py:840} INFO - DAG(s) 'example_params_ui_tutorial' retrieved from /home/airflow/.local/lib/python3.8/site-packages/airflow/example_dags/example_params_ui_tutorial.py
[2024-03-01T14:29:41.174+0000] {logging_mixin.py:188} INFO - [2024-03-01T14:29:41.174+0000] {dag.py:3036} INFO - Sync 1 DAGs
[2024-03-01T14:29:41.202+0000] {logging_mixin.py:188} INFO - [2024-03-01T14:29:41.201+0000] {dag.py:3823} INFO - Setting next_dagrun for example_params_ui_tutorial to None, run_after=None
[2024-03-01T14:29:41.244+0000] {processor.py:183} INFO - Processing /home/airflow/.local/lib/python3.8/site-packages/airflow/example_dags/example_params_ui_tutorial.py took 0.331 seconds
[2024-03-01T14:30:11.559+0000] {processor.py:161} INFO - Started process (PID=197) to work on /home/airflow/.local/lib/python3.8/site-packages/airflow/example_dags/example_params_ui_tutorial.py
[2024-03-01T14:30:11.560+0000] {processor.py:830} INFO - Processing file /home/airflow/.local/lib/python3.8/site-packages/airflow/example_dags/example_params_ui_tutorial.py for tasks to queue
[2024-03-01T14:30:11.565+0000] {logging_mixin.py:188} INFO - [2024-03-01T14:30:11.564+0000] {dagbag.py:538} INFO - Filling up the DagBag from /home/airflow/.local/lib/python3.8/site-packages/airflow/example_dags/example_params_ui_tutorial.py
[2024-03-01T14:30:11.594+0000] {processor.py:840} INFO - DAG(s) 'example_params_ui_tutorial' retrieved from /home/airflow/.local/lib/python3.8/site-packages/airflow/example_dags/example_params_ui_tutorial.py
[2024-03-01T14:30:11.716+0000] {logging_mixin.py:188} INFO - [2024-03-01T14:30:11.716+0000] {dag.py:3036} INFO - Sync 1 DAGs
[2024-03-01T14:30:11.751+0000] {logging_mixin.py:188} INFO - [2024-03-01T14:30:11.750+0000] {dag.py:3823} INFO - Setting next_dagrun for example_params_ui_tutorial to None, run_after=None
[2024-03-01T14:30:11.803+0000] {processor.py:183} INFO - Processing /home/airflow/.local/lib/python3.8/site-packages/airflow/example_dags/example_params_ui_tutorial.py took 0.250 seconds
[2024-03-01T14:30:42.725+0000] {processor.py:161} INFO - Started process (PID=265) to work on /home/airflow/.local/lib/python3.8/site-packages/airflow/example_dags/example_params_ui_tutorial.py
[2024-03-01T14:30:42.742+0000] {processor.py:830} INFO - Processing file /home/airflow/.local/lib/python3.8/site-packages/airflow/example_dags/example_params_ui_tutorial.py for tasks to queue
[2024-03-01T14:30:42.746+0000] {logging_mixin.py:188} INFO - [2024-03-01T14:30:42.745+0000] {dagbag.py:538} INFO - Filling up the DagBag from /home/airflow/.local/lib/python3.8/site-packages/airflow/example_dags/example_params_ui_tutorial.py
[2024-03-01T14:30:42.825+0000] {processor.py:840} INFO - DAG(s) 'example_params_ui_tutorial' retrieved from /home/airflow/.local/lib/python3.8/site-packages/airflow/example_dags/example_params_ui_tutorial.py
[2024-03-01T14:30:43.159+0000] {logging_mixin.py:188} INFO - [2024-03-01T14:30:43.156+0000] {dag.py:3036} INFO - Sync 1 DAGs
[2024-03-01T14:30:43.222+0000] {logging_mixin.py:188} INFO - [2024-03-01T14:30:43.222+0000] {dag.py:3823} INFO - Setting next_dagrun for example_params_ui_tutorial to None, run_after=None
[2024-03-01T14:30:43.308+0000] {processor.py:183} INFO - Processing /home/airflow/.local/lib/python3.8/site-packages/airflow/example_dags/example_params_ui_tutorial.py took 0.602 seconds
[2024-03-01T14:31:16.851+0000] {processor.py:161} INFO - Started process (PID=326) to work on /home/airflow/.local/lib/python3.8/site-packages/airflow/example_dags/example_params_ui_tutorial.py
[2024-03-01T14:31:16.865+0000] {processor.py:830} INFO - Processing file /home/airflow/.local/lib/python3.8/site-packages/airflow/example_dags/example_params_ui_tutorial.py for tasks to queue
[2024-03-01T14:31:16.868+0000] {logging_mixin.py:188} INFO - [2024-03-01T14:31:16.868+0000] {dagbag.py:538} INFO - Filling up the DagBag from /home/airflow/.local/lib/python3.8/site-packages/airflow/example_dags/example_params_ui_tutorial.py
[2024-03-01T14:31:16.963+0000] {processor.py:840} INFO - DAG(s) 'example_params_ui_tutorial' retrieved from /home/airflow/.local/lib/python3.8/site-packages/airflow/example_dags/example_params_ui_tutorial.py
[2024-03-01T14:31:17.143+0000] {logging_mixin.py:188} INFO - [2024-03-01T14:31:17.142+0000] {dag.py:3036} INFO - Sync 1 DAGs
[2024-03-01T14:31:17.175+0000] {logging_mixin.py:188} INFO - [2024-03-01T14:31:17.175+0000] {dag.py:3823} INFO - Setting next_dagrun for example_params_ui_tutorial to None, run_after=None
[2024-03-01T14:31:17.218+0000] {processor.py:183} INFO - Processing /home/airflow/.local/lib/python3.8/site-packages/airflow/example_dags/example_params_ui_tutorial.py took 0.385 seconds
