[2024-03-01T14:28:38.088+0000] {processor.py:161} INFO - Started process (PID=57) to work on /home/airflow/.local/lib/python3.8/site-packages/airflow/example_dags/example_sensors.py
[2024-03-01T14:28:38.095+0000] {processor.py:830} INFO - Processing file /home/airflow/.local/lib/python3.8/site-packages/airflow/example_dags/example_sensors.py for tasks to queue
[2024-03-01T14:28:38.102+0000] {logging_mixin.py:188} INFO - [2024-03-01T14:28:38.102+0000] {dagbag.py:538} INFO - Filling up the DagBag from /home/airflow/.local/lib/python3.8/site-packages/airflow/example_dags/example_sensors.py
[2024-03-01T14:28:38.183+0000] {processor.py:840} INFO - DAG(s) 'example_sensors' retrieved from /home/airflow/.local/lib/python3.8/site-packages/airflow/example_dags/example_sensors.py
[2024-03-01T14:28:39.207+0000] {logging_mixin.py:188} INFO - [2024-03-01T14:28:39.207+0000] {dag.py:3036} INFO - Sync 1 DAGs
[2024-03-01T14:28:39.394+0000] {logging_mixin.py:188} INFO - [2024-03-01T14:28:39.394+0000] {dag.py:3823} INFO - Setting next_dagrun for example_sensors to None, run_after=None
[2024-03-01T14:28:39.632+0000] {processor.py:183} INFO - Processing /home/airflow/.local/lib/python3.8/site-packages/airflow/example_dags/example_sensors.py took 1.562 seconds
[2024-03-01T14:29:39.421+0000] {processor.py:161} INFO - Started process (PID=125) to work on /home/airflow/.local/lib/python3.8/site-packages/airflow/example_dags/example_sensors.py
[2024-03-01T14:29:39.424+0000] {processor.py:830} INFO - Processing file /home/airflow/.local/lib/python3.8/site-packages/airflow/example_dags/example_sensors.py for tasks to queue
[2024-03-01T14:29:39.428+0000] {logging_mixin.py:188} INFO - [2024-03-01T14:29:39.427+0000] {dagbag.py:538} INFO - Filling up the DagBag from /home/airflow/.local/lib/python3.8/site-packages/airflow/example_dags/example_sensors.py
[2024-03-01T14:29:39.448+0000] {processor.py:840} INFO - DAG(s) 'example_sensors' retrieved from /home/airflow/.local/lib/python3.8/site-packages/airflow/example_dags/example_sensors.py
[2024-03-01T14:29:39.496+0000] {logging_mixin.py:188} INFO - [2024-03-01T14:29:39.495+0000] {dag.py:3036} INFO - Sync 1 DAGs
[2024-03-01T14:29:39.531+0000] {logging_mixin.py:188} INFO - [2024-03-01T14:29:39.530+0000] {dag.py:3823} INFO - Setting next_dagrun for example_sensors to None, run_after=None
[2024-03-01T14:29:39.670+0000] {processor.py:183} INFO - Processing /home/airflow/.local/lib/python3.8/site-packages/airflow/example_dags/example_sensors.py took 0.257 seconds
[2024-03-01T14:30:09.928+0000] {processor.py:161} INFO - Started process (PID=187) to work on /home/airflow/.local/lib/python3.8/site-packages/airflow/example_dags/example_sensors.py
[2024-03-01T14:30:09.930+0000] {processor.py:830} INFO - Processing file /home/airflow/.local/lib/python3.8/site-packages/airflow/example_dags/example_sensors.py for tasks to queue
[2024-03-01T14:30:09.938+0000] {logging_mixin.py:188} INFO - [2024-03-01T14:30:09.934+0000] {dagbag.py:538} INFO - Filling up the DagBag from /home/airflow/.local/lib/python3.8/site-packages/airflow/example_dags/example_sensors.py
[2024-03-01T14:30:09.963+0000] {processor.py:840} INFO - DAG(s) 'example_sensors' retrieved from /home/airflow/.local/lib/python3.8/site-packages/airflow/example_dags/example_sensors.py
[2024-03-01T14:30:10.039+0000] {logging_mixin.py:188} INFO - [2024-03-01T14:30:10.038+0000] {dag.py:3036} INFO - Sync 1 DAGs
[2024-03-01T14:30:10.096+0000] {logging_mixin.py:188} INFO - [2024-03-01T14:30:10.096+0000] {dag.py:3823} INFO - Setting next_dagrun for example_sensors to None, run_after=None
[2024-03-01T14:30:10.156+0000] {processor.py:183} INFO - Processing /home/airflow/.local/lib/python3.8/site-packages/airflow/example_dags/example_sensors.py took 0.236 seconds
[2024-03-01T14:30:40.577+0000] {processor.py:161} INFO - Started process (PID=249) to work on /home/airflow/.local/lib/python3.8/site-packages/airflow/example_dags/example_sensors.py
[2024-03-01T14:30:40.579+0000] {processor.py:830} INFO - Processing file /home/airflow/.local/lib/python3.8/site-packages/airflow/example_dags/example_sensors.py for tasks to queue
[2024-03-01T14:30:40.581+0000] {logging_mixin.py:188} INFO - [2024-03-01T14:30:40.581+0000] {dagbag.py:538} INFO - Filling up the DagBag from /home/airflow/.local/lib/python3.8/site-packages/airflow/example_dags/example_sensors.py
[2024-03-01T14:30:40.596+0000] {processor.py:840} INFO - DAG(s) 'example_sensors' retrieved from /home/airflow/.local/lib/python3.8/site-packages/airflow/example_dags/example_sensors.py
[2024-03-01T14:30:40.652+0000] {logging_mixin.py:188} INFO - [2024-03-01T14:30:40.651+0000] {dag.py:3036} INFO - Sync 1 DAGs
[2024-03-01T14:30:40.736+0000] {logging_mixin.py:188} INFO - [2024-03-01T14:30:40.735+0000] {dag.py:3823} INFO - Setting next_dagrun for example_sensors to None, run_after=None
[2024-03-01T14:30:40.852+0000] {processor.py:183} INFO - Processing /home/airflow/.local/lib/python3.8/site-packages/airflow/example_dags/example_sensors.py took 0.279 seconds
[2024-03-01T14:31:13.317+0000] {processor.py:161} INFO - Started process (PID=316) to work on /home/airflow/.local/lib/python3.8/site-packages/airflow/example_dags/example_sensors.py
[2024-03-01T14:31:13.318+0000] {processor.py:830} INFO - Processing file /home/airflow/.local/lib/python3.8/site-packages/airflow/example_dags/example_sensors.py for tasks to queue
[2024-03-01T14:31:13.324+0000] {logging_mixin.py:188} INFO - [2024-03-01T14:31:13.324+0000] {dagbag.py:538} INFO - Filling up the DagBag from /home/airflow/.local/lib/python3.8/site-packages/airflow/example_dags/example_sensors.py
[2024-03-01T14:31:13.365+0000] {processor.py:840} INFO - DAG(s) 'example_sensors' retrieved from /home/airflow/.local/lib/python3.8/site-packages/airflow/example_dags/example_sensors.py
[2024-03-01T14:31:13.473+0000] {logging_mixin.py:188} INFO - [2024-03-01T14:31:13.473+0000] {dag.py:3036} INFO - Sync 1 DAGs
[2024-03-01T14:31:13.539+0000] {logging_mixin.py:188} INFO - [2024-03-01T14:31:13.539+0000] {dag.py:3823} INFO - Setting next_dagrun for example_sensors to None, run_after=None
[2024-03-01T14:31:13.633+0000] {processor.py:183} INFO - Processing /home/airflow/.local/lib/python3.8/site-packages/airflow/example_dags/example_sensors.py took 0.356 seconds
