[2024-03-01T14:29:05.778+0000] {processor.py:161} INFO - Started process (PID=80) to work on /home/airflow/.local/lib/python3.8/site-packages/airflow/example_dags/example_task_group_decorator.py
[2024-03-01T14:29:05.780+0000] {processor.py:830} INFO - Processing file /home/airflow/.local/lib/python3.8/site-packages/airflow/example_dags/example_task_group_decorator.py for tasks to queue
[2024-03-01T14:29:05.813+0000] {logging_mixin.py:188} INFO - [2024-03-01T14:29:05.811+0000] {dagbag.py:538} INFO - Filling up the DagBag from /home/airflow/.local/lib/python3.8/site-packages/airflow/example_dags/example_task_group_decorator.py
[2024-03-01T14:29:05.992+0000] {processor.py:840} INFO - DAG(s) 'example_task_group_decorator' retrieved from /home/airflow/.local/lib/python3.8/site-packages/airflow/example_dags/example_task_group_decorator.py
[2024-03-01T14:29:07.949+0000] {logging_mixin.py:188} INFO - [2024-03-01T14:29:07.949+0000] {dag.py:3036} INFO - Sync 1 DAGs
[2024-03-01T14:29:08.336+0000] {logging_mixin.py:188} INFO - [2024-03-01T14:29:08.336+0000] {dag.py:3823} INFO - Setting next_dagrun for example_task_group_decorator to 2024-02-29 00:00:00+00:00, run_after=2024-03-01 00:00:00+00:00
[2024-03-01T14:29:08.791+0000] {processor.py:183} INFO - Processing /home/airflow/.local/lib/python3.8/site-packages/airflow/example_dags/example_task_group_decorator.py took 3.060 seconds
[2024-03-01T14:29:42.959+0000] {processor.py:161} INFO - Started process (PID=148) to work on /home/airflow/.local/lib/python3.8/site-packages/airflow/example_dags/example_task_group_decorator.py
[2024-03-01T14:29:42.963+0000] {processor.py:830} INFO - Processing file /home/airflow/.local/lib/python3.8/site-packages/airflow/example_dags/example_task_group_decorator.py for tasks to queue
[2024-03-01T14:29:42.967+0000] {logging_mixin.py:188} INFO - [2024-03-01T14:29:42.966+0000] {dagbag.py:538} INFO - Filling up the DagBag from /home/airflow/.local/lib/python3.8/site-packages/airflow/example_dags/example_task_group_decorator.py
[2024-03-01T14:29:43.001+0000] {processor.py:840} INFO - DAG(s) 'example_task_group_decorator' retrieved from /home/airflow/.local/lib/python3.8/site-packages/airflow/example_dags/example_task_group_decorator.py
[2024-03-01T14:29:43.070+0000] {logging_mixin.py:188} INFO - [2024-03-01T14:29:43.070+0000] {dag.py:3036} INFO - Sync 1 DAGs
[2024-03-01T14:29:43.120+0000] {logging_mixin.py:188} INFO - [2024-03-01T14:29:43.120+0000] {dag.py:3823} INFO - Setting next_dagrun for example_task_group_decorator to 2024-02-29 00:00:00+00:00, run_after=2024-03-01 00:00:00+00:00
[2024-03-01T14:29:43.207+0000] {processor.py:183} INFO - Processing /home/airflow/.local/lib/python3.8/site-packages/airflow/example_dags/example_task_group_decorator.py took 0.260 seconds
[2024-03-01T14:30:13.674+0000] {processor.py:161} INFO - Started process (PID=210) to work on /home/airflow/.local/lib/python3.8/site-packages/airflow/example_dags/example_task_group_decorator.py
[2024-03-01T14:30:13.676+0000] {processor.py:830} INFO - Processing file /home/airflow/.local/lib/python3.8/site-packages/airflow/example_dags/example_task_group_decorator.py for tasks to queue
[2024-03-01T14:30:13.678+0000] {logging_mixin.py:188} INFO - [2024-03-01T14:30:13.678+0000] {dagbag.py:538} INFO - Filling up the DagBag from /home/airflow/.local/lib/python3.8/site-packages/airflow/example_dags/example_task_group_decorator.py
[2024-03-01T14:30:13.760+0000] {processor.py:840} INFO - DAG(s) 'example_task_group_decorator' retrieved from /home/airflow/.local/lib/python3.8/site-packages/airflow/example_dags/example_task_group_decorator.py
[2024-03-01T14:30:13.868+0000] {logging_mixin.py:188} INFO - [2024-03-01T14:30:13.867+0000] {dag.py:3036} INFO - Sync 1 DAGs
[2024-03-01T14:30:13.928+0000] {logging_mixin.py:188} INFO - [2024-03-01T14:30:13.928+0000] {dag.py:3823} INFO - Setting next_dagrun for example_task_group_decorator to 2024-02-29 00:00:00+00:00, run_after=2024-03-01 00:00:00+00:00
[2024-03-01T14:30:13.988+0000] {processor.py:183} INFO - Processing /home/airflow/.local/lib/python3.8/site-packages/airflow/example_dags/example_task_group_decorator.py took 0.330 seconds
[2024-03-01T14:30:44.121+0000] {processor.py:161} INFO - Started process (PID=272) to work on /home/airflow/.local/lib/python3.8/site-packages/airflow/example_dags/example_task_group_decorator.py
[2024-03-01T14:30:44.173+0000] {processor.py:830} INFO - Processing file /home/airflow/.local/lib/python3.8/site-packages/airflow/example_dags/example_task_group_decorator.py for tasks to queue
[2024-03-01T14:30:44.187+0000] {logging_mixin.py:188} INFO - [2024-03-01T14:30:44.186+0000] {dagbag.py:538} INFO - Filling up the DagBag from /home/airflow/.local/lib/python3.8/site-packages/airflow/example_dags/example_task_group_decorator.py
[2024-03-01T14:30:44.315+0000] {processor.py:840} INFO - DAG(s) 'example_task_group_decorator' retrieved from /home/airflow/.local/lib/python3.8/site-packages/airflow/example_dags/example_task_group_decorator.py
[2024-03-01T14:30:44.452+0000] {logging_mixin.py:188} INFO - [2024-03-01T14:30:44.452+0000] {dag.py:3036} INFO - Sync 1 DAGs
[2024-03-01T14:30:44.571+0000] {logging_mixin.py:188} INFO - [2024-03-01T14:30:44.571+0000] {dag.py:3823} INFO - Setting next_dagrun for example_task_group_decorator to 2024-02-29 00:00:00+00:00, run_after=2024-03-01 00:00:00+00:00
[2024-03-01T14:30:44.626+0000] {processor.py:183} INFO - Processing /home/airflow/.local/lib/python3.8/site-packages/airflow/example_dags/example_task_group_decorator.py took 0.521 seconds
[2024-03-01T14:31:18.222+0000] {processor.py:161} INFO - Started process (PID=333) to work on /home/airflow/.local/lib/python3.8/site-packages/airflow/example_dags/example_task_group_decorator.py
[2024-03-01T14:31:18.224+0000] {processor.py:830} INFO - Processing file /home/airflow/.local/lib/python3.8/site-packages/airflow/example_dags/example_task_group_decorator.py for tasks to queue
[2024-03-01T14:31:18.229+0000] {logging_mixin.py:188} INFO - [2024-03-01T14:31:18.228+0000] {dagbag.py:538} INFO - Filling up the DagBag from /home/airflow/.local/lib/python3.8/site-packages/airflow/example_dags/example_task_group_decorator.py
[2024-03-01T14:31:18.288+0000] {processor.py:840} INFO - DAG(s) 'example_task_group_decorator' retrieved from /home/airflow/.local/lib/python3.8/site-packages/airflow/example_dags/example_task_group_decorator.py
[2024-03-01T14:31:18.435+0000] {logging_mixin.py:188} INFO - [2024-03-01T14:31:18.435+0000] {dag.py:3036} INFO - Sync 1 DAGs
[2024-03-01T14:31:18.516+0000] {logging_mixin.py:188} INFO - [2024-03-01T14:31:18.516+0000] {dag.py:3823} INFO - Setting next_dagrun for example_task_group_decorator to 2024-02-29 00:00:00+00:00, run_after=2024-03-01 00:00:00+00:00
[2024-03-01T14:31:18.605+0000] {processor.py:183} INFO - Processing /home/airflow/.local/lib/python3.8/site-packages/airflow/example_dags/example_task_group_decorator.py took 0.391 seconds
