[2024-03-01T14:28:47.615+0000] {processor.py:161} INFO - Started process (PID=72) to work on /home/airflow/.local/lib/python3.8/site-packages/airflow/example_dags/example_kubernetes_executor.py
[2024-03-01T14:28:47.627+0000] {processor.py:830} INFO - Processing file /home/airflow/.local/lib/python3.8/site-packages/airflow/example_dags/example_kubernetes_executor.py for tasks to queue
[2024-03-01T14:28:47.698+0000] {logging_mixin.py:188} INFO - [2024-03-01T14:28:47.694+0000] {dagbag.py:538} INFO - Filling up the DagBag from /home/airflow/.local/lib/python3.8/site-packages/airflow/example_dags/example_kubernetes_executor.py
[2024-03-01T14:28:48.373+0000] {processor.py:840} INFO - DAG(s) 'example_kubernetes_executor' retrieved from /home/airflow/.local/lib/python3.8/site-packages/airflow/example_dags/example_kubernetes_executor.py
[2024-03-01T14:28:51.463+0000] {logging_mixin.py:188} INFO - [2024-03-01T14:28:51.462+0000] {dag.py:3036} INFO - Sync 1 DAGs
[2024-03-01T14:28:51.536+0000] {logging_mixin.py:188} INFO - [2024-03-01T14:28:51.535+0000] {dag.py:3823} INFO - Setting next_dagrun for example_kubernetes_executor to None, run_after=None
[2024-03-01T14:28:51.770+0000] {processor.py:183} INFO - Processing /home/airflow/.local/lib/python3.8/site-packages/airflow/example_dags/example_kubernetes_executor.py took 4.173 seconds
[2024-03-01T14:29:40.864+0000] {processor.py:161} INFO - Started process (PID=134) to work on /home/airflow/.local/lib/python3.8/site-packages/airflow/example_dags/example_kubernetes_executor.py
[2024-03-01T14:29:40.874+0000] {processor.py:830} INFO - Processing file /home/airflow/.local/lib/python3.8/site-packages/airflow/example_dags/example_kubernetes_executor.py for tasks to queue
[2024-03-01T14:29:40.877+0000] {logging_mixin.py:188} INFO - [2024-03-01T14:29:40.877+0000] {dagbag.py:538} INFO - Filling up the DagBag from /home/airflow/.local/lib/python3.8/site-packages/airflow/example_dags/example_kubernetes_executor.py
[2024-03-01T14:29:40.915+0000] {processor.py:840} INFO - DAG(s) 'example_kubernetes_executor' retrieved from /home/airflow/.local/lib/python3.8/site-packages/airflow/example_dags/example_kubernetes_executor.py
[2024-03-01T14:29:41.008+0000] {logging_mixin.py:188} INFO - [2024-03-01T14:29:41.006+0000] {dag.py:3036} INFO - Sync 1 DAGs
[2024-03-01T14:29:41.065+0000] {logging_mixin.py:188} INFO - [2024-03-01T14:29:41.065+0000] {dag.py:3823} INFO - Setting next_dagrun for example_kubernetes_executor to None, run_after=None
[2024-03-01T14:29:41.144+0000] {processor.py:183} INFO - Processing /home/airflow/.local/lib/python3.8/site-packages/airflow/example_dags/example_kubernetes_executor.py took 0.290 seconds
[2024-03-01T14:30:11.202+0000] {processor.py:161} INFO - Started process (PID=196) to work on /home/airflow/.local/lib/python3.8/site-packages/airflow/example_dags/example_kubernetes_executor.py
[2024-03-01T14:30:11.204+0000] {processor.py:830} INFO - Processing file /home/airflow/.local/lib/python3.8/site-packages/airflow/example_dags/example_kubernetes_executor.py for tasks to queue
[2024-03-01T14:30:11.207+0000] {logging_mixin.py:188} INFO - [2024-03-01T14:30:11.206+0000] {dagbag.py:538} INFO - Filling up the DagBag from /home/airflow/.local/lib/python3.8/site-packages/airflow/example_dags/example_kubernetes_executor.py
[2024-03-01T14:30:11.233+0000] {processor.py:840} INFO - DAG(s) 'example_kubernetes_executor' retrieved from /home/airflow/.local/lib/python3.8/site-packages/airflow/example_dags/example_kubernetes_executor.py
[2024-03-01T14:30:11.325+0000] {logging_mixin.py:188} INFO - [2024-03-01T14:30:11.325+0000] {dag.py:3036} INFO - Sync 1 DAGs
[2024-03-01T14:30:11.373+0000] {logging_mixin.py:188} INFO - [2024-03-01T14:30:11.373+0000] {dag.py:3823} INFO - Setting next_dagrun for example_kubernetes_executor to None, run_after=None
[2024-03-01T14:30:11.476+0000] {processor.py:183} INFO - Processing /home/airflow/.local/lib/python3.8/site-packages/airflow/example_dags/example_kubernetes_executor.py took 0.278 seconds
[2024-03-01T14:30:42.437+0000] {processor.py:161} INFO - Started process (PID=264) to work on /home/airflow/.local/lib/python3.8/site-packages/airflow/example_dags/example_kubernetes_executor.py
[2024-03-01T14:30:42.465+0000] {processor.py:830} INFO - Processing file /home/airflow/.local/lib/python3.8/site-packages/airflow/example_dags/example_kubernetes_executor.py for tasks to queue
[2024-03-01T14:30:42.476+0000] {logging_mixin.py:188} INFO - [2024-03-01T14:30:42.476+0000] {dagbag.py:538} INFO - Filling up the DagBag from /home/airflow/.local/lib/python3.8/site-packages/airflow/example_dags/example_kubernetes_executor.py
[2024-03-01T14:30:42.604+0000] {processor.py:840} INFO - DAG(s) 'example_kubernetes_executor' retrieved from /home/airflow/.local/lib/python3.8/site-packages/airflow/example_dags/example_kubernetes_executor.py
[2024-03-01T14:30:42.811+0000] {logging_mixin.py:188} INFO - [2024-03-01T14:30:42.810+0000] {dag.py:3036} INFO - Sync 1 DAGs
[2024-03-01T14:30:42.889+0000] {logging_mixin.py:188} INFO - [2024-03-01T14:30:42.888+0000] {dag.py:3823} INFO - Setting next_dagrun for example_kubernetes_executor to None, run_after=None
[2024-03-01T14:30:42.988+0000] {processor.py:183} INFO - Processing /home/airflow/.local/lib/python3.8/site-packages/airflow/example_dags/example_kubernetes_executor.py took 0.593 seconds
[2024-03-01T14:31:16.341+0000] {processor.py:161} INFO - Started process (PID=325) to work on /home/airflow/.local/lib/python3.8/site-packages/airflow/example_dags/example_kubernetes_executor.py
[2024-03-01T14:31:16.354+0000] {processor.py:830} INFO - Processing file /home/airflow/.local/lib/python3.8/site-packages/airflow/example_dags/example_kubernetes_executor.py for tasks to queue
[2024-03-01T14:31:16.358+0000] {logging_mixin.py:188} INFO - [2024-03-01T14:31:16.357+0000] {dagbag.py:538} INFO - Filling up the DagBag from /home/airflow/.local/lib/python3.8/site-packages/airflow/example_dags/example_kubernetes_executor.py
[2024-03-01T14:31:16.484+0000] {processor.py:840} INFO - DAG(s) 'example_kubernetes_executor' retrieved from /home/airflow/.local/lib/python3.8/site-packages/airflow/example_dags/example_kubernetes_executor.py
[2024-03-01T14:31:16.684+0000] {logging_mixin.py:188} INFO - [2024-03-01T14:31:16.684+0000] {dag.py:3036} INFO - Sync 1 DAGs
[2024-03-01T14:31:16.757+0000] {logging_mixin.py:188} INFO - [2024-03-01T14:31:16.757+0000] {dag.py:3823} INFO - Setting next_dagrun for example_kubernetes_executor to None, run_after=None
[2024-03-01T14:31:16.891+0000] {processor.py:183} INFO - Processing /home/airflow/.local/lib/python3.8/site-packages/airflow/example_dags/example_kubernetes_executor.py took 0.568 seconds
