[2024-03-01T14:29:04.991+0000] {processor.py:161} INFO - Started process (PID=79) to work on /home/airflow/.local/lib/python3.8/site-packages/airflow/example_dags/example_latest_only_with_trigger.py
[2024-03-01T14:29:05.021+0000] {processor.py:830} INFO - Processing file /home/airflow/.local/lib/python3.8/site-packages/airflow/example_dags/example_latest_only_with_trigger.py for tasks to queue
[2024-03-01T14:29:05.139+0000] {logging_mixin.py:188} INFO - [2024-03-01T14:29:05.024+0000] {dagbag.py:538} INFO - Filling up the DagBag from /home/airflow/.local/lib/python3.8/site-packages/airflow/example_dags/example_latest_only_with_trigger.py
[2024-03-01T14:29:05.566+0000] {processor.py:840} INFO - DAG(s) 'latest_only_with_trigger' retrieved from /home/airflow/.local/lib/python3.8/site-packages/airflow/example_dags/example_latest_only_with_trigger.py
[2024-03-01T14:29:07.735+0000] {logging_mixin.py:188} INFO - [2024-03-01T14:29:07.734+0000] {dag.py:3036} INFO - Sync 1 DAGs
[2024-03-01T14:29:08.013+0000] {logging_mixin.py:188} INFO - [2024-03-01T14:29:08.012+0000] {dag.py:3823} INFO - Setting next_dagrun for latest_only_with_trigger to 2024-03-01 08:00:00+00:00, run_after=2024-03-01 12:00:00+00:00
[2024-03-01T14:29:08.516+0000] {processor.py:183} INFO - Processing /home/airflow/.local/lib/python3.8/site-packages/airflow/example_dags/example_latest_only_with_trigger.py took 3.714 seconds
[2024-03-01T14:29:42.711+0000] {processor.py:161} INFO - Started process (PID=147) to work on /home/airflow/.local/lib/python3.8/site-packages/airflow/example_dags/example_latest_only_with_trigger.py
[2024-03-01T14:29:42.729+0000] {processor.py:830} INFO - Processing file /home/airflow/.local/lib/python3.8/site-packages/airflow/example_dags/example_latest_only_with_trigger.py for tasks to queue
[2024-03-01T14:29:42.737+0000] {logging_mixin.py:188} INFO - [2024-03-01T14:29:42.736+0000] {dagbag.py:538} INFO - Filling up the DagBag from /home/airflow/.local/lib/python3.8/site-packages/airflow/example_dags/example_latest_only_with_trigger.py
[2024-03-01T14:29:42.758+0000] {processor.py:840} INFO - DAG(s) 'latest_only_with_trigger' retrieved from /home/airflow/.local/lib/python3.8/site-packages/airflow/example_dags/example_latest_only_with_trigger.py
[2024-03-01T14:29:42.828+0000] {logging_mixin.py:188} INFO - [2024-03-01T14:29:42.827+0000] {dag.py:3036} INFO - Sync 1 DAGs
[2024-03-01T14:29:42.902+0000] {logging_mixin.py:188} INFO - [2024-03-01T14:29:42.901+0000] {dag.py:3823} INFO - Setting next_dagrun for latest_only_with_trigger to 2024-03-01 08:00:00+00:00, run_after=2024-03-01 12:00:00+00:00
[2024-03-01T14:29:42.941+0000] {processor.py:183} INFO - Processing /home/airflow/.local/lib/python3.8/site-packages/airflow/example_dags/example_latest_only_with_trigger.py took 0.237 seconds
[2024-03-01T14:30:13.469+0000] {processor.py:161} INFO - Started process (PID=209) to work on /home/airflow/.local/lib/python3.8/site-packages/airflow/example_dags/example_latest_only_with_trigger.py
[2024-03-01T14:30:13.471+0000] {processor.py:830} INFO - Processing file /home/airflow/.local/lib/python3.8/site-packages/airflow/example_dags/example_latest_only_with_trigger.py for tasks to queue
[2024-03-01T14:30:13.475+0000] {logging_mixin.py:188} INFO - [2024-03-01T14:30:13.474+0000] {dagbag.py:538} INFO - Filling up the DagBag from /home/airflow/.local/lib/python3.8/site-packages/airflow/example_dags/example_latest_only_with_trigger.py
[2024-03-01T14:30:13.491+0000] {processor.py:840} INFO - DAG(s) 'latest_only_with_trigger' retrieved from /home/airflow/.local/lib/python3.8/site-packages/airflow/example_dags/example_latest_only_with_trigger.py
[2024-03-01T14:30:13.539+0000] {logging_mixin.py:188} INFO - [2024-03-01T14:30:13.538+0000] {dag.py:3036} INFO - Sync 1 DAGs
[2024-03-01T14:30:13.577+0000] {logging_mixin.py:188} INFO - [2024-03-01T14:30:13.577+0000] {dag.py:3823} INFO - Setting next_dagrun for latest_only_with_trigger to 2024-03-01 08:00:00+00:00, run_after=2024-03-01 12:00:00+00:00
[2024-03-01T14:30:13.620+0000] {processor.py:183} INFO - Processing /home/airflow/.local/lib/python3.8/site-packages/airflow/example_dags/example_latest_only_with_trigger.py took 0.156 seconds
[2024-03-01T14:30:44.000+0000] {processor.py:161} INFO - Started process (PID=271) to work on /home/airflow/.local/lib/python3.8/site-packages/airflow/example_dags/example_latest_only_with_trigger.py
[2024-03-01T14:30:44.003+0000] {processor.py:830} INFO - Processing file /home/airflow/.local/lib/python3.8/site-packages/airflow/example_dags/example_latest_only_with_trigger.py for tasks to queue
[2024-03-01T14:30:44.006+0000] {logging_mixin.py:188} INFO - [2024-03-01T14:30:44.005+0000] {dagbag.py:538} INFO - Filling up the DagBag from /home/airflow/.local/lib/python3.8/site-packages/airflow/example_dags/example_latest_only_with_trigger.py
[2024-03-01T14:30:44.038+0000] {processor.py:840} INFO - DAG(s) 'latest_only_with_trigger' retrieved from /home/airflow/.local/lib/python3.8/site-packages/airflow/example_dags/example_latest_only_with_trigger.py
[2024-03-01T14:30:44.133+0000] {logging_mixin.py:188} INFO - [2024-03-01T14:30:44.133+0000] {dag.py:3036} INFO - Sync 1 DAGs
[2024-03-01T14:30:44.291+0000] {logging_mixin.py:188} INFO - [2024-03-01T14:30:44.290+0000] {dag.py:3823} INFO - Setting next_dagrun for latest_only_with_trigger to 2024-03-01 08:00:00+00:00, run_after=2024-03-01 12:00:00+00:00
[2024-03-01T14:30:44.402+0000] {processor.py:183} INFO - Processing /home/airflow/.local/lib/python3.8/site-packages/airflow/example_dags/example_latest_only_with_trigger.py took 0.420 seconds
[2024-03-01T14:31:18.108+0000] {processor.py:161} INFO - Started process (PID=332) to work on /home/airflow/.local/lib/python3.8/site-packages/airflow/example_dags/example_latest_only_with_trigger.py
[2024-03-01T14:31:18.110+0000] {processor.py:830} INFO - Processing file /home/airflow/.local/lib/python3.8/site-packages/airflow/example_dags/example_latest_only_with_trigger.py for tasks to queue
[2024-03-01T14:31:18.113+0000] {logging_mixin.py:188} INFO - [2024-03-01T14:31:18.113+0000] {dagbag.py:538} INFO - Filling up the DagBag from /home/airflow/.local/lib/python3.8/site-packages/airflow/example_dags/example_latest_only_with_trigger.py
[2024-03-01T14:31:18.130+0000] {processor.py:840} INFO - DAG(s) 'latest_only_with_trigger' retrieved from /home/airflow/.local/lib/python3.8/site-packages/airflow/example_dags/example_latest_only_with_trigger.py
[2024-03-01T14:31:18.189+0000] {logging_mixin.py:188} INFO - [2024-03-01T14:31:18.188+0000] {dag.py:3036} INFO - Sync 1 DAGs
[2024-03-01T14:31:18.255+0000] {logging_mixin.py:188} INFO - [2024-03-01T14:31:18.254+0000] {dag.py:3823} INFO - Setting next_dagrun for latest_only_with_trigger to 2024-03-01 08:00:00+00:00, run_after=2024-03-01 12:00:00+00:00
[2024-03-01T14:31:18.351+0000] {processor.py:183} INFO - Processing /home/airflow/.local/lib/python3.8/site-packages/airflow/example_dags/example_latest_only_with_trigger.py took 0.261 seconds
