[2024-03-01T14:29:30.640+0000] {processor.py:161} INFO - Started process (PID=103) to work on /home/airflow/.local/lib/python3.8/site-packages/airflow/example_dags/example_datasets.py
[2024-03-01T14:29:30.669+0000] {processor.py:830} INFO - Processing file /home/airflow/.local/lib/python3.8/site-packages/airflow/example_dags/example_datasets.py for tasks to queue
[2024-03-01T14:29:30.676+0000] {logging_mixin.py:188} INFO - [2024-03-01T14:29:30.675+0000] {dagbag.py:538} INFO - Filling up the DagBag from /home/airflow/.local/lib/python3.8/site-packages/airflow/example_dags/example_datasets.py
[2024-03-01T14:29:30.744+0000] {processor.py:840} INFO - DAG(s) 'dataset_consumes_unknown_never_scheduled', 'dataset_consumes_1', 'dataset_consumes_1_never_scheduled', 'dataset_produces_2', 'dataset_consumes_1_and_2', 'dataset_produces_1' retrieved from /home/airflow/.local/lib/python3.8/site-packages/airflow/example_dags/example_datasets.py
[2024-03-01T14:29:31.764+0000] {logging_mixin.py:188} INFO - [2024-03-01T14:29:31.764+0000] {dag.py:3036} INFO - Sync 6 DAGs
[2024-03-01T14:29:31.923+0000] {logging_mixin.py:188} INFO - [2024-03-01T14:29:31.923+0000] {dag.py:3823} INFO - Setting next_dagrun for dataset_consumes_1 to None, run_after=None
[2024-03-01T14:29:31.955+0000] {logging_mixin.py:188} INFO - [2024-03-01T14:29:31.953+0000] {dag.py:3823} INFO - Setting next_dagrun for dataset_consumes_1_and_2 to None, run_after=None
[2024-03-01T14:29:31.972+0000] {logging_mixin.py:188} INFO - [2024-03-01T14:29:31.971+0000] {dag.py:3823} INFO - Setting next_dagrun for dataset_consumes_1_never_scheduled to None, run_after=None
[2024-03-01T14:29:31.980+0000] {logging_mixin.py:188} INFO - [2024-03-01T14:29:31.979+0000] {dag.py:3823} INFO - Setting next_dagrun for dataset_consumes_unknown_never_scheduled to None, run_after=None
[2024-03-01T14:29:31.988+0000] {logging_mixin.py:188} INFO - [2024-03-01T14:29:31.987+0000] {dag.py:3823} INFO - Setting next_dagrun for dataset_produces_1 to 2024-02-29 00:00:00+00:00, run_after=2024-03-01 00:00:00+00:00
[2024-03-01T14:29:31.992+0000] {logging_mixin.py:188} INFO - [2024-03-01T14:29:31.991+0000] {dag.py:3823} INFO - Setting next_dagrun for dataset_produces_2 to None, run_after=None
[2024-03-01T14:29:32.441+0000] {processor.py:183} INFO - Processing /home/airflow/.local/lib/python3.8/site-packages/airflow/example_dags/example_datasets.py took 1.871 seconds
[2024-03-01T14:30:02.540+0000] {processor.py:161} INFO - Started process (PID=165) to work on /home/airflow/.local/lib/python3.8/site-packages/airflow/example_dags/example_datasets.py
[2024-03-01T14:30:02.542+0000] {processor.py:830} INFO - Processing file /home/airflow/.local/lib/python3.8/site-packages/airflow/example_dags/example_datasets.py for tasks to queue
[2024-03-01T14:30:02.544+0000] {logging_mixin.py:188} INFO - [2024-03-01T14:30:02.544+0000] {dagbag.py:538} INFO - Filling up the DagBag from /home/airflow/.local/lib/python3.8/site-packages/airflow/example_dags/example_datasets.py
[2024-03-01T14:30:02.558+0000] {processor.py:840} INFO - DAG(s) 'dataset_consumes_1_never_scheduled', 'dataset_produces_1', 'dataset_consumes_unknown_never_scheduled', 'dataset_consumes_1_and_2', 'dataset_consumes_1', 'dataset_produces_2' retrieved from /home/airflow/.local/lib/python3.8/site-packages/airflow/example_dags/example_datasets.py
[2024-03-01T14:30:02.614+0000] {logging_mixin.py:188} INFO - [2024-03-01T14:30:02.614+0000] {dag.py:3036} INFO - Sync 6 DAGs
[2024-03-01T14:30:02.647+0000] {logging_mixin.py:188} INFO - [2024-03-01T14:30:02.646+0000] {dag.py:3823} INFO - Setting next_dagrun for dataset_consumes_1 to None, run_after=None
[2024-03-01T14:30:02.652+0000] {logging_mixin.py:188} INFO - [2024-03-01T14:30:02.652+0000] {dag.py:3823} INFO - Setting next_dagrun for dataset_consumes_1_and_2 to None, run_after=None
[2024-03-01T14:30:02.654+0000] {logging_mixin.py:188} INFO - [2024-03-01T14:30:02.654+0000] {dag.py:3823} INFO - Setting next_dagrun for dataset_consumes_1_never_scheduled to None, run_after=None
[2024-03-01T14:30:02.657+0000] {logging_mixin.py:188} INFO - [2024-03-01T14:30:02.657+0000] {dag.py:3823} INFO - Setting next_dagrun for dataset_consumes_unknown_never_scheduled to None, run_after=None
[2024-03-01T14:30:02.664+0000] {logging_mixin.py:188} INFO - [2024-03-01T14:30:02.663+0000] {dag.py:3823} INFO - Setting next_dagrun for dataset_produces_1 to 2024-02-29 00:00:00+00:00, run_after=2024-03-01 00:00:00+00:00
[2024-03-01T14:30:02.666+0000] {logging_mixin.py:188} INFO - [2024-03-01T14:30:02.665+0000] {dag.py:3823} INFO - Setting next_dagrun for dataset_produces_2 to None, run_after=None
[2024-03-01T14:30:02.719+0000] {processor.py:183} INFO - Processing /home/airflow/.local/lib/python3.8/site-packages/airflow/example_dags/example_datasets.py took 0.184 seconds
[2024-03-01T14:30:32.927+0000] {processor.py:161} INFO - Started process (PID=227) to work on /home/airflow/.local/lib/python3.8/site-packages/airflow/example_dags/example_datasets.py
[2024-03-01T14:30:32.930+0000] {processor.py:830} INFO - Processing file /home/airflow/.local/lib/python3.8/site-packages/airflow/example_dags/example_datasets.py for tasks to queue
[2024-03-01T14:30:32.933+0000] {logging_mixin.py:188} INFO - [2024-03-01T14:30:32.932+0000] {dagbag.py:538} INFO - Filling up the DagBag from /home/airflow/.local/lib/python3.8/site-packages/airflow/example_dags/example_datasets.py
[2024-03-01T14:30:32.959+0000] {processor.py:840} INFO - DAG(s) 'dataset_consumes_unknown_never_scheduled', 'dataset_consumes_1', 'dataset_consumes_1_and_2', 'dataset_produces_2', 'dataset_produces_1', 'dataset_consumes_1_never_scheduled' retrieved from /home/airflow/.local/lib/python3.8/site-packages/airflow/example_dags/example_datasets.py
[2024-03-01T14:30:33.157+0000] {logging_mixin.py:188} INFO - [2024-03-01T14:30:33.157+0000] {dag.py:3036} INFO - Sync 6 DAGs
[2024-03-01T14:30:33.266+0000] {logging_mixin.py:188} INFO - [2024-03-01T14:30:33.266+0000] {dag.py:3823} INFO - Setting next_dagrun for dataset_consumes_1 to None, run_after=None
[2024-03-01T14:30:33.286+0000] {logging_mixin.py:188} INFO - [2024-03-01T14:30:33.285+0000] {dag.py:3823} INFO - Setting next_dagrun for dataset_consumes_1_and_2 to None, run_after=None
[2024-03-01T14:30:33.300+0000] {logging_mixin.py:188} INFO - [2024-03-01T14:30:33.299+0000] {dag.py:3823} INFO - Setting next_dagrun for dataset_consumes_1_never_scheduled to None, run_after=None
[2024-03-01T14:30:33.303+0000] {logging_mixin.py:188} INFO - [2024-03-01T14:30:33.303+0000] {dag.py:3823} INFO - Setting next_dagrun for dataset_consumes_unknown_never_scheduled to None, run_after=None
[2024-03-01T14:30:33.320+0000] {logging_mixin.py:188} INFO - [2024-03-01T14:30:33.319+0000] {dag.py:3823} INFO - Setting next_dagrun for dataset_produces_1 to 2024-02-29 00:00:00+00:00, run_after=2024-03-01 00:00:00+00:00
[2024-03-01T14:30:33.322+0000] {logging_mixin.py:188} INFO - [2024-03-01T14:30:33.322+0000] {dag.py:3823} INFO - Setting next_dagrun for dataset_produces_2 to None, run_after=None
[2024-03-01T14:30:33.527+0000] {processor.py:183} INFO - Processing /home/airflow/.local/lib/python3.8/site-packages/airflow/example_dags/example_datasets.py took 0.608 seconds
[2024-03-01T14:31:04.369+0000] {processor.py:161} INFO - Started process (PID=289) to work on /home/airflow/.local/lib/python3.8/site-packages/airflow/example_dags/example_datasets.py
[2024-03-01T14:31:04.382+0000] {processor.py:830} INFO - Processing file /home/airflow/.local/lib/python3.8/site-packages/airflow/example_dags/example_datasets.py for tasks to queue
[2024-03-01T14:31:04.386+0000] {logging_mixin.py:188} INFO - [2024-03-01T14:31:04.385+0000] {dagbag.py:538} INFO - Filling up the DagBag from /home/airflow/.local/lib/python3.8/site-packages/airflow/example_dags/example_datasets.py
[2024-03-01T14:31:04.450+0000] {processor.py:840} INFO - DAG(s) 'dataset_consumes_1', 'dataset_consumes_1_never_scheduled', 'dataset_produces_2', 'dataset_consumes_1_and_2', 'dataset_produces_1', 'dataset_consumes_unknown_never_scheduled' retrieved from /home/airflow/.local/lib/python3.8/site-packages/airflow/example_dags/example_datasets.py
[2024-03-01T14:31:04.685+0000] {logging_mixin.py:188} INFO - [2024-03-01T14:31:04.684+0000] {dag.py:3036} INFO - Sync 6 DAGs
[2024-03-01T14:31:04.839+0000] {logging_mixin.py:188} INFO - [2024-03-01T14:31:04.838+0000] {dag.py:3823} INFO - Setting next_dagrun for dataset_consumes_1 to None, run_after=None
[2024-03-01T14:31:04.870+0000] {logging_mixin.py:188} INFO - [2024-03-01T14:31:04.870+0000] {dag.py:3823} INFO - Setting next_dagrun for dataset_consumes_1_and_2 to None, run_after=None
[2024-03-01T14:31:04.885+0000] {logging_mixin.py:188} INFO - [2024-03-01T14:31:04.873+0000] {dag.py:3823} INFO - Setting next_dagrun for dataset_consumes_1_never_scheduled to None, run_after=None
[2024-03-01T14:31:04.888+0000] {logging_mixin.py:188} INFO - [2024-03-01T14:31:04.887+0000] {dag.py:3823} INFO - Setting next_dagrun for dataset_consumes_unknown_never_scheduled to None, run_after=None
[2024-03-01T14:31:04.917+0000] {logging_mixin.py:188} INFO - [2024-03-01T14:31:04.905+0000] {dag.py:3823} INFO - Setting next_dagrun for dataset_produces_1 to 2024-02-29 00:00:00+00:00, run_after=2024-03-01 00:00:00+00:00
[2024-03-01T14:31:04.920+0000] {logging_mixin.py:188} INFO - [2024-03-01T14:31:04.919+0000] {dag.py:3823} INFO - Setting next_dagrun for dataset_produces_2 to None, run_after=None
[2024-03-01T14:31:05.096+0000] {processor.py:183} INFO - Processing /home/airflow/.local/lib/python3.8/site-packages/airflow/example_dags/example_datasets.py took 0.745 seconds
