[2024-03-01T14:28:39.863+0000] {processor.py:161} INFO - Started process (PID=59) to work on /home/airflow/.local/lib/python3.8/site-packages/airflow/example_dags/example_branch_operator.py
[2024-03-01T14:28:39.925+0000] {processor.py:830} INFO - Processing file /home/airflow/.local/lib/python3.8/site-packages/airflow/example_dags/example_branch_operator.py for tasks to queue
[2024-03-01T14:28:39.928+0000] {logging_mixin.py:188} INFO - [2024-03-01T14:28:39.928+0000] {dagbag.py:538} INFO - Filling up the DagBag from /home/airflow/.local/lib/python3.8/site-packages/airflow/example_dags/example_branch_operator.py
[2024-03-01T14:28:40.180+0000] {processor.py:840} INFO - DAG(s) 'example_branch_operator' retrieved from /home/airflow/.local/lib/python3.8/site-packages/airflow/example_dags/example_branch_operator.py
[2024-03-01T14:28:41.698+0000] {logging_mixin.py:188} INFO - [2024-03-01T14:28:41.687+0000] {dag.py:3036} INFO - Sync 1 DAGs
[2024-03-01T14:28:41.925+0000] {logging_mixin.py:188} INFO - [2024-03-01T14:28:41.925+0000] {dag.py:3823} INFO - Setting next_dagrun for example_branch_operator to 2024-02-29 00:00:00+00:00, run_after=2024-03-01 00:00:00+00:00
[2024-03-01T14:28:42.093+0000] {processor.py:183} INFO - Processing /home/airflow/.local/lib/python3.8/site-packages/airflow/example_dags/example_branch_operator.py took 2.296 seconds
[2024-03-01T14:29:39.748+0000] {processor.py:161} INFO - Started process (PID=127) to work on /home/airflow/.local/lib/python3.8/site-packages/airflow/example_dags/example_branch_operator.py
[2024-03-01T14:29:39.753+0000] {processor.py:830} INFO - Processing file /home/airflow/.local/lib/python3.8/site-packages/airflow/example_dags/example_branch_operator.py for tasks to queue
[2024-03-01T14:29:39.757+0000] {logging_mixin.py:188} INFO - [2024-03-01T14:29:39.756+0000] {dagbag.py:538} INFO - Filling up the DagBag from /home/airflow/.local/lib/python3.8/site-packages/airflow/example_dags/example_branch_operator.py
[2024-03-01T14:29:39.801+0000] {processor.py:840} INFO - DAG(s) 'example_branch_operator' retrieved from /home/airflow/.local/lib/python3.8/site-packages/airflow/example_dags/example_branch_operator.py
[2024-03-01T14:29:39.857+0000] {logging_mixin.py:188} INFO - [2024-03-01T14:29:39.857+0000] {dag.py:3036} INFO - Sync 1 DAGs
[2024-03-01T14:29:39.920+0000] {logging_mixin.py:188} INFO - [2024-03-01T14:29:39.919+0000] {dag.py:3823} INFO - Setting next_dagrun for example_branch_operator to 2024-02-29 00:00:00+00:00, run_after=2024-03-01 00:00:00+00:00
[2024-03-01T14:29:40.062+0000] {processor.py:183} INFO - Processing /home/airflow/.local/lib/python3.8/site-packages/airflow/example_dags/example_branch_operator.py took 0.320 seconds
[2024-03-01T14:30:10.218+0000] {processor.py:161} INFO - Started process (PID=189) to work on /home/airflow/.local/lib/python3.8/site-packages/airflow/example_dags/example_branch_operator.py
[2024-03-01T14:30:10.219+0000] {processor.py:830} INFO - Processing file /home/airflow/.local/lib/python3.8/site-packages/airflow/example_dags/example_branch_operator.py for tasks to queue
[2024-03-01T14:30:10.223+0000] {logging_mixin.py:188} INFO - [2024-03-01T14:30:10.222+0000] {dagbag.py:538} INFO - Filling up the DagBag from /home/airflow/.local/lib/python3.8/site-packages/airflow/example_dags/example_branch_operator.py
[2024-03-01T14:30:10.280+0000] {processor.py:840} INFO - DAG(s) 'example_branch_operator' retrieved from /home/airflow/.local/lib/python3.8/site-packages/airflow/example_dags/example_branch_operator.py
[2024-03-01T14:30:10.380+0000] {logging_mixin.py:188} INFO - [2024-03-01T14:30:10.379+0000] {dag.py:3036} INFO - Sync 1 DAGs
[2024-03-01T14:30:10.465+0000] {logging_mixin.py:188} INFO - [2024-03-01T14:30:10.465+0000] {dag.py:3823} INFO - Setting next_dagrun for example_branch_operator to 2024-02-29 00:00:00+00:00, run_after=2024-03-01 00:00:00+00:00
[2024-03-01T14:30:10.500+0000] {processor.py:183} INFO - Processing /home/airflow/.local/lib/python3.8/site-packages/airflow/example_dags/example_branch_operator.py took 0.291 seconds
[2024-03-01T14:30:40.921+0000] {processor.py:161} INFO - Started process (PID=251) to work on /home/airflow/.local/lib/python3.8/site-packages/airflow/example_dags/example_branch_operator.py
[2024-03-01T14:30:40.937+0000] {processor.py:830} INFO - Processing file /home/airflow/.local/lib/python3.8/site-packages/airflow/example_dags/example_branch_operator.py for tasks to queue
[2024-03-01T14:30:40.940+0000] {logging_mixin.py:188} INFO - [2024-03-01T14:30:40.940+0000] {dagbag.py:538} INFO - Filling up the DagBag from /home/airflow/.local/lib/python3.8/site-packages/airflow/example_dags/example_branch_operator.py
[2024-03-01T14:30:41.034+0000] {processor.py:840} INFO - DAG(s) 'example_branch_operator' retrieved from /home/airflow/.local/lib/python3.8/site-packages/airflow/example_dags/example_branch_operator.py
[2024-03-01T14:30:41.104+0000] {logging_mixin.py:188} INFO - [2024-03-01T14:30:41.104+0000] {dag.py:3036} INFO - Sync 1 DAGs
[2024-03-01T14:30:41.165+0000] {logging_mixin.py:188} INFO - [2024-03-01T14:30:41.165+0000] {dag.py:3823} INFO - Setting next_dagrun for example_branch_operator to 2024-02-29 00:00:00+00:00, run_after=2024-03-01 00:00:00+00:00
[2024-03-01T14:30:41.202+0000] {processor.py:183} INFO - Processing /home/airflow/.local/lib/python3.8/site-packages/airflow/example_dags/example_branch_operator.py took 0.298 seconds
[2024-03-01T14:31:14.036+0000] {processor.py:161} INFO - Started process (PID=318) to work on /home/airflow/.local/lib/python3.8/site-packages/airflow/example_dags/example_branch_operator.py
[2024-03-01T14:31:14.037+0000] {processor.py:830} INFO - Processing file /home/airflow/.local/lib/python3.8/site-packages/airflow/example_dags/example_branch_operator.py for tasks to queue
[2024-03-01T14:31:14.040+0000] {logging_mixin.py:188} INFO - [2024-03-01T14:31:14.040+0000] {dagbag.py:538} INFO - Filling up the DagBag from /home/airflow/.local/lib/python3.8/site-packages/airflow/example_dags/example_branch_operator.py
[2024-03-01T14:31:14.261+0000] {processor.py:840} INFO - DAG(s) 'example_branch_operator' retrieved from /home/airflow/.local/lib/python3.8/site-packages/airflow/example_dags/example_branch_operator.py
[2024-03-01T14:31:14.446+0000] {logging_mixin.py:188} INFO - [2024-03-01T14:31:14.445+0000] {dag.py:3036} INFO - Sync 1 DAGs
[2024-03-01T14:31:14.539+0000] {logging_mixin.py:188} INFO - [2024-03-01T14:31:14.539+0000] {dag.py:3823} INFO - Setting next_dagrun for example_branch_operator to 2024-02-29 00:00:00+00:00, run_after=2024-03-01 00:00:00+00:00
[2024-03-01T14:31:14.654+0000] {processor.py:183} INFO - Processing /home/airflow/.local/lib/python3.8/site-packages/airflow/example_dags/example_branch_operator.py took 0.630 seconds
