[2024-03-01T14:28:20.880+0000] {processor.py:161} INFO - Started process (PID=45) to work on /home/airflow/.local/lib/python3.8/site-packages/airflow/example_dags/example_branch_python_dop_operator_3.py
[2024-03-01T14:28:20.892+0000] {processor.py:830} INFO - Processing file /home/airflow/.local/lib/python3.8/site-packages/airflow/example_dags/example_branch_python_dop_operator_3.py for tasks to queue
[2024-03-01T14:28:20.904+0000] {logging_mixin.py:188} INFO - [2024-03-01T14:28:20.903+0000] {dagbag.py:538} INFO - Filling up the DagBag from /home/airflow/.local/lib/python3.8/site-packages/airflow/example_dags/example_branch_python_dop_operator_3.py
[2024-03-01T14:28:21.091+0000] {processor.py:840} INFO - DAG(s) 'example_branch_dop_operator_v3' retrieved from /home/airflow/.local/lib/python3.8/site-packages/airflow/example_dags/example_branch_python_dop_operator_3.py
[2024-03-01T14:28:25.150+0000] {logging_mixin.py:188} INFO - [2024-03-01T14:28:25.150+0000] {dag.py:3036} INFO - Sync 1 DAGs
[2024-03-01T14:28:25.398+0000] {logging_mixin.py:188} INFO - [2024-03-01T14:28:25.386+0000] {dag.py:3823} INFO - Setting next_dagrun for example_branch_dop_operator_v3 to 2024-03-01 14:27:00+00:00, run_after=2024-03-01 14:28:00+00:00
[2024-03-01T14:28:28.649+0000] {processor.py:183} INFO - Processing /home/airflow/.local/lib/python3.8/site-packages/airflow/example_dags/example_branch_python_dop_operator_3.py took 7.803 seconds
[2024-03-01T14:29:36.845+0000] {processor.py:161} INFO - Started process (PID=117) to work on /home/airflow/.local/lib/python3.8/site-packages/airflow/example_dags/example_branch_python_dop_operator_3.py
[2024-03-01T14:29:36.859+0000] {processor.py:830} INFO - Processing file /home/airflow/.local/lib/python3.8/site-packages/airflow/example_dags/example_branch_python_dop_operator_3.py for tasks to queue
[2024-03-01T14:29:36.863+0000] {logging_mixin.py:188} INFO - [2024-03-01T14:29:36.862+0000] {dagbag.py:538} INFO - Filling up the DagBag from /home/airflow/.local/lib/python3.8/site-packages/airflow/example_dags/example_branch_python_dop_operator_3.py
[2024-03-01T14:29:36.888+0000] {processor.py:840} INFO - DAG(s) 'example_branch_dop_operator_v3' retrieved from /home/airflow/.local/lib/python3.8/site-packages/airflow/example_dags/example_branch_python_dop_operator_3.py
[2024-03-01T14:29:36.956+0000] {logging_mixin.py:188} INFO - [2024-03-01T14:29:36.956+0000] {dag.py:3036} INFO - Sync 1 DAGs
[2024-03-01T14:29:37.053+0000] {logging_mixin.py:188} INFO - [2024-03-01T14:29:37.052+0000] {dag.py:3823} INFO - Setting next_dagrun for example_branch_dop_operator_v3 to 2024-03-01 14:28:00+00:00, run_after=2024-03-01 14:29:00+00:00
[2024-03-01T14:29:37.158+0000] {processor.py:183} INFO - Processing /home/airflow/.local/lib/python3.8/site-packages/airflow/example_dags/example_branch_python_dop_operator_3.py took 0.326 seconds
[2024-03-01T14:30:07.769+0000] {processor.py:161} INFO - Started process (PID=174) to work on /home/airflow/.local/lib/python3.8/site-packages/airflow/example_dags/example_branch_python_dop_operator_3.py
[2024-03-01T14:30:07.773+0000] {processor.py:830} INFO - Processing file /home/airflow/.local/lib/python3.8/site-packages/airflow/example_dags/example_branch_python_dop_operator_3.py for tasks to queue
[2024-03-01T14:30:07.779+0000] {logging_mixin.py:188} INFO - [2024-03-01T14:30:07.777+0000] {dagbag.py:538} INFO - Filling up the DagBag from /home/airflow/.local/lib/python3.8/site-packages/airflow/example_dags/example_branch_python_dop_operator_3.py
[2024-03-01T14:30:07.819+0000] {processor.py:840} INFO - DAG(s) 'example_branch_dop_operator_v3' retrieved from /home/airflow/.local/lib/python3.8/site-packages/airflow/example_dags/example_branch_python_dop_operator_3.py
[2024-03-01T14:30:07.874+0000] {logging_mixin.py:188} INFO - [2024-03-01T14:30:07.873+0000] {dag.py:3036} INFO - Sync 1 DAGs
[2024-03-01T14:30:07.978+0000] {logging_mixin.py:188} INFO - [2024-03-01T14:30:07.973+0000] {dag.py:3823} INFO - Setting next_dagrun for example_branch_dop_operator_v3 to 2024-03-01 14:29:00+00:00, run_after=2024-03-01 14:30:00+00:00
[2024-03-01T14:30:08.051+0000] {processor.py:183} INFO - Processing /home/airflow/.local/lib/python3.8/site-packages/airflow/example_dags/example_branch_python_dop_operator_3.py took 0.289 seconds
[2024-03-01T14:30:38.094+0000] {processor.py:161} INFO - Started process (PID=234) to work on /home/airflow/.local/lib/python3.8/site-packages/airflow/example_dags/example_branch_python_dop_operator_3.py
[2024-03-01T14:30:38.095+0000] {processor.py:830} INFO - Processing file /home/airflow/.local/lib/python3.8/site-packages/airflow/example_dags/example_branch_python_dop_operator_3.py for tasks to queue
[2024-03-01T14:30:38.098+0000] {logging_mixin.py:188} INFO - [2024-03-01T14:30:38.098+0000] {dagbag.py:538} INFO - Filling up the DagBag from /home/airflow/.local/lib/python3.8/site-packages/airflow/example_dags/example_branch_python_dop_operator_3.py
[2024-03-01T14:30:38.113+0000] {processor.py:840} INFO - DAG(s) 'example_branch_dop_operator_v3' retrieved from /home/airflow/.local/lib/python3.8/site-packages/airflow/example_dags/example_branch_python_dop_operator_3.py
[2024-03-01T14:30:38.156+0000] {logging_mixin.py:188} INFO - [2024-03-01T14:30:38.155+0000] {dag.py:3036} INFO - Sync 1 DAGs
[2024-03-01T14:30:38.228+0000] {logging_mixin.py:188} INFO - [2024-03-01T14:30:38.228+0000] {dag.py:3823} INFO - Setting next_dagrun for example_branch_dop_operator_v3 to 2024-03-01 14:29:00+00:00, run_after=2024-03-01 14:30:00+00:00
[2024-03-01T14:30:38.284+0000] {processor.py:183} INFO - Processing /home/airflow/.local/lib/python3.8/site-packages/airflow/example_dags/example_branch_python_dop_operator_3.py took 0.197 seconds
[2024-03-01T14:31:08.439+0000] {processor.py:161} INFO - Started process (PID=296) to work on /home/airflow/.local/lib/python3.8/site-packages/airflow/example_dags/example_branch_python_dop_operator_3.py
[2024-03-01T14:31:08.441+0000] {processor.py:830} INFO - Processing file /home/airflow/.local/lib/python3.8/site-packages/airflow/example_dags/example_branch_python_dop_operator_3.py for tasks to queue
[2024-03-01T14:31:08.452+0000] {logging_mixin.py:188} INFO - [2024-03-01T14:31:08.444+0000] {dagbag.py:538} INFO - Filling up the DagBag from /home/airflow/.local/lib/python3.8/site-packages/airflow/example_dags/example_branch_python_dop_operator_3.py
[2024-03-01T14:31:08.495+0000] {processor.py:840} INFO - DAG(s) 'example_branch_dop_operator_v3' retrieved from /home/airflow/.local/lib/python3.8/site-packages/airflow/example_dags/example_branch_python_dop_operator_3.py
[2024-03-01T14:31:08.608+0000] {logging_mixin.py:188} INFO - [2024-03-01T14:31:08.608+0000] {dag.py:3036} INFO - Sync 1 DAGs
[2024-03-01T14:31:08.735+0000] {logging_mixin.py:188} INFO - [2024-03-01T14:31:08.734+0000] {dag.py:3823} INFO - Setting next_dagrun for example_branch_dop_operator_v3 to 2024-03-01 14:30:00+00:00, run_after=2024-03-01 14:31:00+00:00
[2024-03-01T14:31:08.944+0000] {processor.py:183} INFO - Processing /home/airflow/.local/lib/python3.8/site-packages/airflow/example_dags/example_branch_python_dop_operator_3.py took 0.523 seconds
