[2024-03-01T14:28:33.444+0000] {processor.py:161} INFO - Started process (PID=53) to work on /home/airflow/.local/lib/python3.8/site-packages/airflow/example_dags/example_short_circuit_operator.py
[2024-03-01T14:28:33.445+0000] {processor.py:830} INFO - Processing file /home/airflow/.local/lib/python3.8/site-packages/airflow/example_dags/example_short_circuit_operator.py for tasks to queue
[2024-03-01T14:28:33.448+0000] {logging_mixin.py:188} INFO - [2024-03-01T14:28:33.447+0000] {dagbag.py:538} INFO - Filling up the DagBag from /home/airflow/.local/lib/python3.8/site-packages/airflow/example_dags/example_short_circuit_operator.py
[2024-03-01T14:28:33.470+0000] {processor.py:840} INFO - DAG(s) 'example_short_circuit_operator' retrieved from /home/airflow/.local/lib/python3.8/site-packages/airflow/example_dags/example_short_circuit_operator.py
[2024-03-01T14:28:34.357+0000] {logging_mixin.py:188} INFO - [2024-03-01T14:28:34.348+0000] {dag.py:3036} INFO - Sync 1 DAGs
[2024-03-01T14:28:34.507+0000] {logging_mixin.py:188} INFO - [2024-03-01T14:28:34.507+0000] {dag.py:3823} INFO - Setting next_dagrun for example_short_circuit_operator to 2024-02-29 00:00:00+00:00, run_after=2024-03-01 00:00:00+00:00
[2024-03-01T14:28:34.579+0000] {processor.py:183} INFO - Processing /home/airflow/.local/lib/python3.8/site-packages/airflow/example_dags/example_short_circuit_operator.py took 1.145 seconds
[2024-03-01T14:29:38.602+0000] {processor.py:161} INFO - Started process (PID=121) to work on /home/airflow/.local/lib/python3.8/site-packages/airflow/example_dags/example_short_circuit_operator.py
[2024-03-01T14:29:38.611+0000] {processor.py:830} INFO - Processing file /home/airflow/.local/lib/python3.8/site-packages/airflow/example_dags/example_short_circuit_operator.py for tasks to queue
[2024-03-01T14:29:38.615+0000] {logging_mixin.py:188} INFO - [2024-03-01T14:29:38.614+0000] {dagbag.py:538} INFO - Filling up the DagBag from /home/airflow/.local/lib/python3.8/site-packages/airflow/example_dags/example_short_circuit_operator.py
[2024-03-01T14:29:38.632+0000] {processor.py:840} INFO - DAG(s) 'example_short_circuit_operator' retrieved from /home/airflow/.local/lib/python3.8/site-packages/airflow/example_dags/example_short_circuit_operator.py
[2024-03-01T14:29:38.731+0000] {logging_mixin.py:188} INFO - [2024-03-01T14:29:38.730+0000] {dag.py:3036} INFO - Sync 1 DAGs
[2024-03-01T14:29:38.953+0000] {logging_mixin.py:188} INFO - [2024-03-01T14:29:38.952+0000] {dag.py:3823} INFO - Setting next_dagrun for example_short_circuit_operator to 2024-02-29 00:00:00+00:00, run_after=2024-03-01 00:00:00+00:00
[2024-03-01T14:29:39.136+0000] {processor.py:183} INFO - Processing /home/airflow/.local/lib/python3.8/site-packages/airflow/example_dags/example_short_circuit_operator.py took 0.539 seconds
[2024-03-01T14:30:09.499+0000] {processor.py:161} INFO - Started process (PID=184) to work on /home/airflow/.local/lib/python3.8/site-packages/airflow/example_dags/example_short_circuit_operator.py
[2024-03-01T14:30:09.510+0000] {processor.py:830} INFO - Processing file /home/airflow/.local/lib/python3.8/site-packages/airflow/example_dags/example_short_circuit_operator.py for tasks to queue
[2024-03-01T14:30:09.517+0000] {logging_mixin.py:188} INFO - [2024-03-01T14:30:09.517+0000] {dagbag.py:538} INFO - Filling up the DagBag from /home/airflow/.local/lib/python3.8/site-packages/airflow/example_dags/example_short_circuit_operator.py
[2024-03-01T14:30:09.544+0000] {processor.py:840} INFO - DAG(s) 'example_short_circuit_operator' retrieved from /home/airflow/.local/lib/python3.8/site-packages/airflow/example_dags/example_short_circuit_operator.py
[2024-03-01T14:30:09.611+0000] {logging_mixin.py:188} INFO - [2024-03-01T14:30:09.611+0000] {dag.py:3036} INFO - Sync 1 DAGs
[2024-03-01T14:30:09.669+0000] {logging_mixin.py:188} INFO - [2024-03-01T14:30:09.668+0000] {dag.py:3823} INFO - Setting next_dagrun for example_short_circuit_operator to 2024-02-29 00:00:00+00:00, run_after=2024-03-01 00:00:00+00:00
[2024-03-01T14:30:09.706+0000] {processor.py:183} INFO - Processing /home/airflow/.local/lib/python3.8/site-packages/airflow/example_dags/example_short_circuit_operator.py took 0.219 seconds
[2024-03-01T14:30:40.046+0000] {processor.py:161} INFO - Started process (PID=245) to work on /home/airflow/.local/lib/python3.8/site-packages/airflow/example_dags/example_short_circuit_operator.py
[2024-03-01T14:30:40.048+0000] {processor.py:830} INFO - Processing file /home/airflow/.local/lib/python3.8/site-packages/airflow/example_dags/example_short_circuit_operator.py for tasks to queue
[2024-03-01T14:30:40.050+0000] {logging_mixin.py:188} INFO - [2024-03-01T14:30:40.050+0000] {dagbag.py:538} INFO - Filling up the DagBag from /home/airflow/.local/lib/python3.8/site-packages/airflow/example_dags/example_short_circuit_operator.py
[2024-03-01T14:30:40.062+0000] {processor.py:840} INFO - DAG(s) 'example_short_circuit_operator' retrieved from /home/airflow/.local/lib/python3.8/site-packages/airflow/example_dags/example_short_circuit_operator.py
[2024-03-01T14:30:40.102+0000] {logging_mixin.py:188} INFO - [2024-03-01T14:30:40.101+0000] {dag.py:3036} INFO - Sync 1 DAGs
[2024-03-01T14:30:40.133+0000] {logging_mixin.py:188} INFO - [2024-03-01T14:30:40.133+0000] {dag.py:3823} INFO - Setting next_dagrun for example_short_circuit_operator to 2024-02-29 00:00:00+00:00, run_after=2024-03-01 00:00:00+00:00
[2024-03-01T14:30:40.159+0000] {processor.py:183} INFO - Processing /home/airflow/.local/lib/python3.8/site-packages/airflow/example_dags/example_short_circuit_operator.py took 0.117 seconds
[2024-03-01T14:31:11.552+0000] {processor.py:161} INFO - Started process (PID=303) to work on /home/airflow/.local/lib/python3.8/site-packages/airflow/example_dags/example_short_circuit_operator.py
[2024-03-01T14:31:11.554+0000] {processor.py:830} INFO - Processing file /home/airflow/.local/lib/python3.8/site-packages/airflow/example_dags/example_short_circuit_operator.py for tasks to queue
[2024-03-01T14:31:11.564+0000] {logging_mixin.py:188} INFO - [2024-03-01T14:31:11.563+0000] {dagbag.py:538} INFO - Filling up the DagBag from /home/airflow/.local/lib/python3.8/site-packages/airflow/example_dags/example_short_circuit_operator.py
[2024-03-01T14:31:11.586+0000] {processor.py:840} INFO - DAG(s) 'example_short_circuit_operator' retrieved from /home/airflow/.local/lib/python3.8/site-packages/airflow/example_dags/example_short_circuit_operator.py
[2024-03-01T14:31:11.770+0000] {logging_mixin.py:188} INFO - [2024-03-01T14:31:11.769+0000] {dag.py:3036} INFO - Sync 1 DAGs
[2024-03-01T14:31:11.831+0000] {logging_mixin.py:188} INFO - [2024-03-01T14:31:11.831+0000] {dag.py:3823} INFO - Setting next_dagrun for example_short_circuit_operator to 2024-02-29 00:00:00+00:00, run_after=2024-03-01 00:00:00+00:00
[2024-03-01T14:31:11.897+0000] {processor.py:183} INFO - Processing /home/airflow/.local/lib/python3.8/site-packages/airflow/example_dags/example_short_circuit_operator.py took 0.364 seconds
