[2024-03-01T14:29:11.508+0000] {processor.py:161} INFO - Started process (PID=89) to work on /home/airflow/.local/lib/python3.8/site-packages/airflow/example_dags/example_task_group.py
[2024-03-01T14:29:11.510+0000] {processor.py:830} INFO - Processing file /home/airflow/.local/lib/python3.8/site-packages/airflow/example_dags/example_task_group.py for tasks to queue
[2024-03-01T14:29:11.541+0000] {logging_mixin.py:188} INFO - [2024-03-01T14:29:11.541+0000] {dagbag.py:538} INFO - Filling up the DagBag from /home/airflow/.local/lib/python3.8/site-packages/airflow/example_dags/example_task_group.py
[2024-03-01T14:29:11.623+0000] {processor.py:840} INFO - DAG(s) 'example_task_group' retrieved from /home/airflow/.local/lib/python3.8/site-packages/airflow/example_dags/example_task_group.py
[2024-03-01T14:29:12.628+0000] {logging_mixin.py:188} INFO - [2024-03-01T14:29:12.627+0000] {dag.py:3036} INFO - Sync 1 DAGs
[2024-03-01T14:29:12.986+0000] {logging_mixin.py:188} INFO - [2024-03-01T14:29:12.985+0000] {dag.py:3823} INFO - Setting next_dagrun for example_task_group to 2024-02-29 00:00:00+00:00, run_after=2024-03-01 00:00:00+00:00
[2024-03-01T14:29:13.446+0000] {processor.py:183} INFO - Processing /home/airflow/.local/lib/python3.8/site-packages/airflow/example_dags/example_task_group.py took 2.014 seconds
[2024-03-01T14:29:43.589+0000] {processor.py:161} INFO - Started process (PID=151) to work on /home/airflow/.local/lib/python3.8/site-packages/airflow/example_dags/example_task_group.py
[2024-03-01T14:29:43.591+0000] {processor.py:830} INFO - Processing file /home/airflow/.local/lib/python3.8/site-packages/airflow/example_dags/example_task_group.py for tasks to queue
[2024-03-01T14:29:43.596+0000] {logging_mixin.py:188} INFO - [2024-03-01T14:29:43.596+0000] {dagbag.py:538} INFO - Filling up the DagBag from /home/airflow/.local/lib/python3.8/site-packages/airflow/example_dags/example_task_group.py
[2024-03-01T14:29:43.628+0000] {processor.py:840} INFO - DAG(s) 'example_task_group' retrieved from /home/airflow/.local/lib/python3.8/site-packages/airflow/example_dags/example_task_group.py
[2024-03-01T14:29:43.738+0000] {logging_mixin.py:188} INFO - [2024-03-01T14:29:43.738+0000] {dag.py:3036} INFO - Sync 1 DAGs
[2024-03-01T14:29:43.856+0000] {logging_mixin.py:188} INFO - [2024-03-01T14:29:43.854+0000] {dag.py:3823} INFO - Setting next_dagrun for example_task_group to 2024-02-29 00:00:00+00:00, run_after=2024-03-01 00:00:00+00:00
[2024-03-01T14:29:43.922+0000] {processor.py:183} INFO - Processing /home/airflow/.local/lib/python3.8/site-packages/airflow/example_dags/example_task_group.py took 0.344 seconds
[2024-03-01T14:30:14.056+0000] {processor.py:161} INFO - Started process (PID=213) to work on /home/airflow/.local/lib/python3.8/site-packages/airflow/example_dags/example_task_group.py
[2024-03-01T14:30:14.058+0000] {processor.py:830} INFO - Processing file /home/airflow/.local/lib/python3.8/site-packages/airflow/example_dags/example_task_group.py for tasks to queue
[2024-03-01T14:30:14.063+0000] {logging_mixin.py:188} INFO - [2024-03-01T14:30:14.062+0000] {dagbag.py:538} INFO - Filling up the DagBag from /home/airflow/.local/lib/python3.8/site-packages/airflow/example_dags/example_task_group.py
[2024-03-01T14:30:14.082+0000] {processor.py:840} INFO - DAG(s) 'example_task_group' retrieved from /home/airflow/.local/lib/python3.8/site-packages/airflow/example_dags/example_task_group.py
[2024-03-01T14:30:14.116+0000] {logging_mixin.py:188} INFO - [2024-03-01T14:30:14.116+0000] {dag.py:3036} INFO - Sync 1 DAGs
[2024-03-01T14:30:14.160+0000] {logging_mixin.py:188} INFO - [2024-03-01T14:30:14.159+0000] {dag.py:3823} INFO - Setting next_dagrun for example_task_group to 2024-02-29 00:00:00+00:00, run_after=2024-03-01 00:00:00+00:00
[2024-03-01T14:30:14.206+0000] {processor.py:183} INFO - Processing /home/airflow/.local/lib/python3.8/site-packages/airflow/example_dags/example_task_group.py took 0.157 seconds
[2024-03-01T14:30:44.697+0000] {processor.py:161} INFO - Started process (PID=275) to work on /home/airflow/.local/lib/python3.8/site-packages/airflow/example_dags/example_task_group.py
[2024-03-01T14:30:44.700+0000] {processor.py:830} INFO - Processing file /home/airflow/.local/lib/python3.8/site-packages/airflow/example_dags/example_task_group.py for tasks to queue
[2024-03-01T14:30:44.703+0000] {logging_mixin.py:188} INFO - [2024-03-01T14:30:44.703+0000] {dagbag.py:538} INFO - Filling up the DagBag from /home/airflow/.local/lib/python3.8/site-packages/airflow/example_dags/example_task_group.py
[2024-03-01T14:30:44.721+0000] {processor.py:840} INFO - DAG(s) 'example_task_group' retrieved from /home/airflow/.local/lib/python3.8/site-packages/airflow/example_dags/example_task_group.py
[2024-03-01T14:30:44.795+0000] {logging_mixin.py:188} INFO - [2024-03-01T14:30:44.794+0000] {dag.py:3036} INFO - Sync 1 DAGs
[2024-03-01T14:30:44.891+0000] {logging_mixin.py:188} INFO - [2024-03-01T14:30:44.891+0000] {dag.py:3823} INFO - Setting next_dagrun for example_task_group to 2024-02-29 00:00:00+00:00, run_after=2024-03-01 00:00:00+00:00
[2024-03-01T14:30:44.966+0000] {processor.py:183} INFO - Processing /home/airflow/.local/lib/python3.8/site-packages/airflow/example_dags/example_task_group.py took 0.275 seconds
[2024-03-01T14:31:18.823+0000] {processor.py:161} INFO - Started process (PID=336) to work on /home/airflow/.local/lib/python3.8/site-packages/airflow/example_dags/example_task_group.py
[2024-03-01T14:31:18.826+0000] {processor.py:830} INFO - Processing file /home/airflow/.local/lib/python3.8/site-packages/airflow/example_dags/example_task_group.py for tasks to queue
[2024-03-01T14:31:18.839+0000] {logging_mixin.py:188} INFO - [2024-03-01T14:31:18.830+0000] {dagbag.py:538} INFO - Filling up the DagBag from /home/airflow/.local/lib/python3.8/site-packages/airflow/example_dags/example_task_group.py
[2024-03-01T14:31:18.876+0000] {processor.py:840} INFO - DAG(s) 'example_task_group' retrieved from /home/airflow/.local/lib/python3.8/site-packages/airflow/example_dags/example_task_group.py
[2024-03-01T14:31:18.976+0000] {logging_mixin.py:188} INFO - [2024-03-01T14:31:18.976+0000] {dag.py:3036} INFO - Sync 1 DAGs
[2024-03-01T14:31:19.027+0000] {logging_mixin.py:188} INFO - [2024-03-01T14:31:19.026+0000] {dag.py:3823} INFO - Setting next_dagrun for example_task_group to 2024-02-29 00:00:00+00:00, run_after=2024-03-01 00:00:00+00:00
[2024-03-01T14:31:19.075+0000] {processor.py:183} INFO - Processing /home/airflow/.local/lib/python3.8/site-packages/airflow/example_dags/example_task_group.py took 0.266 seconds
