[2024-03-01T14:29:30.132+0000] {processor.py:161} INFO - Started process (PID=102) to work on /home/airflow/.local/lib/python3.8/site-packages/airflow/example_dags/example_bash_operator.py
[2024-03-01T14:29:30.133+0000] {processor.py:830} INFO - Processing file /home/airflow/.local/lib/python3.8/site-packages/airflow/example_dags/example_bash_operator.py for tasks to queue
[2024-03-01T14:29:30.137+0000] {logging_mixin.py:188} INFO - [2024-03-01T14:29:30.136+0000] {dagbag.py:538} INFO - Filling up the DagBag from /home/airflow/.local/lib/python3.8/site-packages/airflow/example_dags/example_bash_operator.py
[2024-03-01T14:29:30.198+0000] {processor.py:840} INFO - DAG(s) 'example_bash_operator' retrieved from /home/airflow/.local/lib/python3.8/site-packages/airflow/example_dags/example_bash_operator.py
[2024-03-01T14:29:31.065+0000] {logging_mixin.py:188} INFO - [2024-03-01T14:29:31.064+0000] {dag.py:3036} INFO - Sync 1 DAGs
[2024-03-01T14:29:31.222+0000] {logging_mixin.py:188} INFO - [2024-03-01T14:29:31.221+0000] {dag.py:3823} INFO - Setting next_dagrun for example_bash_operator to 2024-02-29 00:00:00+00:00, run_after=2024-03-01 00:00:00+00:00
[2024-03-01T14:29:31.421+0000] {processor.py:183} INFO - Processing /home/airflow/.local/lib/python3.8/site-packages/airflow/example_dags/example_bash_operator.py took 1.302 seconds
[2024-03-01T14:30:02.378+0000] {processor.py:161} INFO - Started process (PID=164) to work on /home/airflow/.local/lib/python3.8/site-packages/airflow/example_dags/example_bash_operator.py
[2024-03-01T14:30:02.380+0000] {processor.py:830} INFO - Processing file /home/airflow/.local/lib/python3.8/site-packages/airflow/example_dags/example_bash_operator.py for tasks to queue
[2024-03-01T14:30:02.382+0000] {logging_mixin.py:188} INFO - [2024-03-01T14:30:02.381+0000] {dagbag.py:538} INFO - Filling up the DagBag from /home/airflow/.local/lib/python3.8/site-packages/airflow/example_dags/example_bash_operator.py
[2024-03-01T14:30:02.402+0000] {processor.py:840} INFO - DAG(s) 'example_bash_operator' retrieved from /home/airflow/.local/lib/python3.8/site-packages/airflow/example_dags/example_bash_operator.py
[2024-03-01T14:30:02.449+0000] {logging_mixin.py:188} INFO - [2024-03-01T14:30:02.448+0000] {dag.py:3036} INFO - Sync 1 DAGs
[2024-03-01T14:30:02.480+0000] {logging_mixin.py:188} INFO - [2024-03-01T14:30:02.480+0000] {dag.py:3823} INFO - Setting next_dagrun for example_bash_operator to 2024-02-29 00:00:00+00:00, run_after=2024-03-01 00:00:00+00:00
[2024-03-01T14:30:02.512+0000] {processor.py:183} INFO - Processing /home/airflow/.local/lib/python3.8/site-packages/airflow/example_dags/example_bash_operator.py took 0.139 seconds
[2024-03-01T14:30:32.915+0000] {processor.py:161} INFO - Started process (PID=226) to work on /home/airflow/.local/lib/python3.8/site-packages/airflow/example_dags/example_bash_operator.py
[2024-03-01T14:30:32.917+0000] {processor.py:830} INFO - Processing file /home/airflow/.local/lib/python3.8/site-packages/airflow/example_dags/example_bash_operator.py for tasks to queue
[2024-03-01T14:30:32.921+0000] {logging_mixin.py:188} INFO - [2024-03-01T14:30:32.920+0000] {dagbag.py:538} INFO - Filling up the DagBag from /home/airflow/.local/lib/python3.8/site-packages/airflow/example_dags/example_bash_operator.py
[2024-03-01T14:30:32.950+0000] {processor.py:840} INFO - DAG(s) 'example_bash_operator' retrieved from /home/airflow/.local/lib/python3.8/site-packages/airflow/example_dags/example_bash_operator.py
[2024-03-01T14:30:33.132+0000] {logging_mixin.py:188} INFO - [2024-03-01T14:30:33.132+0000] {dag.py:3036} INFO - Sync 1 DAGs
[2024-03-01T14:30:33.238+0000] {logging_mixin.py:188} INFO - [2024-03-01T14:30:33.238+0000] {dag.py:3823} INFO - Setting next_dagrun for example_bash_operator to 2024-02-29 00:00:00+00:00, run_after=2024-03-01 00:00:00+00:00
[2024-03-01T14:30:33.476+0000] {processor.py:183} INFO - Processing /home/airflow/.local/lib/python3.8/site-packages/airflow/example_dags/example_bash_operator.py took 0.570 seconds
[2024-03-01T14:31:04.336+0000] {processor.py:161} INFO - Started process (PID=288) to work on /home/airflow/.local/lib/python3.8/site-packages/airflow/example_dags/example_bash_operator.py
[2024-03-01T14:31:04.350+0000] {processor.py:830} INFO - Processing file /home/airflow/.local/lib/python3.8/site-packages/airflow/example_dags/example_bash_operator.py for tasks to queue
[2024-03-01T14:31:04.353+0000] {logging_mixin.py:188} INFO - [2024-03-01T14:31:04.353+0000] {dagbag.py:538} INFO - Filling up the DagBag from /home/airflow/.local/lib/python3.8/site-packages/airflow/example_dags/example_bash_operator.py
[2024-03-01T14:31:04.447+0000] {processor.py:840} INFO - DAG(s) 'example_bash_operator' retrieved from /home/airflow/.local/lib/python3.8/site-packages/airflow/example_dags/example_bash_operator.py
[2024-03-01T14:31:04.684+0000] {logging_mixin.py:188} INFO - [2024-03-01T14:31:04.684+0000] {dag.py:3036} INFO - Sync 1 DAGs
[2024-03-01T14:31:04.948+0000] {logging_mixin.py:188} INFO - [2024-03-01T14:31:04.920+0000] {dag.py:3823} INFO - Setting next_dagrun for example_bash_operator to 2024-02-29 00:00:00+00:00, run_after=2024-03-01 00:00:00+00:00
[2024-03-01T14:31:05.044+0000] {processor.py:183} INFO - Processing /home/airflow/.local/lib/python3.8/site-packages/airflow/example_dags/example_bash_operator.py took 0.742 seconds
