[2024-03-01T14:28:44.984+0000] {processor.py:161} INFO - Started process (PID=69) to work on /home/airflow/.local/lib/python3.8/site-packages/airflow/example_dags/example_latest_only.py
[2024-03-01T14:28:44.985+0000] {processor.py:830} INFO - Processing file /home/airflow/.local/lib/python3.8/site-packages/airflow/example_dags/example_latest_only.py for tasks to queue
[2024-03-01T14:28:45.000+0000] {logging_mixin.py:188} INFO - [2024-03-01T14:28:44.999+0000] {dagbag.py:538} INFO - Filling up the DagBag from /home/airflow/.local/lib/python3.8/site-packages/airflow/example_dags/example_latest_only.py
[2024-03-01T14:28:45.048+0000] {processor.py:840} INFO - DAG(s) 'latest_only' retrieved from /home/airflow/.local/lib/python3.8/site-packages/airflow/example_dags/example_latest_only.py
[2024-03-01T14:28:45.843+0000] {logging_mixin.py:188} INFO - [2024-03-01T14:28:45.842+0000] {dag.py:3036} INFO - Sync 1 DAGs
[2024-03-01T14:28:45.975+0000] {logging_mixin.py:188} INFO - [2024-03-01T14:28:45.975+0000] {dag.py:3823} INFO - Setting next_dagrun for latest_only to 2024-03-01 08:00:00+00:00, run_after=2024-03-01 12:00:00+00:00
[2024-03-01T14:28:46.163+0000] {processor.py:183} INFO - Processing /home/airflow/.local/lib/python3.8/site-packages/airflow/example_dags/example_latest_only.py took 1.208 seconds
[2024-03-01T14:29:40.391+0000] {processor.py:161} INFO - Started process (PID=131) to work on /home/airflow/.local/lib/python3.8/site-packages/airflow/example_dags/example_latest_only.py
[2024-03-01T14:29:40.393+0000] {processor.py:830} INFO - Processing file /home/airflow/.local/lib/python3.8/site-packages/airflow/example_dags/example_latest_only.py for tasks to queue
[2024-03-01T14:29:40.396+0000] {logging_mixin.py:188} INFO - [2024-03-01T14:29:40.395+0000] {dagbag.py:538} INFO - Filling up the DagBag from /home/airflow/.local/lib/python3.8/site-packages/airflow/example_dags/example_latest_only.py
[2024-03-01T14:29:40.405+0000] {processor.py:840} INFO - DAG(s) 'latest_only' retrieved from /home/airflow/.local/lib/python3.8/site-packages/airflow/example_dags/example_latest_only.py
[2024-03-01T14:29:40.452+0000] {logging_mixin.py:188} INFO - [2024-03-01T14:29:40.452+0000] {dag.py:3036} INFO - Sync 1 DAGs
[2024-03-01T14:29:40.513+0000] {logging_mixin.py:188} INFO - [2024-03-01T14:29:40.513+0000] {dag.py:3823} INFO - Setting next_dagrun for latest_only to 2024-03-01 08:00:00+00:00, run_after=2024-03-01 12:00:00+00:00
[2024-03-01T14:29:40.571+0000] {processor.py:183} INFO - Processing /home/airflow/.local/lib/python3.8/site-packages/airflow/example_dags/example_latest_only.py took 0.185 seconds
[2024-03-01T14:30:10.727+0000] {processor.py:161} INFO - Started process (PID=193) to work on /home/airflow/.local/lib/python3.8/site-packages/airflow/example_dags/example_latest_only.py
[2024-03-01T14:30:10.729+0000] {processor.py:830} INFO - Processing file /home/airflow/.local/lib/python3.8/site-packages/airflow/example_dags/example_latest_only.py for tasks to queue
[2024-03-01T14:30:10.732+0000] {logging_mixin.py:188} INFO - [2024-03-01T14:30:10.732+0000] {dagbag.py:538} INFO - Filling up the DagBag from /home/airflow/.local/lib/python3.8/site-packages/airflow/example_dags/example_latest_only.py
[2024-03-01T14:30:10.740+0000] {processor.py:840} INFO - DAG(s) 'latest_only' retrieved from /home/airflow/.local/lib/python3.8/site-packages/airflow/example_dags/example_latest_only.py
[2024-03-01T14:30:10.768+0000] {logging_mixin.py:188} INFO - [2024-03-01T14:30:10.768+0000] {dag.py:3036} INFO - Sync 1 DAGs
[2024-03-01T14:30:10.810+0000] {logging_mixin.py:188} INFO - [2024-03-01T14:30:10.809+0000] {dag.py:3823} INFO - Setting next_dagrun for latest_only to 2024-03-01 08:00:00+00:00, run_after=2024-03-01 12:00:00+00:00
[2024-03-01T14:30:10.854+0000] {processor.py:183} INFO - Processing /home/airflow/.local/lib/python3.8/site-packages/airflow/example_dags/example_latest_only.py took 0.134 seconds
[2024-03-01T14:30:41.364+0000] {processor.py:161} INFO - Started process (PID=255) to work on /home/airflow/.local/lib/python3.8/site-packages/airflow/example_dags/example_latest_only.py
[2024-03-01T14:30:41.365+0000] {processor.py:830} INFO - Processing file /home/airflow/.local/lib/python3.8/site-packages/airflow/example_dags/example_latest_only.py for tasks to queue
[2024-03-01T14:30:41.368+0000] {logging_mixin.py:188} INFO - [2024-03-01T14:30:41.367+0000] {dagbag.py:538} INFO - Filling up the DagBag from /home/airflow/.local/lib/python3.8/site-packages/airflow/example_dags/example_latest_only.py
[2024-03-01T14:30:41.376+0000] {processor.py:840} INFO - DAG(s) 'latest_only' retrieved from /home/airflow/.local/lib/python3.8/site-packages/airflow/example_dags/example_latest_only.py
[2024-03-01T14:30:41.409+0000] {logging_mixin.py:188} INFO - [2024-03-01T14:30:41.409+0000] {dag.py:3036} INFO - Sync 1 DAGs
[2024-03-01T14:30:41.444+0000] {logging_mixin.py:188} INFO - [2024-03-01T14:30:41.444+0000] {dag.py:3823} INFO - Setting next_dagrun for latest_only to 2024-03-01 08:00:00+00:00, run_after=2024-03-01 12:00:00+00:00
[2024-03-01T14:30:41.551+0000] {processor.py:183} INFO - Processing /home/airflow/.local/lib/python3.8/site-packages/airflow/example_dags/example_latest_only.py took 0.194 seconds
[2024-03-01T14:31:15.624+0000] {processor.py:161} INFO - Started process (PID=322) to work on /home/airflow/.local/lib/python3.8/site-packages/airflow/example_dags/example_latest_only.py
[2024-03-01T14:31:15.636+0000] {processor.py:830} INFO - Processing file /home/airflow/.local/lib/python3.8/site-packages/airflow/example_dags/example_latest_only.py for tasks to queue
[2024-03-01T14:31:15.655+0000] {logging_mixin.py:188} INFO - [2024-03-01T14:31:15.652+0000] {dagbag.py:538} INFO - Filling up the DagBag from /home/airflow/.local/lib/python3.8/site-packages/airflow/example_dags/example_latest_only.py
[2024-03-01T14:31:15.716+0000] {processor.py:840} INFO - DAG(s) 'latest_only' retrieved from /home/airflow/.local/lib/python3.8/site-packages/airflow/example_dags/example_latest_only.py
[2024-03-01T14:31:15.839+0000] {logging_mixin.py:188} INFO - [2024-03-01T14:31:15.839+0000] {dag.py:3036} INFO - Sync 1 DAGs
[2024-03-01T14:31:16.003+0000] {logging_mixin.py:188} INFO - [2024-03-01T14:31:16.002+0000] {dag.py:3823} INFO - Setting next_dagrun for latest_only to 2024-03-01 08:00:00+00:00, run_after=2024-03-01 12:00:00+00:00
[2024-03-01T14:31:16.138+0000] {processor.py:183} INFO - Processing /home/airflow/.local/lib/python3.8/site-packages/airflow/example_dags/example_latest_only.py took 0.546 seconds
