[2024-03-01T14:28:38.236+0000] {processor.py:161} INFO - Started process (PID=58) to work on /home/airflow/.local/lib/python3.8/site-packages/airflow/example_dags/example_xcom.py
[2024-03-01T14:28:38.238+0000] {processor.py:830} INFO - Processing file /home/airflow/.local/lib/python3.8/site-packages/airflow/example_dags/example_xcom.py for tasks to queue
[2024-03-01T14:28:38.241+0000] {logging_mixin.py:188} INFO - [2024-03-01T14:28:38.240+0000] {dagbag.py:538} INFO - Filling up the DagBag from /home/airflow/.local/lib/python3.8/site-packages/airflow/example_dags/example_xcom.py
[2024-03-01T14:28:38.281+0000] {processor.py:840} INFO - DAG(s) 'example_xcom' retrieved from /home/airflow/.local/lib/python3.8/site-packages/airflow/example_dags/example_xcom.py
[2024-03-01T14:28:39.265+0000] {logging_mixin.py:188} INFO - [2024-03-01T14:28:39.253+0000] {dag.py:3036} INFO - Sync 1 DAGs
[2024-03-01T14:28:39.474+0000] {logging_mixin.py:188} INFO - [2024-03-01T14:28:39.474+0000] {dag.py:3823} INFO - Setting next_dagrun for example_xcom to 2021-01-01 00:00:00+00:00, run_after=2021-01-01 00:00:00+00:00
[2024-03-01T14:28:39.719+0000] {processor.py:183} INFO - Processing /home/airflow/.local/lib/python3.8/site-packages/airflow/example_dags/example_xcom.py took 1.489 seconds
[2024-03-01T14:29:39.491+0000] {processor.py:161} INFO - Started process (PID=126) to work on /home/airflow/.local/lib/python3.8/site-packages/airflow/example_dags/example_xcom.py
[2024-03-01T14:29:39.493+0000] {processor.py:830} INFO - Processing file /home/airflow/.local/lib/python3.8/site-packages/airflow/example_dags/example_xcom.py for tasks to queue
[2024-03-01T14:29:39.496+0000] {logging_mixin.py:188} INFO - [2024-03-01T14:29:39.496+0000] {dagbag.py:538} INFO - Filling up the DagBag from /home/airflow/.local/lib/python3.8/site-packages/airflow/example_dags/example_xcom.py
[2024-03-01T14:29:39.511+0000] {processor.py:840} INFO - DAG(s) 'example_xcom' retrieved from /home/airflow/.local/lib/python3.8/site-packages/airflow/example_dags/example_xcom.py
[2024-03-01T14:29:39.562+0000] {logging_mixin.py:188} INFO - [2024-03-01T14:29:39.562+0000] {dag.py:3036} INFO - Sync 1 DAGs
[2024-03-01T14:29:39.667+0000] {logging_mixin.py:188} INFO - [2024-03-01T14:29:39.664+0000] {dag.py:3823} INFO - Setting next_dagrun for example_xcom to 2021-01-01 00:00:00+00:00, run_after=2021-01-01 00:00:00+00:00
[2024-03-01T14:29:39.748+0000] {processor.py:183} INFO - Processing /home/airflow/.local/lib/python3.8/site-packages/airflow/example_dags/example_xcom.py took 0.261 seconds
[2024-03-01T14:30:10.125+0000] {processor.py:161} INFO - Started process (PID=188) to work on /home/airflow/.local/lib/python3.8/site-packages/airflow/example_dags/example_xcom.py
[2024-03-01T14:30:10.126+0000] {processor.py:830} INFO - Processing file /home/airflow/.local/lib/python3.8/site-packages/airflow/example_dags/example_xcom.py for tasks to queue
[2024-03-01T14:30:10.130+0000] {logging_mixin.py:188} INFO - [2024-03-01T14:30:10.129+0000] {dagbag.py:538} INFO - Filling up the DagBag from /home/airflow/.local/lib/python3.8/site-packages/airflow/example_dags/example_xcom.py
[2024-03-01T14:30:10.149+0000] {processor.py:840} INFO - DAG(s) 'example_xcom' retrieved from /home/airflow/.local/lib/python3.8/site-packages/airflow/example_dags/example_xcom.py
[2024-03-01T14:30:10.223+0000] {logging_mixin.py:188} INFO - [2024-03-01T14:30:10.222+0000] {dag.py:3036} INFO - Sync 1 DAGs
[2024-03-01T14:30:10.301+0000] {logging_mixin.py:188} INFO - [2024-03-01T14:30:10.301+0000] {dag.py:3823} INFO - Setting next_dagrun for example_xcom to 2021-01-01 00:00:00+00:00, run_after=2021-01-01 00:00:00+00:00
[2024-03-01T14:30:10.360+0000] {processor.py:183} INFO - Processing /home/airflow/.local/lib/python3.8/site-packages/airflow/example_dags/example_xcom.py took 0.246 seconds
[2024-03-01T14:30:40.647+0000] {processor.py:161} INFO - Started process (PID=250) to work on /home/airflow/.local/lib/python3.8/site-packages/airflow/example_dags/example_xcom.py
[2024-03-01T14:30:40.651+0000] {processor.py:830} INFO - Processing file /home/airflow/.local/lib/python3.8/site-packages/airflow/example_dags/example_xcom.py for tasks to queue
[2024-03-01T14:30:40.655+0000] {logging_mixin.py:188} INFO - [2024-03-01T14:30:40.654+0000] {dagbag.py:538} INFO - Filling up the DagBag from /home/airflow/.local/lib/python3.8/site-packages/airflow/example_dags/example_xcom.py
[2024-03-01T14:30:40.702+0000] {processor.py:840} INFO - DAG(s) 'example_xcom' retrieved from /home/airflow/.local/lib/python3.8/site-packages/airflow/example_dags/example_xcom.py
[2024-03-01T14:30:40.838+0000] {logging_mixin.py:188} INFO - [2024-03-01T14:30:40.838+0000] {dag.py:3036} INFO - Sync 1 DAGs
[2024-03-01T14:30:40.903+0000] {logging_mixin.py:188} INFO - [2024-03-01T14:30:40.902+0000] {dag.py:3823} INFO - Setting next_dagrun for example_xcom to 2021-01-01 00:00:00+00:00, run_after=2021-01-01 00:00:00+00:00
[2024-03-01T14:30:41.019+0000] {processor.py:183} INFO - Processing /home/airflow/.local/lib/python3.8/site-packages/airflow/example_dags/example_xcom.py took 0.388 seconds
[2024-03-01T14:31:13.706+0000] {processor.py:161} INFO - Started process (PID=317) to work on /home/airflow/.local/lib/python3.8/site-packages/airflow/example_dags/example_xcom.py
[2024-03-01T14:31:13.709+0000] {processor.py:830} INFO - Processing file /home/airflow/.local/lib/python3.8/site-packages/airflow/example_dags/example_xcom.py for tasks to queue
[2024-03-01T14:31:13.713+0000] {logging_mixin.py:188} INFO - [2024-03-01T14:31:13.712+0000] {dagbag.py:538} INFO - Filling up the DagBag from /home/airflow/.local/lib/python3.8/site-packages/airflow/example_dags/example_xcom.py
[2024-03-01T14:31:13.737+0000] {processor.py:840} INFO - DAG(s) 'example_xcom' retrieved from /home/airflow/.local/lib/python3.8/site-packages/airflow/example_dags/example_xcom.py
[2024-03-01T14:31:13.927+0000] {logging_mixin.py:188} INFO - [2024-03-01T14:31:13.926+0000] {dag.py:3036} INFO - Sync 1 DAGs
[2024-03-01T14:31:14.226+0000] {logging_mixin.py:188} INFO - [2024-03-01T14:31:14.225+0000] {dag.py:3823} INFO - Setting next_dagrun for example_xcom to 2021-01-01 00:00:00+00:00, run_after=2021-01-01 00:00:00+00:00
[2024-03-01T14:31:14.359+0000] {processor.py:183} INFO - Processing /home/airflow/.local/lib/python3.8/site-packages/airflow/example_dags/example_xcom.py took 0.661 seconds
