[2024-03-01T14:28:45.920+0000] {processor.py:161} INFO - Started process (PID=70) to work on /home/airflow/.local/lib/python3.8/site-packages/airflow/example_dags/example_branch_day_of_week_operator.py
[2024-03-01T14:28:45.930+0000] {processor.py:830} INFO - Processing file /home/airflow/.local/lib/python3.8/site-packages/airflow/example_dags/example_branch_day_of_week_operator.py for tasks to queue
[2024-03-01T14:28:46.000+0000] {logging_mixin.py:188} INFO - [2024-03-01T14:28:45.989+0000] {dagbag.py:538} INFO - Filling up the DagBag from /home/airflow/.local/lib/python3.8/site-packages/airflow/example_dags/example_branch_day_of_week_operator.py
[2024-03-01T14:28:46.237+0000] {processor.py:840} INFO - DAG(s) 'example_weekday_branch_operator' retrieved from /home/airflow/.local/lib/python3.8/site-packages/airflow/example_dags/example_branch_day_of_week_operator.py
[2024-03-01T14:28:47.202+0000] {logging_mixin.py:188} INFO - [2024-03-01T14:28:47.201+0000] {dag.py:3036} INFO - Sync 1 DAGs
[2024-03-01T14:28:47.444+0000] {logging_mixin.py:188} INFO - [2024-03-01T14:28:47.428+0000] {dag.py:3823} INFO - Setting next_dagrun for example_weekday_branch_operator to 2024-02-29 00:00:00+00:00, run_after=2024-03-01 00:00:00+00:00
[2024-03-01T14:28:47.534+0000] {processor.py:183} INFO - Processing /home/airflow/.local/lib/python3.8/site-packages/airflow/example_dags/example_branch_day_of_week_operator.py took 1.790 seconds
[2024-03-01T14:29:40.569+0000] {processor.py:161} INFO - Started process (PID=132) to work on /home/airflow/.local/lib/python3.8/site-packages/airflow/example_dags/example_branch_day_of_week_operator.py
[2024-03-01T14:29:40.572+0000] {processor.py:830} INFO - Processing file /home/airflow/.local/lib/python3.8/site-packages/airflow/example_dags/example_branch_day_of_week_operator.py for tasks to queue
[2024-03-01T14:29:40.576+0000] {logging_mixin.py:188} INFO - [2024-03-01T14:29:40.575+0000] {dagbag.py:538} INFO - Filling up the DagBag from /home/airflow/.local/lib/python3.8/site-packages/airflow/example_dags/example_branch_day_of_week_operator.py
[2024-03-01T14:29:40.598+0000] {processor.py:840} INFO - DAG(s) 'example_weekday_branch_operator' retrieved from /home/airflow/.local/lib/python3.8/site-packages/airflow/example_dags/example_branch_day_of_week_operator.py
[2024-03-01T14:29:40.673+0000] {logging_mixin.py:188} INFO - [2024-03-01T14:29:40.673+0000] {dag.py:3036} INFO - Sync 1 DAGs
[2024-03-01T14:29:40.761+0000] {logging_mixin.py:188} INFO - [2024-03-01T14:29:40.761+0000] {dag.py:3823} INFO - Setting next_dagrun for example_weekday_branch_operator to 2024-02-29 00:00:00+00:00, run_after=2024-03-01 00:00:00+00:00
[2024-03-01T14:29:40.817+0000] {processor.py:183} INFO - Processing /home/airflow/.local/lib/python3.8/site-packages/airflow/example_dags/example_branch_day_of_week_operator.py took 0.255 seconds
[2024-03-01T14:30:10.890+0000] {processor.py:161} INFO - Started process (PID=194) to work on /home/airflow/.local/lib/python3.8/site-packages/airflow/example_dags/example_branch_day_of_week_operator.py
[2024-03-01T14:30:10.892+0000] {processor.py:830} INFO - Processing file /home/airflow/.local/lib/python3.8/site-packages/airflow/example_dags/example_branch_day_of_week_operator.py for tasks to queue
[2024-03-01T14:30:10.897+0000] {logging_mixin.py:188} INFO - [2024-03-01T14:30:10.896+0000] {dagbag.py:538} INFO - Filling up the DagBag from /home/airflow/.local/lib/python3.8/site-packages/airflow/example_dags/example_branch_day_of_week_operator.py
[2024-03-01T14:30:10.915+0000] {processor.py:840} INFO - DAG(s) 'example_weekday_branch_operator' retrieved from /home/airflow/.local/lib/python3.8/site-packages/airflow/example_dags/example_branch_day_of_week_operator.py
[2024-03-01T14:30:10.955+0000] {logging_mixin.py:188} INFO - [2024-03-01T14:30:10.955+0000] {dag.py:3036} INFO - Sync 1 DAGs
[2024-03-01T14:30:10.993+0000] {logging_mixin.py:188} INFO - [2024-03-01T14:30:10.992+0000] {dag.py:3823} INFO - Setting next_dagrun for example_weekday_branch_operator to 2024-02-29 00:00:00+00:00, run_after=2024-03-01 00:00:00+00:00
[2024-03-01T14:30:11.022+0000] {processor.py:183} INFO - Processing /home/airflow/.local/lib/python3.8/site-packages/airflow/example_dags/example_branch_day_of_week_operator.py took 0.139 seconds
[2024-03-01T14:30:41.414+0000] {processor.py:161} INFO - Started process (PID=256) to work on /home/airflow/.local/lib/python3.8/site-packages/airflow/example_dags/example_branch_day_of_week_operator.py
[2024-03-01T14:30:41.421+0000] {processor.py:830} INFO - Processing file /home/airflow/.local/lib/python3.8/site-packages/airflow/example_dags/example_branch_day_of_week_operator.py for tasks to queue
[2024-03-01T14:30:41.424+0000] {logging_mixin.py:188} INFO - [2024-03-01T14:30:41.423+0000] {dagbag.py:538} INFO - Filling up the DagBag from /home/airflow/.local/lib/python3.8/site-packages/airflow/example_dags/example_branch_day_of_week_operator.py
[2024-03-01T14:30:41.435+0000] {processor.py:840} INFO - DAG(s) 'example_weekday_branch_operator' retrieved from /home/airflow/.local/lib/python3.8/site-packages/airflow/example_dags/example_branch_day_of_week_operator.py
[2024-03-01T14:30:41.517+0000] {logging_mixin.py:188} INFO - [2024-03-01T14:30:41.516+0000] {dag.py:3036} INFO - Sync 1 DAGs
[2024-03-01T14:30:41.710+0000] {logging_mixin.py:188} INFO - [2024-03-01T14:30:41.709+0000] {dag.py:3823} INFO - Setting next_dagrun for example_weekday_branch_operator to 2024-02-29 00:00:00+00:00, run_after=2024-03-01 00:00:00+00:00
[2024-03-01T14:30:42.050+0000] {processor.py:183} INFO - Processing /home/airflow/.local/lib/python3.8/site-packages/airflow/example_dags/example_branch_day_of_week_operator.py took 0.642 seconds
[2024-03-01T14:31:15.709+0000] {processor.py:161} INFO - Started process (PID=323) to work on /home/airflow/.local/lib/python3.8/site-packages/airflow/example_dags/example_branch_day_of_week_operator.py
[2024-03-01T14:31:15.710+0000] {processor.py:830} INFO - Processing file /home/airflow/.local/lib/python3.8/site-packages/airflow/example_dags/example_branch_day_of_week_operator.py for tasks to queue
[2024-03-01T14:31:15.725+0000] {logging_mixin.py:188} INFO - [2024-03-01T14:31:15.724+0000] {dagbag.py:538} INFO - Filling up the DagBag from /home/airflow/.local/lib/python3.8/site-packages/airflow/example_dags/example_branch_day_of_week_operator.py
[2024-03-01T14:31:15.776+0000] {processor.py:840} INFO - DAG(s) 'example_weekday_branch_operator' retrieved from /home/airflow/.local/lib/python3.8/site-packages/airflow/example_dags/example_branch_day_of_week_operator.py
[2024-03-01T14:31:15.937+0000] {logging_mixin.py:188} INFO - [2024-03-01T14:31:15.936+0000] {dag.py:3036} INFO - Sync 1 DAGs
[2024-03-01T14:31:16.079+0000] {logging_mixin.py:188} INFO - [2024-03-01T14:31:16.079+0000] {dag.py:3823} INFO - Setting next_dagrun for example_weekday_branch_operator to 2024-02-29 00:00:00+00:00, run_after=2024-03-01 00:00:00+00:00
[2024-03-01T14:31:16.192+0000] {processor.py:183} INFO - Processing /home/airflow/.local/lib/python3.8/site-packages/airflow/example_dags/example_branch_day_of_week_operator.py took 0.502 seconds
