[2024-03-01T14:28:46.936+0000] {processor.py:161} INFO - Started process (PID=71) to work on /home/airflow/.local/lib/python3.8/site-packages/airflow/example_dags/example_skip_dag.py
[2024-03-01T14:28:46.939+0000] {processor.py:830} INFO - Processing file /home/airflow/.local/lib/python3.8/site-packages/airflow/example_dags/example_skip_dag.py for tasks to queue
[2024-03-01T14:28:46.946+0000] {logging_mixin.py:188} INFO - [2024-03-01T14:28:46.946+0000] {dagbag.py:538} INFO - Filling up the DagBag from /home/airflow/.local/lib/python3.8/site-packages/airflow/example_dags/example_skip_dag.py
[2024-03-01T14:28:47.160+0000] {processor.py:840} INFO - DAG(s) 'example_skip_dag' retrieved from /home/airflow/.local/lib/python3.8/site-packages/airflow/example_dags/example_skip_dag.py
[2024-03-01T14:28:48.355+0000] {logging_mixin.py:188} INFO - [2024-03-01T14:28:48.344+0000] {dag.py:3036} INFO - Sync 1 DAGs
[2024-03-01T14:28:48.939+0000] {logging_mixin.py:188} INFO - [2024-03-01T14:28:48.939+0000] {dag.py:3823} INFO - Setting next_dagrun for example_skip_dag to 2024-02-29 00:00:00+00:00, run_after=2024-03-01 00:00:00+00:00
[2024-03-01T14:28:49.260+0000] {processor.py:183} INFO - Processing /home/airflow/.local/lib/python3.8/site-packages/airflow/example_dags/example_skip_dag.py took 2.483 seconds
[2024-03-01T14:29:40.628+0000] {processor.py:161} INFO - Started process (PID=133) to work on /home/airflow/.local/lib/python3.8/site-packages/airflow/example_dags/example_skip_dag.py
[2024-03-01T14:29:40.630+0000] {processor.py:830} INFO - Processing file /home/airflow/.local/lib/python3.8/site-packages/airflow/example_dags/example_skip_dag.py for tasks to queue
[2024-03-01T14:29:40.633+0000] {logging_mixin.py:188} INFO - [2024-03-01T14:29:40.633+0000] {dagbag.py:538} INFO - Filling up the DagBag from /home/airflow/.local/lib/python3.8/site-packages/airflow/example_dags/example_skip_dag.py
[2024-03-01T14:29:40.669+0000] {processor.py:840} INFO - DAG(s) 'example_skip_dag' retrieved from /home/airflow/.local/lib/python3.8/site-packages/airflow/example_dags/example_skip_dag.py
[2024-03-01T14:29:40.764+0000] {logging_mixin.py:188} INFO - [2024-03-01T14:29:40.763+0000] {dag.py:3036} INFO - Sync 1 DAGs
[2024-03-01T14:29:40.823+0000] {logging_mixin.py:188} INFO - [2024-03-01T14:29:40.822+0000] {dag.py:3823} INFO - Setting next_dagrun for example_skip_dag to 2024-02-29 00:00:00+00:00, run_after=2024-03-01 00:00:00+00:00
[2024-03-01T14:29:40.878+0000] {processor.py:183} INFO - Processing /home/airflow/.local/lib/python3.8/site-packages/airflow/example_dags/example_skip_dag.py took 0.259 seconds
[2024-03-01T14:30:11.054+0000] {processor.py:161} INFO - Started process (PID=195) to work on /home/airflow/.local/lib/python3.8/site-packages/airflow/example_dags/example_skip_dag.py
[2024-03-01T14:30:11.056+0000] {processor.py:830} INFO - Processing file /home/airflow/.local/lib/python3.8/site-packages/airflow/example_dags/example_skip_dag.py for tasks to queue
[2024-03-01T14:30:11.059+0000] {logging_mixin.py:188} INFO - [2024-03-01T14:30:11.058+0000] {dagbag.py:538} INFO - Filling up the DagBag from /home/airflow/.local/lib/python3.8/site-packages/airflow/example_dags/example_skip_dag.py
[2024-03-01T14:30:11.071+0000] {processor.py:840} INFO - DAG(s) 'example_skip_dag' retrieved from /home/airflow/.local/lib/python3.8/site-packages/airflow/example_dags/example_skip_dag.py
[2024-03-01T14:30:11.104+0000] {logging_mixin.py:188} INFO - [2024-03-01T14:30:11.103+0000] {dag.py:3036} INFO - Sync 1 DAGs
[2024-03-01T14:30:11.138+0000] {logging_mixin.py:188} INFO - [2024-03-01T14:30:11.138+0000] {dag.py:3823} INFO - Setting next_dagrun for example_skip_dag to 2024-02-29 00:00:00+00:00, run_after=2024-03-01 00:00:00+00:00
[2024-03-01T14:30:11.170+0000] {processor.py:183} INFO - Processing /home/airflow/.local/lib/python3.8/site-packages/airflow/example_dags/example_skip_dag.py took 0.123 seconds
[2024-03-01T14:30:41.764+0000] {processor.py:161} INFO - Started process (PID=257) to work on /home/airflow/.local/lib/python3.8/site-packages/airflow/example_dags/example_skip_dag.py
[2024-03-01T14:30:41.773+0000] {processor.py:830} INFO - Processing file /home/airflow/.local/lib/python3.8/site-packages/airflow/example_dags/example_skip_dag.py for tasks to queue
[2024-03-01T14:30:41.782+0000] {logging_mixin.py:188} INFO - [2024-03-01T14:30:41.781+0000] {dagbag.py:538} INFO - Filling up the DagBag from /home/airflow/.local/lib/python3.8/site-packages/airflow/example_dags/example_skip_dag.py
[2024-03-01T14:30:41.833+0000] {processor.py:840} INFO - DAG(s) 'example_skip_dag' retrieved from /home/airflow/.local/lib/python3.8/site-packages/airflow/example_dags/example_skip_dag.py
[2024-03-01T14:30:42.083+0000] {logging_mixin.py:188} INFO - [2024-03-01T14:30:42.082+0000] {dag.py:3036} INFO - Sync 1 DAGs
[2024-03-01T14:30:42.427+0000] {logging_mixin.py:188} INFO - [2024-03-01T14:30:42.426+0000] {dag.py:3823} INFO - Setting next_dagrun for example_skip_dag to 2024-02-29 00:00:00+00:00, run_after=2024-03-01 00:00:00+00:00
[2024-03-01T14:30:42.616+0000] {processor.py:183} INFO - Processing /home/airflow/.local/lib/python3.8/site-packages/airflow/example_dags/example_skip_dag.py took 0.929 seconds
[2024-03-01T14:31:16.241+0000] {processor.py:161} INFO - Started process (PID=324) to work on /home/airflow/.local/lib/python3.8/site-packages/airflow/example_dags/example_skip_dag.py
[2024-03-01T14:31:16.254+0000] {processor.py:830} INFO - Processing file /home/airflow/.local/lib/python3.8/site-packages/airflow/example_dags/example_skip_dag.py for tasks to queue
[2024-03-01T14:31:16.258+0000] {logging_mixin.py:188} INFO - [2024-03-01T14:31:16.257+0000] {dagbag.py:538} INFO - Filling up the DagBag from /home/airflow/.local/lib/python3.8/site-packages/airflow/example_dags/example_skip_dag.py
[2024-03-01T14:31:16.303+0000] {processor.py:840} INFO - DAG(s) 'example_skip_dag' retrieved from /home/airflow/.local/lib/python3.8/site-packages/airflow/example_dags/example_skip_dag.py
[2024-03-01T14:31:16.435+0000] {logging_mixin.py:188} INFO - [2024-03-01T14:31:16.434+0000] {dag.py:3036} INFO - Sync 1 DAGs
[2024-03-01T14:31:16.585+0000] {logging_mixin.py:188} INFO - [2024-03-01T14:31:16.584+0000] {dag.py:3823} INFO - Setting next_dagrun for example_skip_dag to 2024-02-29 00:00:00+00:00, run_after=2024-03-01 00:00:00+00:00
[2024-03-01T14:31:16.727+0000] {processor.py:183} INFO - Processing /home/airflow/.local/lib/python3.8/site-packages/airflow/example_dags/example_skip_dag.py took 0.504 seconds
