[2024-03-01T14:29:15.438+0000] {processor.py:161} INFO - Started process (PID=92) to work on /home/airflow/.local/lib/python3.8/site-packages/airflow/example_dags/example_setup_teardown.py
[2024-03-01T14:29:15.439+0000] {processor.py:830} INFO - Processing file /home/airflow/.local/lib/python3.8/site-packages/airflow/example_dags/example_setup_teardown.py for tasks to queue
[2024-03-01T14:29:15.455+0000] {logging_mixin.py:188} INFO - [2024-03-01T14:29:15.454+0000] {dagbag.py:538} INFO - Filling up the DagBag from /home/airflow/.local/lib/python3.8/site-packages/airflow/example_dags/example_setup_teardown.py
[2024-03-01T14:29:15.536+0000] {processor.py:840} INFO - DAG(s) 'example_setup_teardown' retrieved from /home/airflow/.local/lib/python3.8/site-packages/airflow/example_dags/example_setup_teardown.py
[2024-03-01T14:29:17.427+0000] {logging_mixin.py:188} INFO - [2024-03-01T14:29:17.426+0000] {dag.py:3036} INFO - Sync 1 DAGs
[2024-03-01T14:29:17.720+0000] {logging_mixin.py:188} INFO - [2024-03-01T14:29:17.719+0000] {dag.py:3823} INFO - Setting next_dagrun for example_setup_teardown to 2024-02-29 00:00:00+00:00, run_after=2024-03-01 00:00:00+00:00
[2024-03-01T14:29:18.189+0000] {processor.py:183} INFO - Processing /home/airflow/.local/lib/python3.8/site-packages/airflow/example_dags/example_setup_teardown.py took 2.780 seconds
[2024-03-01T14:29:48.506+0000] {processor.py:161} INFO - Started process (PID=154) to work on /home/airflow/.local/lib/python3.8/site-packages/airflow/example_dags/example_setup_teardown.py
[2024-03-01T14:29:48.520+0000] {processor.py:830} INFO - Processing file /home/airflow/.local/lib/python3.8/site-packages/airflow/example_dags/example_setup_teardown.py for tasks to queue
[2024-03-01T14:29:48.523+0000] {logging_mixin.py:188} INFO - [2024-03-01T14:29:48.522+0000] {dagbag.py:538} INFO - Filling up the DagBag from /home/airflow/.local/lib/python3.8/site-packages/airflow/example_dags/example_setup_teardown.py
[2024-03-01T14:29:48.596+0000] {processor.py:840} INFO - DAG(s) 'example_setup_teardown' retrieved from /home/airflow/.local/lib/python3.8/site-packages/airflow/example_dags/example_setup_teardown.py
[2024-03-01T14:29:48.762+0000] {logging_mixin.py:188} INFO - [2024-03-01T14:29:48.761+0000] {dag.py:3036} INFO - Sync 1 DAGs
[2024-03-01T14:29:48.928+0000] {logging_mixin.py:188} INFO - [2024-03-01T14:29:48.927+0000] {dag.py:3823} INFO - Setting next_dagrun for example_setup_teardown to 2024-02-29 00:00:00+00:00, run_after=2024-03-01 00:00:00+00:00
[2024-03-01T14:29:49.103+0000] {processor.py:183} INFO - Processing /home/airflow/.local/lib/python3.8/site-packages/airflow/example_dags/example_setup_teardown.py took 0.605 seconds
[2024-03-01T14:30:19.499+0000] {processor.py:161} INFO - Started process (PID=216) to work on /home/airflow/.local/lib/python3.8/site-packages/airflow/example_dags/example_setup_teardown.py
[2024-03-01T14:30:19.508+0000] {processor.py:830} INFO - Processing file /home/airflow/.local/lib/python3.8/site-packages/airflow/example_dags/example_setup_teardown.py for tasks to queue
[2024-03-01T14:30:19.512+0000] {logging_mixin.py:188} INFO - [2024-03-01T14:30:19.511+0000] {dagbag.py:538} INFO - Filling up the DagBag from /home/airflow/.local/lib/python3.8/site-packages/airflow/example_dags/example_setup_teardown.py
[2024-03-01T14:30:19.561+0000] {processor.py:840} INFO - DAG(s) 'example_setup_teardown' retrieved from /home/airflow/.local/lib/python3.8/site-packages/airflow/example_dags/example_setup_teardown.py
[2024-03-01T14:30:19.667+0000] {logging_mixin.py:188} INFO - [2024-03-01T14:30:19.667+0000] {dag.py:3036} INFO - Sync 1 DAGs
[2024-03-01T14:30:19.726+0000] {logging_mixin.py:188} INFO - [2024-03-01T14:30:19.726+0000] {dag.py:3823} INFO - Setting next_dagrun for example_setup_teardown to 2024-02-29 00:00:00+00:00, run_after=2024-03-01 00:00:00+00:00
[2024-03-01T14:30:19.764+0000] {processor.py:183} INFO - Processing /home/airflow/.local/lib/python3.8/site-packages/airflow/example_dags/example_setup_teardown.py took 0.274 seconds
[2024-03-01T14:30:50.293+0000] {processor.py:161} INFO - Started process (PID=278) to work on /home/airflow/.local/lib/python3.8/site-packages/airflow/example_dags/example_setup_teardown.py
[2024-03-01T14:30:50.297+0000] {processor.py:830} INFO - Processing file /home/airflow/.local/lib/python3.8/site-packages/airflow/example_dags/example_setup_teardown.py for tasks to queue
[2024-03-01T14:30:50.310+0000] {logging_mixin.py:188} INFO - [2024-03-01T14:30:50.310+0000] {dagbag.py:538} INFO - Filling up the DagBag from /home/airflow/.local/lib/python3.8/site-packages/airflow/example_dags/example_setup_teardown.py
[2024-03-01T14:30:50.357+0000] {processor.py:840} INFO - DAG(s) 'example_setup_teardown' retrieved from /home/airflow/.local/lib/python3.8/site-packages/airflow/example_dags/example_setup_teardown.py
[2024-03-01T14:30:50.454+0000] {logging_mixin.py:188} INFO - [2024-03-01T14:30:50.453+0000] {dag.py:3036} INFO - Sync 1 DAGs
[2024-03-01T14:30:50.537+0000] {logging_mixin.py:188} INFO - [2024-03-01T14:30:50.537+0000] {dag.py:3823} INFO - Setting next_dagrun for example_setup_teardown to 2024-02-29 00:00:00+00:00, run_after=2024-03-01 00:00:00+00:00
[2024-03-01T14:30:50.654+0000] {processor.py:183} INFO - Processing /home/airflow/.local/lib/python3.8/site-packages/airflow/example_dags/example_setup_teardown.py took 0.389 seconds
[2024-03-01T14:31:21.460+0000] {processor.py:161} INFO - Started process (PID=339) to work on /home/airflow/.local/lib/python3.8/site-packages/airflow/example_dags/example_setup_teardown.py
[2024-03-01T14:31:21.461+0000] {processor.py:830} INFO - Processing file /home/airflow/.local/lib/python3.8/site-packages/airflow/example_dags/example_setup_teardown.py for tasks to queue
[2024-03-01T14:31:21.464+0000] {logging_mixin.py:188} INFO - [2024-03-01T14:31:21.464+0000] {dagbag.py:538} INFO - Filling up the DagBag from /home/airflow/.local/lib/python3.8/site-packages/airflow/example_dags/example_setup_teardown.py
[2024-03-01T14:31:21.477+0000] {processor.py:840} INFO - DAG(s) 'example_setup_teardown' retrieved from /home/airflow/.local/lib/python3.8/site-packages/airflow/example_dags/example_setup_teardown.py
[2024-03-01T14:31:21.507+0000] {logging_mixin.py:188} INFO - [2024-03-01T14:31:21.506+0000] {dag.py:3036} INFO - Sync 1 DAGs
[2024-03-01T14:31:21.540+0000] {logging_mixin.py:188} INFO - [2024-03-01T14:31:21.540+0000] {dag.py:3823} INFO - Setting next_dagrun for example_setup_teardown to 2024-02-29 00:00:00+00:00, run_after=2024-03-01 00:00:00+00:00
[2024-03-01T14:31:21.587+0000] {processor.py:183} INFO - Processing /home/airflow/.local/lib/python3.8/site-packages/airflow/example_dags/example_setup_teardown.py took 0.131 seconds
