[2024-03-01T14:28:42.607+0000] {processor.py:161} INFO - Started process (PID=68) to work on /home/airflow/.local/lib/python3.8/site-packages/airflow/example_dags/example_sensor_decorator.py
[2024-03-01T14:28:42.608+0000] {processor.py:830} INFO - Processing file /home/airflow/.local/lib/python3.8/site-packages/airflow/example_dags/example_sensor_decorator.py for tasks to queue
[2024-03-01T14:28:42.631+0000] {logging_mixin.py:188} INFO - [2024-03-01T14:28:42.613+0000] {dagbag.py:538} INFO - Filling up the DagBag from /home/airflow/.local/lib/python3.8/site-packages/airflow/example_dags/example_sensor_decorator.py
[2024-03-01T14:28:42.715+0000] {processor.py:840} INFO - DAG(s) 'example_sensor_decorator' retrieved from /home/airflow/.local/lib/python3.8/site-packages/airflow/example_dags/example_sensor_decorator.py
[2024-03-01T14:28:44.451+0000] {logging_mixin.py:188} INFO - [2024-03-01T14:28:44.450+0000] {dag.py:3036} INFO - Sync 1 DAGs
[2024-03-01T14:28:44.673+0000] {logging_mixin.py:188} INFO - [2024-03-01T14:28:44.672+0000] {dag.py:3823} INFO - Setting next_dagrun for example_sensor_decorator to None, run_after=None
[2024-03-01T14:28:44.885+0000] {processor.py:183} INFO - Processing /home/airflow/.local/lib/python3.8/site-packages/airflow/example_dags/example_sensor_decorator.py took 2.313 seconds
[2024-03-01T14:29:40.384+0000] {processor.py:161} INFO - Started process (PID=130) to work on /home/airflow/.local/lib/python3.8/site-packages/airflow/example_dags/example_sensor_decorator.py
[2024-03-01T14:29:40.386+0000] {processor.py:830} INFO - Processing file /home/airflow/.local/lib/python3.8/site-packages/airflow/example_dags/example_sensor_decorator.py for tasks to queue
[2024-03-01T14:29:40.388+0000] {logging_mixin.py:188} INFO - [2024-03-01T14:29:40.388+0000] {dagbag.py:538} INFO - Filling up the DagBag from /home/airflow/.local/lib/python3.8/site-packages/airflow/example_dags/example_sensor_decorator.py
[2024-03-01T14:29:40.396+0000] {processor.py:840} INFO - DAG(s) 'example_sensor_decorator' retrieved from /home/airflow/.local/lib/python3.8/site-packages/airflow/example_dags/example_sensor_decorator.py
[2024-03-01T14:29:40.433+0000] {logging_mixin.py:188} INFO - [2024-03-01T14:29:40.433+0000] {dag.py:3036} INFO - Sync 1 DAGs
[2024-03-01T14:29:40.469+0000] {logging_mixin.py:188} INFO - [2024-03-01T14:29:40.469+0000] {dag.py:3823} INFO - Setting next_dagrun for example_sensor_decorator to None, run_after=None
[2024-03-01T14:29:40.526+0000] {processor.py:183} INFO - Processing /home/airflow/.local/lib/python3.8/site-packages/airflow/example_dags/example_sensor_decorator.py took 0.149 seconds
[2024-03-01T14:30:10.593+0000] {processor.py:161} INFO - Started process (PID=192) to work on /home/airflow/.local/lib/python3.8/site-packages/airflow/example_dags/example_sensor_decorator.py
[2024-03-01T14:30:10.595+0000] {processor.py:830} INFO - Processing file /home/airflow/.local/lib/python3.8/site-packages/airflow/example_dags/example_sensor_decorator.py for tasks to queue
[2024-03-01T14:30:10.598+0000] {logging_mixin.py:188} INFO - [2024-03-01T14:30:10.598+0000] {dagbag.py:538} INFO - Filling up the DagBag from /home/airflow/.local/lib/python3.8/site-packages/airflow/example_dags/example_sensor_decorator.py
[2024-03-01T14:30:10.610+0000] {processor.py:840} INFO - DAG(s) 'example_sensor_decorator' retrieved from /home/airflow/.local/lib/python3.8/site-packages/airflow/example_dags/example_sensor_decorator.py
[2024-03-01T14:30:10.642+0000] {logging_mixin.py:188} INFO - [2024-03-01T14:30:10.641+0000] {dag.py:3036} INFO - Sync 1 DAGs
[2024-03-01T14:30:10.666+0000] {logging_mixin.py:188} INFO - [2024-03-01T14:30:10.666+0000] {dag.py:3823} INFO - Setting next_dagrun for example_sensor_decorator to None, run_after=None
[2024-03-01T14:30:10.713+0000] {processor.py:183} INFO - Processing /home/airflow/.local/lib/python3.8/site-packages/airflow/example_dags/example_sensor_decorator.py took 0.127 seconds
[2024-03-01T14:30:41.239+0000] {processor.py:161} INFO - Started process (PID=254) to work on /home/airflow/.local/lib/python3.8/site-packages/airflow/example_dags/example_sensor_decorator.py
[2024-03-01T14:30:41.240+0000] {processor.py:830} INFO - Processing file /home/airflow/.local/lib/python3.8/site-packages/airflow/example_dags/example_sensor_decorator.py for tasks to queue
[2024-03-01T14:30:41.242+0000] {logging_mixin.py:188} INFO - [2024-03-01T14:30:41.242+0000] {dagbag.py:538} INFO - Filling up the DagBag from /home/airflow/.local/lib/python3.8/site-packages/airflow/example_dags/example_sensor_decorator.py
[2024-03-01T14:30:41.250+0000] {processor.py:840} INFO - DAG(s) 'example_sensor_decorator' retrieved from /home/airflow/.local/lib/python3.8/site-packages/airflow/example_dags/example_sensor_decorator.py
[2024-03-01T14:30:41.285+0000] {logging_mixin.py:188} INFO - [2024-03-01T14:30:41.284+0000] {dag.py:3036} INFO - Sync 1 DAGs
[2024-03-01T14:30:41.302+0000] {logging_mixin.py:188} INFO - [2024-03-01T14:30:41.302+0000] {dag.py:3823} INFO - Setting next_dagrun for example_sensor_decorator to None, run_after=None
[2024-03-01T14:30:41.334+0000] {processor.py:183} INFO - Processing /home/airflow/.local/lib/python3.8/site-packages/airflow/example_dags/example_sensor_decorator.py took 0.100 seconds
[2024-03-01T14:31:14.879+0000] {processor.py:161} INFO - Started process (PID=321) to work on /home/airflow/.local/lib/python3.8/site-packages/airflow/example_dags/example_sensor_decorator.py
[2024-03-01T14:31:14.880+0000] {processor.py:830} INFO - Processing file /home/airflow/.local/lib/python3.8/site-packages/airflow/example_dags/example_sensor_decorator.py for tasks to queue
[2024-03-01T14:31:14.895+0000] {logging_mixin.py:188} INFO - [2024-03-01T14:31:14.894+0000] {dagbag.py:538} INFO - Filling up the DagBag from /home/airflow/.local/lib/python3.8/site-packages/airflow/example_dags/example_sensor_decorator.py
[2024-03-01T14:31:14.942+0000] {processor.py:840} INFO - DAG(s) 'example_sensor_decorator' retrieved from /home/airflow/.local/lib/python3.8/site-packages/airflow/example_dags/example_sensor_decorator.py
[2024-03-01T14:31:15.121+0000] {logging_mixin.py:188} INFO - [2024-03-01T14:31:15.119+0000] {dag.py:3036} INFO - Sync 1 DAGs
[2024-03-01T14:31:15.265+0000] {logging_mixin.py:188} INFO - [2024-03-01T14:31:15.265+0000] {dag.py:3823} INFO - Setting next_dagrun for example_sensor_decorator to None, run_after=None
[2024-03-01T14:31:15.481+0000] {processor.py:183} INFO - Processing /home/airflow/.local/lib/python3.8/site-packages/airflow/example_dags/example_sensor_decorator.py took 0.620 seconds
