[2024-03-01T14:29:18.407+0000] {processor.py:161} INFO - Started process (PID=94) to work on /home/airflow/.local/lib/python3.8/site-packages/airflow/example_dags/tutorial.py
[2024-03-01T14:29:18.409+0000] {processor.py:830} INFO - Processing file /home/airflow/.local/lib/python3.8/site-packages/airflow/example_dags/tutorial.py for tasks to queue
[2024-03-01T14:29:18.440+0000] {logging_mixin.py:188} INFO - [2024-03-01T14:29:18.440+0000] {dagbag.py:538} INFO - Filling up the DagBag from /home/airflow/.local/lib/python3.8/site-packages/airflow/example_dags/tutorial.py
[2024-03-01T14:29:18.599+0000] {processor.py:840} INFO - DAG(s) 'tutorial' retrieved from /home/airflow/.local/lib/python3.8/site-packages/airflow/example_dags/tutorial.py
[2024-03-01T14:29:19.614+0000] {logging_mixin.py:188} INFO - [2024-03-01T14:29:19.614+0000] {dag.py:3036} INFO - Sync 1 DAGs
[2024-03-01T14:29:19.765+0000] {logging_mixin.py:188} INFO - [2024-03-01T14:29:19.765+0000] {dag.py:3823} INFO - Setting next_dagrun for tutorial to 2024-02-29 00:00:00+00:00, run_after=2024-03-01 00:00:00+00:00
[2024-03-01T14:29:19.868+0000] {processor.py:183} INFO - Processing /home/airflow/.local/lib/python3.8/site-packages/airflow/example_dags/tutorial.py took 1.510 seconds
[2024-03-01T14:29:50.243+0000] {processor.py:161} INFO - Started process (PID=156) to work on /home/airflow/.local/lib/python3.8/site-packages/airflow/example_dags/tutorial.py
[2024-03-01T14:29:50.245+0000] {processor.py:830} INFO - Processing file /home/airflow/.local/lib/python3.8/site-packages/airflow/example_dags/tutorial.py for tasks to queue
[2024-03-01T14:29:50.249+0000] {logging_mixin.py:188} INFO - [2024-03-01T14:29:50.249+0000] {dagbag.py:538} INFO - Filling up the DagBag from /home/airflow/.local/lib/python3.8/site-packages/airflow/example_dags/tutorial.py
[2024-03-01T14:29:50.274+0000] {processor.py:840} INFO - DAG(s) 'tutorial' retrieved from /home/airflow/.local/lib/python3.8/site-packages/airflow/example_dags/tutorial.py
[2024-03-01T14:29:50.310+0000] {logging_mixin.py:188} INFO - [2024-03-01T14:29:50.310+0000] {dag.py:3036} INFO - Sync 1 DAGs
[2024-03-01T14:29:50.357+0000] {logging_mixin.py:188} INFO - [2024-03-01T14:29:50.356+0000] {dag.py:3823} INFO - Setting next_dagrun for tutorial to 2024-02-29 00:00:00+00:00, run_after=2024-03-01 00:00:00+00:00
[2024-03-01T14:29:50.396+0000] {processor.py:183} INFO - Processing /home/airflow/.local/lib/python3.8/site-packages/airflow/example_dags/tutorial.py took 0.159 seconds
[2024-03-01T14:30:20.723+0000] {processor.py:161} INFO - Started process (PID=218) to work on /home/airflow/.local/lib/python3.8/site-packages/airflow/example_dags/tutorial.py
[2024-03-01T14:30:20.724+0000] {processor.py:830} INFO - Processing file /home/airflow/.local/lib/python3.8/site-packages/airflow/example_dags/tutorial.py for tasks to queue
[2024-03-01T14:30:20.726+0000] {logging_mixin.py:188} INFO - [2024-03-01T14:30:20.726+0000] {dagbag.py:538} INFO - Filling up the DagBag from /home/airflow/.local/lib/python3.8/site-packages/airflow/example_dags/tutorial.py
[2024-03-01T14:30:20.735+0000] {processor.py:840} INFO - DAG(s) 'tutorial' retrieved from /home/airflow/.local/lib/python3.8/site-packages/airflow/example_dags/tutorial.py
[2024-03-01T14:30:20.753+0000] {logging_mixin.py:188} INFO - [2024-03-01T14:30:20.753+0000] {dag.py:3036} INFO - Sync 1 DAGs
[2024-03-01T14:30:20.796+0000] {logging_mixin.py:188} INFO - [2024-03-01T14:30:20.796+0000] {dag.py:3823} INFO - Setting next_dagrun for tutorial to 2024-02-29 00:00:00+00:00, run_after=2024-03-01 00:00:00+00:00
[2024-03-01T14:30:20.874+0000] {processor.py:183} INFO - Processing /home/airflow/.local/lib/python3.8/site-packages/airflow/example_dags/tutorial.py took 0.156 seconds
[2024-03-01T14:30:51.684+0000] {processor.py:161} INFO - Started process (PID=280) to work on /home/airflow/.local/lib/python3.8/site-packages/airflow/example_dags/tutorial.py
[2024-03-01T14:30:51.717+0000] {processor.py:830} INFO - Processing file /home/airflow/.local/lib/python3.8/site-packages/airflow/example_dags/tutorial.py for tasks to queue
[2024-03-01T14:30:51.720+0000] {logging_mixin.py:188} INFO - [2024-03-01T14:30:51.720+0000] {dagbag.py:538} INFO - Filling up the DagBag from /home/airflow/.local/lib/python3.8/site-packages/airflow/example_dags/tutorial.py
[2024-03-01T14:30:51.757+0000] {processor.py:840} INFO - DAG(s) 'tutorial' retrieved from /home/airflow/.local/lib/python3.8/site-packages/airflow/example_dags/tutorial.py
[2024-03-01T14:30:52.286+0000] {logging_mixin.py:188} INFO - [2024-03-01T14:30:52.286+0000] {dag.py:3036} INFO - Sync 1 DAGs
[2024-03-01T14:30:52.337+0000] {logging_mixin.py:188} INFO - [2024-03-01T14:30:52.337+0000] {dag.py:3823} INFO - Setting next_dagrun for tutorial to 2024-02-29 00:00:00+00:00, run_after=2024-03-01 00:00:00+00:00
[2024-03-01T14:30:52.437+0000] {processor.py:183} INFO - Processing /home/airflow/.local/lib/python3.8/site-packages/airflow/example_dags/tutorial.py took 0.784 seconds
[2024-03-01T14:31:22.576+0000] {processor.py:161} INFO - Started process (PID=341) to work on /home/airflow/.local/lib/python3.8/site-packages/airflow/example_dags/tutorial.py
[2024-03-01T14:31:22.577+0000] {processor.py:830} INFO - Processing file /home/airflow/.local/lib/python3.8/site-packages/airflow/example_dags/tutorial.py for tasks to queue
[2024-03-01T14:31:22.581+0000] {logging_mixin.py:188} INFO - [2024-03-01T14:31:22.580+0000] {dagbag.py:538} INFO - Filling up the DagBag from /home/airflow/.local/lib/python3.8/site-packages/airflow/example_dags/tutorial.py
[2024-03-01T14:31:22.614+0000] {processor.py:840} INFO - DAG(s) 'tutorial' retrieved from /home/airflow/.local/lib/python3.8/site-packages/airflow/example_dags/tutorial.py
[2024-03-01T14:31:22.661+0000] {logging_mixin.py:188} INFO - [2024-03-01T14:31:22.660+0000] {dag.py:3036} INFO - Sync 1 DAGs
[2024-03-01T14:31:22.724+0000] {logging_mixin.py:188} INFO - [2024-03-01T14:31:22.723+0000] {dag.py:3823} INFO - Setting next_dagrun for tutorial to 2024-02-29 00:00:00+00:00, run_after=2024-03-01 00:00:00+00:00
[2024-03-01T14:31:22.825+0000] {processor.py:183} INFO - Processing /home/airflow/.local/lib/python3.8/site-packages/airflow/example_dags/tutorial.py took 0.263 seconds
