[2024-03-01T14:28:34.720+0000] {processor.py:161} INFO - Started process (PID=54) to work on /home/airflow/.local/lib/python3.8/site-packages/airflow/example_dags/tutorial_taskflow_api.py
[2024-03-01T14:28:34.722+0000] {processor.py:830} INFO - Processing file /home/airflow/.local/lib/python3.8/site-packages/airflow/example_dags/tutorial_taskflow_api.py for tasks to queue
[2024-03-01T14:28:34.725+0000] {logging_mixin.py:188} INFO - [2024-03-01T14:28:34.725+0000] {dagbag.py:538} INFO - Filling up the DagBag from /home/airflow/.local/lib/python3.8/site-packages/airflow/example_dags/tutorial_taskflow_api.py
[2024-03-01T14:28:34.811+0000] {processor.py:840} INFO - DAG(s) 'tutorial_taskflow_api' retrieved from /home/airflow/.local/lib/python3.8/site-packages/airflow/example_dags/tutorial_taskflow_api.py
[2024-03-01T14:28:35.633+0000] {logging_mixin.py:188} INFO - [2024-03-01T14:28:35.632+0000] {dag.py:3036} INFO - Sync 1 DAGs
[2024-03-01T14:28:35.657+0000] {logging_mixin.py:188} INFO - [2024-03-01T14:28:35.656+0000] {dag.py:3823} INFO - Setting next_dagrun for tutorial_taskflow_api to None, run_after=None
[2024-03-01T14:28:35.724+0000] {processor.py:183} INFO - Processing /home/airflow/.local/lib/python3.8/site-packages/airflow/example_dags/tutorial_taskflow_api.py took 1.051 seconds
[2024-03-01T14:29:38.630+0000] {processor.py:161} INFO - Started process (PID=122) to work on /home/airflow/.local/lib/python3.8/site-packages/airflow/example_dags/tutorial_taskflow_api.py
[2024-03-01T14:29:38.632+0000] {processor.py:830} INFO - Processing file /home/airflow/.local/lib/python3.8/site-packages/airflow/example_dags/tutorial_taskflow_api.py for tasks to queue
[2024-03-01T14:29:38.635+0000] {logging_mixin.py:188} INFO - [2024-03-01T14:29:38.634+0000] {dagbag.py:538} INFO - Filling up the DagBag from /home/airflow/.local/lib/python3.8/site-packages/airflow/example_dags/tutorial_taskflow_api.py
[2024-03-01T14:29:38.656+0000] {processor.py:840} INFO - DAG(s) 'tutorial_taskflow_api' retrieved from /home/airflow/.local/lib/python3.8/site-packages/airflow/example_dags/tutorial_taskflow_api.py
[2024-03-01T14:29:38.709+0000] {logging_mixin.py:188} INFO - [2024-03-01T14:29:38.709+0000] {dag.py:3036} INFO - Sync 1 DAGs
[2024-03-01T14:29:38.810+0000] {logging_mixin.py:188} INFO - [2024-03-01T14:29:38.810+0000] {dag.py:3823} INFO - Setting next_dagrun for tutorial_taskflow_api to None, run_after=None
[2024-03-01T14:29:38.920+0000] {processor.py:183} INFO - Processing /home/airflow/.local/lib/python3.8/site-packages/airflow/example_dags/tutorial_taskflow_api.py took 0.297 seconds
[2024-03-01T14:30:09.405+0000] {processor.py:161} INFO - Started process (PID=183) to work on /home/airflow/.local/lib/python3.8/site-packages/airflow/example_dags/tutorial_taskflow_api.py
[2024-03-01T14:30:09.407+0000] {processor.py:830} INFO - Processing file /home/airflow/.local/lib/python3.8/site-packages/airflow/example_dags/tutorial_taskflow_api.py for tasks to queue
[2024-03-01T14:30:09.410+0000] {logging_mixin.py:188} INFO - [2024-03-01T14:30:09.410+0000] {dagbag.py:538} INFO - Filling up the DagBag from /home/airflow/.local/lib/python3.8/site-packages/airflow/example_dags/tutorial_taskflow_api.py
[2024-03-01T14:30:09.422+0000] {processor.py:840} INFO - DAG(s) 'tutorial_taskflow_api' retrieved from /home/airflow/.local/lib/python3.8/site-packages/airflow/example_dags/tutorial_taskflow_api.py
[2024-03-01T14:30:09.744+0000] {logging_mixin.py:188} INFO - [2024-03-01T14:30:09.743+0000] {dag.py:3036} INFO - Sync 1 DAGs
[2024-03-01T14:30:09.766+0000] {logging_mixin.py:188} INFO - [2024-03-01T14:30:09.766+0000] {dag.py:3823} INFO - Setting next_dagrun for tutorial_taskflow_api to None, run_after=None
[2024-03-01T14:30:09.806+0000] {processor.py:183} INFO - Processing /home/airflow/.local/lib/python3.8/site-packages/airflow/example_dags/tutorial_taskflow_api.py took 0.407 seconds
[2024-03-01T14:30:40.190+0000] {processor.py:161} INFO - Started process (PID=246) to work on /home/airflow/.local/lib/python3.8/site-packages/airflow/example_dags/tutorial_taskflow_api.py
[2024-03-01T14:30:40.192+0000] {processor.py:830} INFO - Processing file /home/airflow/.local/lib/python3.8/site-packages/airflow/example_dags/tutorial_taskflow_api.py for tasks to queue
[2024-03-01T14:30:40.194+0000] {logging_mixin.py:188} INFO - [2024-03-01T14:30:40.194+0000] {dagbag.py:538} INFO - Filling up the DagBag from /home/airflow/.local/lib/python3.8/site-packages/airflow/example_dags/tutorial_taskflow_api.py
[2024-03-01T14:30:40.202+0000] {processor.py:840} INFO - DAG(s) 'tutorial_taskflow_api' retrieved from /home/airflow/.local/lib/python3.8/site-packages/airflow/example_dags/tutorial_taskflow_api.py
[2024-03-01T14:30:40.232+0000] {logging_mixin.py:188} INFO - [2024-03-01T14:30:40.232+0000] {dag.py:3036} INFO - Sync 1 DAGs
[2024-03-01T14:30:40.253+0000] {logging_mixin.py:188} INFO - [2024-03-01T14:30:40.253+0000] {dag.py:3823} INFO - Setting next_dagrun for tutorial_taskflow_api to None, run_after=None
[2024-03-01T14:30:40.282+0000] {processor.py:183} INFO - Processing /home/airflow/.local/lib/python3.8/site-packages/airflow/example_dags/tutorial_taskflow_api.py took 0.098 seconds
[2024-03-01T14:31:11.982+0000] {processor.py:161} INFO - Started process (PID=308) to work on /home/airflow/.local/lib/python3.8/site-packages/airflow/example_dags/tutorial_taskflow_api.py
[2024-03-01T14:31:11.983+0000] {processor.py:830} INFO - Processing file /home/airflow/.local/lib/python3.8/site-packages/airflow/example_dags/tutorial_taskflow_api.py for tasks to queue
[2024-03-01T14:31:11.986+0000] {logging_mixin.py:188} INFO - [2024-03-01T14:31:11.986+0000] {dagbag.py:538} INFO - Filling up the DagBag from /home/airflow/.local/lib/python3.8/site-packages/airflow/example_dags/tutorial_taskflow_api.py
[2024-03-01T14:31:12.054+0000] {processor.py:840} INFO - DAG(s) 'tutorial_taskflow_api' retrieved from /home/airflow/.local/lib/python3.8/site-packages/airflow/example_dags/tutorial_taskflow_api.py
[2024-03-01T14:31:12.099+0000] {logging_mixin.py:188} INFO - [2024-03-01T14:31:12.098+0000] {dag.py:3036} INFO - Sync 1 DAGs
[2024-03-01T14:31:12.129+0000] {logging_mixin.py:188} INFO - [2024-03-01T14:31:12.128+0000] {dag.py:3823} INFO - Setting next_dagrun for tutorial_taskflow_api to None, run_after=None
[2024-03-01T14:31:12.167+0000] {processor.py:183} INFO - Processing /home/airflow/.local/lib/python3.8/site-packages/airflow/example_dags/tutorial_taskflow_api.py took 0.206 seconds
