[2024-02-26T08:00:55.046+0000] {taskinstance.py:1956} INFO - Dependencies all met for dep_context=non-requeueable deps ti=<TaskInstance: exchange_trade_data.transform_exchange_data manual__2024-02-26T08:00:43.743387+00:00 [queued]>
[2024-02-26T08:00:55.076+0000] {taskinstance.py:1956} INFO - Dependencies all met for dep_context=requeueable deps ti=<TaskInstance: exchange_trade_data.transform_exchange_data manual__2024-02-26T08:00:43.743387+00:00 [queued]>
[2024-02-26T08:00:55.076+0000] {taskinstance.py:2170} INFO - Starting attempt 1 of 1
[2024-02-26T08:00:56.740+0000] {taskinstance.py:2191} INFO - Executing <Task(_PythonDecoratedOperator): transform_exchange_data> on 2024-02-26 08:00:43.743387+00:00
[2024-02-26T08:00:56.751+0000] {standard_task_runner.py:60} INFO - Started process 4184 to run task
[2024-02-26T08:00:56.757+0000] {standard_task_runner.py:87} INFO - Running: ['***', 'tasks', 'run', 'exchange_trade_data', 'transform_exchange_data', 'manual__2024-02-26T08:00:43.743387+00:00', '--job-id', '59', '--raw', '--subdir', 'DAGS_FOLDER/exchange.py', '--cfg-path', '/tmp/tmp96eozy6f']
[2024-02-26T08:00:56.759+0000] {standard_task_runner.py:88} INFO - Job 59: Subtask transform_exchange_data
[2024-02-26T08:00:56.840+0000] {task_command.py:423} INFO - Running <TaskInstance: exchange_trade_data.transform_exchange_data manual__2024-02-26T08:00:43.743387+00:00 [running]> on host f5283f9a0a92
[2024-02-26T08:00:57.296+0000] {taskinstance.py:2480} INFO - Exporting env vars: AIRFLOW_CTX_DAG_OWNER='***' AIRFLOW_CTX_DAG_ID='exchange_trade_data' AIRFLOW_CTX_TASK_ID='transform_exchange_data' AIRFLOW_CTX_EXECUTION_DATE='2024-02-26T08:00:43.743387+00:00' AIRFLOW_CTX_TRY_NUMBER='1' AIRFLOW_CTX_DAG_RUN_ID='manual__2024-02-26T08:00:43.743387+00:00'
[2024-02-26T08:00:57.319+0000] {python.py:201} INFO - Done. Returned value was:        exchangeId            name  ...        updated                  updated_at
0         binance         Binance  ...  1708934397178  2024-02-26T07:59:57.178000
1            gdax    Coinbase Pro  ...  1708934402475  2024-02-26T08:00:02.475000
2       digifinex       DigiFinex  ...  1708934400352  2024-02-26T08:00:00.352000
3            gate            Gate  ...  1708934401152  2024-02-26T08:00:01.152000
4      uniswap-v3    Uniswap (V3)  ...  1708934344217  2024-02-26T07:59:04.217000
..            ...             ...  ...            ...                         ...
68         bitbay          BitBay  ...              0                        None
69         quoine          Quoine  ...  1708934344731  2024-02-26T07:59:04.731000
70         bitrue          Bitrue  ...  1708934400964  2024-02-26T08:00:00.964000
71        qryptos          Liquid  ...  1708934394826  2024-02-26T07:59:54.826000
72  bithumbglobal  Bithumb Global  ...  1692326335935  2023-08-18T02:38:55.935000

[73 rows x 10 columns]
[2024-02-26T08:00:57.520+0000] {taskinstance.py:1138} INFO - Marking task as SUCCESS. dag_id=exchange_trade_data, task_id=transform_exchange_data, execution_date=20240226T080043, start_date=20240226T080055, end_date=20240226T080057
[2024-02-26T08:00:57.580+0000] {local_task_job_runner.py:234} INFO - Task exited with return code 0
[2024-02-26T08:00:57.613+0000] {taskinstance.py:3280} INFO - 1 downstream tasks scheduled from follow-on schedule check
