[2024-02-26T06:29:38.408+0000] {taskinstance.py:1956} INFO - Dependencies all met for dep_context=non-requeueable deps ti=<TaskInstance: exchange_trade_data.transform_exchange_data scheduled__2024-02-26T05:02:00+00:00 [queued]>
[2024-02-26T06:29:38.470+0000] {taskinstance.py:1956} INFO - Dependencies all met for dep_context=requeueable deps ti=<TaskInstance: exchange_trade_data.transform_exchange_data scheduled__2024-02-26T05:02:00+00:00 [queued]>
[2024-02-26T06:29:38.471+0000] {taskinstance.py:2170} INFO - Starting attempt 1 of 1
[2024-02-26T06:29:39.356+0000] {taskinstance.py:2191} INFO - Executing <Task(_PythonDecoratedOperator): transform_exchange_data> on 2024-02-26 05:02:00+00:00
[2024-02-26T06:29:39.377+0000] {standard_task_runner.py:60} INFO - Started process 2316 to run task
[2024-02-26T06:29:39.406+0000] {standard_task_runner.py:87} INFO - Running: ['***', 'tasks', 'run', 'exchange_trade_data', 'transform_exchange_data', 'scheduled__2024-02-26T05:02:00+00:00', '--job-id', '40', '--raw', '--subdir', 'DAGS_FOLDER/exchange.py', '--cfg-path', '/tmp/tmp4uqa9zdq']
[2024-02-26T06:29:39.409+0000] {standard_task_runner.py:88} INFO - Job 40: Subtask transform_exchange_data
[2024-02-26T06:29:39.827+0000] {task_command.py:423} INFO - Running <TaskInstance: exchange_trade_data.transform_exchange_data scheduled__2024-02-26T05:02:00+00:00 [running]> on host f5283f9a0a92
[2024-02-26T06:29:40.354+0000] {taskinstance.py:2480} INFO - Exporting env vars: AIRFLOW_CTX_DAG_OWNER='***' AIRFLOW_CTX_DAG_ID='exchange_trade_data' AIRFLOW_CTX_TASK_ID='transform_exchange_data' AIRFLOW_CTX_EXECUTION_DATE='2024-02-26T05:02:00+00:00' AIRFLOW_CTX_TRY_NUMBER='1' AIRFLOW_CTX_DAG_RUN_ID='scheduled__2024-02-26T05:02:00+00:00'
[2024-02-26T06:29:40.436+0000] {python.py:201} INFO - Done. Returned value was:         exchangeId            name  ...        updated                    updated_at
0          binance         Binance  ...  1708928934976 1970-01-01 00:28:28.928934976
1             gdax    Coinbase Pro  ...  1708928936504 1970-01-01 00:28:28.928936504
2        digifinex       DigiFinex  ...  1708928925507 1970-01-01 00:28:28.928925507
3             gate            Gate  ...  1708928937010 1970-01-01 00:28:28.928937010
4       uniswap-v3    Uniswap (V3)  ...  1708928936959 1970-01-01 00:28:28.928936959
..             ...             ...  ...            ...                           ...
68         bittrex         Bittrex  ...              0 1970-01-01 00:00:00.000000000
69            bkex            Bkex  ...              0 1970-01-01 00:00:00.000000000
70  blockchain-com  Blockchain.com  ...              0 1970-01-01 00:00:00.000000000
71        coinbene        Coinbene  ...              0 1970-01-01 00:00:00.000000000
72       cointiger       CoinTiger  ...  1707114784242 1970-01-01 00:28:27.114784242

[73 rows x 10 columns]
[2024-02-26T06:29:40.766+0000] {taskinstance.py:1138} INFO - Marking task as SUCCESS. dag_id=exchange_trade_data, task_id=transform_exchange_data, execution_date=20240226T050200, start_date=20240226T062938, end_date=20240226T062940
[2024-02-26T06:29:40.901+0000] {local_task_job_runner.py:234} INFO - Task exited with return code 0
[2024-02-26T06:29:40.962+0000] {taskinstance.py:3280} INFO - 0 downstream tasks scheduled from follow-on schedule check
