[2024-03-01T15:01:06.467+0000] {taskinstance.py:1956} INFO - Dependencies all met for dep_context=non-requeueable deps ti=<TaskInstance: exchange_trade_data.transform_exchange_data scheduled__2024-03-01T14:01:00+00:00 [queued]>
[2024-03-01T15:01:06.963+0000] {taskinstance.py:1956} INFO - Dependencies all met for dep_context=requeueable deps ti=<TaskInstance: exchange_trade_data.transform_exchange_data scheduled__2024-03-01T14:01:00+00:00 [queued]>
[2024-03-01T15:01:06.968+0000] {taskinstance.py:2170} INFO - Starting attempt 1 of 1
[2024-03-01T15:01:07.010+0000] {taskinstance.py:2191} INFO - Executing <Task(_PythonDecoratedOperator): transform_exchange_data> on 2024-03-01 14:01:00+00:00
[2024-03-01T15:01:07.019+0000] {standard_task_runner.py:60} INFO - Started process 2561 to run task
[2024-03-01T15:01:07.024+0000] {standard_task_runner.py:87} INFO - Running: ['***', 'tasks', 'run', 'exchange_trade_data', 'transform_exchange_data', 'scheduled__2024-03-01T14:01:00+00:00', '--job-id', '20', '--raw', '--subdir', 'DAGS_FOLDER/exchange.py', '--cfg-path', '/tmp/tmprju_i0um']
[2024-03-01T15:01:07.026+0000] {standard_task_runner.py:88} INFO - Job 20: Subtask transform_exchange_data
[2024-03-01T15:01:07.096+0000] {task_command.py:423} INFO - Running <TaskInstance: exchange_trade_data.transform_exchange_data scheduled__2024-03-01T14:01:00+00:00 [running]> on host 11bab81981d3
[2024-03-01T15:01:07.329+0000] {taskinstance.py:2480} INFO - Exporting env vars: AIRFLOW_CTX_DAG_OWNER='***' AIRFLOW_CTX_DAG_ID='exchange_trade_data' AIRFLOW_CTX_TASK_ID='transform_exchange_data' AIRFLOW_CTX_EXECUTION_DATE='2024-03-01T14:01:00+00:00' AIRFLOW_CTX_TRY_NUMBER='1' AIRFLOW_CTX_DAG_RUN_ID='scheduled__2024-03-01T14:01:00+00:00'
[2024-03-01T15:01:07.340+0000] {python.py:201} INFO - Done. Returned value was:        exchangeId            name  ...        updated                  updated_at
0         binance         Binance  ...  1709305210830  2024-03-01T15:00:10.830000
1            gdax    Coinbase Pro  ...  1709305221768  2024-03-01T15:00:21.768000
2        whitebit        WhiteBIT  ...  1709305222475  2024-03-01T15:00:22.475000
3       digifinex       DigiFinex  ...  1709305221437  2024-03-01T15:00:21.437000
4            gate            Gate  ...  1709305222496  2024-03-01T15:00:22.496000
..            ...             ...  ...            ...                         ...
68             zb              ZB  ...  1662264169320  2022-09-04T04:02:49.320000
69         quoine          Quoine  ...  1709305198929  2024-03-01T14:59:58.929000
70         bitbay          BitBay  ...              0                        None
71           zaif            Zaif  ...  1666250109990  2022-10-20T07:15:09.990000
72  bithumbglobal  Bithumb Global  ...  1692326335935  2023-08-18T02:38:55.935000

[73 rows x 10 columns]
[2024-03-01T15:01:07.454+0000] {taskinstance.py:1138} INFO - Marking task as SUCCESS. dag_id=exchange_trade_data, task_id=transform_exchange_data, execution_date=20240301T140100, start_date=20240301T150106, end_date=20240301T150107
[2024-03-01T15:01:07.529+0000] {local_task_job_runner.py:234} INFO - Task exited with return code 0
[2024-03-01T15:01:07.596+0000] {taskinstance.py:3280} INFO - 1 downstream tasks scheduled from follow-on schedule check
