[2024-03-01T15:14:22.969+0000] {taskinstance.py:1956} INFO - Dependencies all met for dep_context=non-requeueable deps ti=<TaskInstance: exchange_trade_data.transform_exchange_data manual__2024-03-01T15:12:46.383887+00:00 [None]>
[2024-03-01T15:14:22.987+0000] {taskinstance.py:1956} INFO - Dependencies all met for dep_context=requeueable deps ti=<TaskInstance: exchange_trade_data.transform_exchange_data manual__2024-03-01T15:12:46.383887+00:00 [None]>
[2024-03-01T15:14:22.988+0000] {taskinstance.py:2170} INFO - Starting attempt 4 of 4
[2024-03-01T15:14:23.193+0000] {taskinstance.py:2191} INFO - Executing <Task(_PythonDecoratedOperator): transform_exchange_data> on 2024-03-01 15:12:46.383887+00:00
[2024-03-01T15:14:23.201+0000] {standard_task_runner.py:60} INFO - Started process 3128 to run task
[2024-03-01T15:14:23.207+0000] {standard_task_runner.py:87} INFO - Running: ['***', 'tasks', 'run', 'exchange_trade_data', 'transform_exchange_data', 'manual__2024-03-01T15:12:46.383887+00:00', '--job-id', '27', '--raw', '--subdir', 'DAGS_FOLDER/exchange.py', '--cfg-path', '/tmp/tmpuggbt11o']
[2024-03-01T15:14:23.210+0000] {standard_task_runner.py:88} INFO - Job 27: Subtask transform_exchange_data
[2024-03-01T15:14:23.288+0000] {task_command.py:423} INFO - Running <TaskInstance: exchange_trade_data.transform_exchange_data manual__2024-03-01T15:12:46.383887+00:00 [running]> on host 11bab81981d3
[2024-03-01T15:14:23.528+0000] {taskinstance.py:2480} INFO - Exporting env vars: AIRFLOW_CTX_DAG_OWNER='***' AIRFLOW_CTX_DAG_ID='exchange_trade_data' AIRFLOW_CTX_TASK_ID='transform_exchange_data' AIRFLOW_CTX_EXECUTION_DATE='2024-03-01T15:12:46.383887+00:00' AIRFLOW_CTX_TRY_NUMBER='4' AIRFLOW_CTX_DAG_RUN_ID='manual__2024-03-01T15:12:46.383887+00:00'
[2024-03-01T15:14:23.538+0000] {python.py:201} INFO - Done. Returned value was:         exchangeId              name  ...        updated                  updated_at
0          binance           Binance  ...  1709305984559  2024-03-01T15:13:04.559000
1             gdax      Coinbase Pro  ...  1709305998152  2024-03-01T15:13:18.152000
2         whitebit          WhiteBIT  ...  1709306006191  2024-03-01T15:13:26.191000
3        digifinex         DigiFinex  ...  1709306006906  2024-03-01T15:13:26.906000
4             gate              Gate  ...  1709305984287  2024-03-01T15:13:04.287000
..             ...               ...  ...            ...                         ...
68          bitbay            BitBay  ...              0                        None
69              zb                ZB  ...  1662264169320  2022-09-04T04:02:49.320000
70            zaif              Zaif  ...  1666250109990  2022-10-20T07:15:09.990000
71  therocktrading  The Rock Trading  ...  1676660097265  2023-02-17T18:54:57.265000
72       thorchain         THORChain  ...  1668435396236  2022-11-14T14:16:36.236000

[73 rows x 10 columns]
[2024-03-01T15:14:23.634+0000] {taskinstance.py:1138} INFO - Marking task as SUCCESS. dag_id=exchange_trade_data, task_id=transform_exchange_data, execution_date=20240301T151246, start_date=20240301T151422, end_date=20240301T151423
[2024-03-01T15:14:23.671+0000] {local_task_job_runner.py:234} INFO - Task exited with return code 0
[2024-03-01T15:14:23.703+0000] {taskinstance.py:3280} INFO - 1 downstream tasks scheduled from follow-on schedule check
