[2024-02-26T08:58:36.881+0000] {taskinstance.py:1956} INFO - Dependencies all met for dep_context=non-requeueable deps ti=<TaskInstance: exchange_trade_data.transform_exchange_data manual__2024-02-26T08:58:29.471135+00:00 [queued]>
[2024-02-26T08:58:36.902+0000] {taskinstance.py:1956} INFO - Dependencies all met for dep_context=requeueable deps ti=<TaskInstance: exchange_trade_data.transform_exchange_data manual__2024-02-26T08:58:29.471135+00:00 [queued]>
[2024-02-26T08:58:36.903+0000] {taskinstance.py:2170} INFO - Starting attempt 1 of 1
[2024-02-26T08:58:37.375+0000] {taskinstance.py:2191} INFO - Executing <Task(_PythonDecoratedOperator): transform_exchange_data> on 2024-02-26 08:58:29.471135+00:00
[2024-02-26T08:58:37.394+0000] {standard_task_runner.py:60} INFO - Started process 8658 to run task
[2024-02-26T08:58:37.408+0000] {standard_task_runner.py:87} INFO - Running: ['***', 'tasks', 'run', 'exchange_trade_data', 'transform_exchange_data', 'manual__2024-02-26T08:58:29.471135+00:00', '--job-id', '108', '--raw', '--subdir', 'DAGS_FOLDER/exchange.py', '--cfg-path', '/tmp/tmppttuj983']
[2024-02-26T08:58:37.411+0000] {standard_task_runner.py:88} INFO - Job 108: Subtask transform_exchange_data
[2024-02-26T08:58:37.527+0000] {task_command.py:423} INFO - Running <TaskInstance: exchange_trade_data.transform_exchange_data manual__2024-02-26T08:58:29.471135+00:00 [running]> on host f5283f9a0a92
[2024-02-26T08:58:37.773+0000] {taskinstance.py:2480} INFO - Exporting env vars: AIRFLOW_CTX_DAG_OWNER='***' AIRFLOW_CTX_DAG_ID='exchange_trade_data' AIRFLOW_CTX_TASK_ID='transform_exchange_data' AIRFLOW_CTX_EXECUTION_DATE='2024-02-26T08:58:29.471135+00:00' AIRFLOW_CTX_TRY_NUMBER='1' AIRFLOW_CTX_DAG_RUN_ID='manual__2024-02-26T08:58:29.471135+00:00'
[2024-02-26T08:58:37.786+0000] {python.py:201} INFO - Done. Returned value was:         exchangeId            name  ...        updated                  updated_at
0          binance         Binance  ...  1708937854686  2024-02-26T08:57:34.686000
1             gdax    Coinbase Pro  ...  1708937853087  2024-02-26T08:57:33.087000
2        digifinex       DigiFinex  ...  1708937850949  2024-02-26T08:57:30.949000
3             gate            Gate  ...  1708937854106  2024-02-26T08:57:34.106000
4       uniswap-v3    Uniswap (V3)  ...  1708937854454  2024-02-26T08:57:34.454000
..             ...             ...  ...            ...                         ...
68         bittrex         Bittrex  ...              0                        None
69            bkex            Bkex  ...              0                        None
70  blockchain-com  Blockchain.com  ...              0                        None
71        coinbene        Coinbene  ...              0                        None
72       cointiger       CoinTiger  ...  1707114784242  2024-02-05T06:33:04.242000

[73 rows x 10 columns]
[2024-02-26T08:58:38.001+0000] {taskinstance.py:1138} INFO - Marking task as SUCCESS. dag_id=exchange_trade_data, task_id=transform_exchange_data, execution_date=20240226T085829, start_date=20240226T085836, end_date=20240226T085838
[2024-02-26T08:58:38.146+0000] {local_task_job_runner.py:234} INFO - Task exited with return code 0
[2024-02-26T08:58:38.238+0000] {taskinstance.py:3280} INFO - 0 downstream tasks scheduled from follow-on schedule check
