[2024-02-26T07:51:29.288+0000] {taskinstance.py:1956} INFO - Dependencies all met for dep_context=non-requeueable deps ti=<TaskInstance: exchange_trade_data.transform_exchange_data manual__2024-02-26T07:51:20.281072+00:00 [queued]>
[2024-02-26T07:51:29.321+0000] {taskinstance.py:1956} INFO - Dependencies all met for dep_context=requeueable deps ti=<TaskInstance: exchange_trade_data.transform_exchange_data manual__2024-02-26T07:51:20.281072+00:00 [queued]>
[2024-02-26T07:51:29.321+0000] {taskinstance.py:2170} INFO - Starting attempt 1 of 1
[2024-02-26T07:51:29.836+0000] {taskinstance.py:2191} INFO - Executing <Task(_PythonDecoratedOperator): transform_exchange_data> on 2024-02-26 07:51:20.281072+00:00
[2024-02-26T07:51:29.863+0000] {standard_task_runner.py:60} INFO - Started process 3372 to run task
[2024-02-26T07:51:29.869+0000] {standard_task_runner.py:87} INFO - Running: ['***', 'tasks', 'run', 'exchange_trade_data', 'transform_exchange_data', 'manual__2024-02-26T07:51:20.281072+00:00', '--job-id', '56', '--raw', '--subdir', 'DAGS_FOLDER/exchange.py', '--cfg-path', '/tmp/tmpd7thod25']
[2024-02-26T07:51:29.871+0000] {standard_task_runner.py:88} INFO - Job 56: Subtask transform_exchange_data
[2024-02-26T07:51:30.062+0000] {task_command.py:423} INFO - Running <TaskInstance: exchange_trade_data.transform_exchange_data manual__2024-02-26T07:51:20.281072+00:00 [running]> on host f5283f9a0a92
[2024-02-26T07:51:30.587+0000] {taskinstance.py:2480} INFO - Exporting env vars: AIRFLOW_CTX_DAG_OWNER='***' AIRFLOW_CTX_DAG_ID='exchange_trade_data' AIRFLOW_CTX_TASK_ID='transform_exchange_data' AIRFLOW_CTX_EXECUTION_DATE='2024-02-26T07:51:20.281072+00:00' AIRFLOW_CTX_TRY_NUMBER='1' AIRFLOW_CTX_DAG_RUN_ID='manual__2024-02-26T07:51:20.281072+00:00'
[2024-02-26T07:51:30.599+0000] {python.py:201} INFO - Done. Returned value was:         exchangeId              name  ...        updated                  updated_at
0          binance           Binance  ...  1708933798260  2024-02-26T07:49:58.260000
1             gdax      Coinbase Pro  ...  1708933816305  2024-02-26T07:50:16.305000
2       uniswap-v3      Uniswap (V3)  ...  1708933816882  2024-02-26T07:50:16.882000
3        digifinex         DigiFinex  ...  1708933808380  2024-02-26T07:50:08.380000
4             gate              Gate  ...  1708933816403  2024-02-26T07:50:16.403000
..             ...               ...  ...            ...                         ...
68  therocktrading  The Rock Trading  ...  1676660097265  2023-02-17T18:54:57.265000
69       thorchain         THORChain  ...  1668435396236  2022-11-14T14:16:36.236000
70         uniswap      Uniswap (V2)  ...  1684766506217  2023-05-22T14:41:46.217000
71              zb                ZB  ...  1662264169320  2022-09-04T04:02:49.320000
72            zaif              Zaif  ...  1666250109990  2022-10-20T07:15:09.990000

[73 rows x 10 columns]
[2024-02-26T07:51:30.905+0000] {taskinstance.py:1138} INFO - Marking task as SUCCESS. dag_id=exchange_trade_data, task_id=transform_exchange_data, execution_date=20240226T075120, start_date=20240226T075129, end_date=20240226T075130
[2024-02-26T07:51:30.970+0000] {local_task_job_runner.py:234} INFO - Task exited with return code 0
[2024-02-26T07:51:31.016+0000] {taskinstance.py:3280} INFO - 0 downstream tasks scheduled from follow-on schedule check
