[2024-03-02T03:08:06.504+0000] {taskinstance.py:1956} INFO - Dependencies all met for dep_context=non-requeueable deps ti=<TaskInstance: exchange_trade_data.transform_exchange_data scheduled__2024-03-02T02:01:00+00:00 [queued]>
[2024-03-02T03:08:06.547+0000] {taskinstance.py:1956} INFO - Dependencies all met for dep_context=requeueable deps ti=<TaskInstance: exchange_trade_data.transform_exchange_data scheduled__2024-03-02T02:01:00+00:00 [queued]>
[2024-03-02T03:08:06.548+0000] {taskinstance.py:2170} INFO - Starting attempt 1 of 1
[2024-03-02T03:08:06.617+0000] {taskinstance.py:2191} INFO - Executing <Task(_PythonDecoratedOperator): transform_exchange_data> on 2024-03-02 02:01:00+00:00
[2024-03-02T03:08:06.637+0000] {standard_task_runner.py:60} INFO - Started process 204 to run task
[2024-03-02T03:08:06.643+0000] {standard_task_runner.py:87} INFO - Running: ['***', 'tasks', 'run', 'exchange_trade_data', 'transform_exchange_data', 'scheduled__2024-03-02T02:01:00+00:00', '--job-id', '45', '--raw', '--subdir', 'DAGS_FOLDER/exchange.py', '--cfg-path', '/tmp/tmp7v1wh9f5']
[2024-03-02T03:08:06.658+0000] {standard_task_runner.py:88} INFO - Job 45: Subtask transform_exchange_data
[2024-03-02T03:08:06.715+0000] {logging_mixin.py:188} WARNING - /home/***/.local/lib/python3.8/site-packages/***/settings.py:194 DeprecationWarning: The sql_alchemy_conn option in [core] has been moved to the sql_alchemy_conn option in [database] - the old setting has been used, but please update your config.
[2024-03-02T03:08:06.848+0000] {task_command.py:423} INFO - Running <TaskInstance: exchange_trade_data.transform_exchange_data scheduled__2024-03-02T02:01:00+00:00 [running]> on host 70b88be0f8e4
[2024-03-02T03:08:07.964+0000] {taskinstance.py:2480} INFO - Exporting env vars: AIRFLOW_CTX_DAG_OWNER='***' AIRFLOW_CTX_DAG_ID='exchange_trade_data' AIRFLOW_CTX_TASK_ID='transform_exchange_data' AIRFLOW_CTX_EXECUTION_DATE='2024-03-02T02:01:00+00:00' AIRFLOW_CTX_TRY_NUMBER='1' AIRFLOW_CTX_DAG_RUN_ID='scheduled__2024-03-02T02:01:00+00:00'
[2024-03-02T03:08:07.974+0000] {python.py:201} INFO - Done. Returned value was:        exchangeId            name  ...        updated                  updated_at
0         binance         Binance  ...  1709348831336  2024-03-02T03:07:11.336000
1            gdax    Coinbase Pro  ...  1709348839528  2024-03-02T03:07:19.528000
2       digifinex       DigiFinex  ...  1709348850070  2024-03-02T03:07:30.070000
3        whitebit        WhiteBIT  ...  1709348850236  2024-03-02T03:07:30.236000
4            gate            Gate  ...  1709348850802  2024-03-02T03:07:30.802000
..            ...             ...  ...            ...                         ...
68             zb              ZB  ...  1662264169320  2022-09-04T04:02:49.320000
69      thorchain       THORChain  ...  1668435396236  2022-11-14T14:16:36.236000
70         bitbay          BitBay  ...              0                        None
71  bithumbglobal  Bithumb Global  ...  1692326335935  2023-08-18T02:38:55.935000
72   bitpanda-pro    Bitpanda Pro  ...  1704192020599  2024-01-02T10:40:20.599000

[73 rows x 10 columns]
[2024-03-02T03:08:08.719+0000] {taskinstance.py:1138} INFO - Marking task as SUCCESS. dag_id=exchange_trade_data, task_id=transform_exchange_data, execution_date=20240302T020100, start_date=20240302T030806, end_date=20240302T030808
[2024-03-02T03:08:08.821+0000] {local_task_job_runner.py:234} INFO - Task exited with return code 0
[2024-03-02T03:08:08.903+0000] {taskinstance.py:3280} INFO - 1 downstream tasks scheduled from follow-on schedule check
