[2024-02-26T17:14:42.456+0000] {taskinstance.py:1956} INFO - Dependencies all met for dep_context=non-requeueable deps ti=<TaskInstance: exchange_trade_data.transform_exchange_data manual__2024-02-26T17:14:33.326171+00:00 [queued]>
[2024-02-26T17:14:42.473+0000] {taskinstance.py:1956} INFO - Dependencies all met for dep_context=requeueable deps ti=<TaskInstance: exchange_trade_data.transform_exchange_data manual__2024-02-26T17:14:33.326171+00:00 [queued]>
[2024-02-26T17:14:42.475+0000] {taskinstance.py:2170} INFO - Starting attempt 1 of 1
[2024-02-26T17:14:42.502+0000] {taskinstance.py:2191} INFO - Executing <Task(_PythonDecoratedOperator): transform_exchange_data> on 2024-02-26 17:14:33.326171+00:00
[2024-02-26T17:14:42.511+0000] {standard_task_runner.py:60} INFO - Started process 7699 to run task
[2024-02-26T17:14:42.517+0000] {standard_task_runner.py:87} INFO - Running: ['***', 'tasks', 'run', 'exchange_trade_data', 'transform_exchange_data', 'manual__2024-02-26T17:14:33.326171+00:00', '--job-id', '34', '--raw', '--subdir', 'DAGS_FOLDER/exchange.py', '--cfg-path', '/tmp/tmpx89tt_mb']
[2024-02-26T17:14:42.520+0000] {standard_task_runner.py:88} INFO - Job 34: Subtask transform_exchange_data
[2024-02-26T17:14:42.545+0000] {logging_mixin.py:188} WARNING - /home/***/.local/lib/python3.8/site-packages/***/settings.py:194 DeprecationWarning: The sql_alchemy_conn option in [core] has been moved to the sql_alchemy_conn option in [database] - the old setting has been used, but please update your config.
[2024-02-26T17:14:42.604+0000] {task_command.py:423} INFO - Running <TaskInstance: exchange_trade_data.transform_exchange_data manual__2024-02-26T17:14:33.326171+00:00 [running]> on host e16193345271
[2024-02-26T17:14:43.124+0000] {taskinstance.py:2480} INFO - Exporting env vars: AIRFLOW_CTX_DAG_OWNER='***' AIRFLOW_CTX_DAG_ID='exchange_trade_data' AIRFLOW_CTX_TASK_ID='transform_exchange_data' AIRFLOW_CTX_EXECUTION_DATE='2024-02-26T17:14:33.326171+00:00' AIRFLOW_CTX_TRY_NUMBER='1' AIRFLOW_CTX_DAG_RUN_ID='manual__2024-02-26T17:14:33.326171+00:00'
[2024-02-26T17:14:43.130+0000] {python.py:201} INFO - Done. Returned value was:         exchangeId              name  ...        updated                  updated_at
0          binance           Binance  ...  1708967583977  2024-02-26T17:13:03.977000
1             gdax      Coinbase Pro  ...  1708967602450  2024-02-26T17:13:22.450000
2        digifinex         DigiFinex  ...  1708967600644  2024-02-26T17:13:20.644000
3             gate              Gate  ...  1708967602858  2024-02-26T17:13:22.858000
4           kraken            Kraken  ...  1708967602853  2024-02-26T17:13:22.853000
..             ...               ...  ...            ...                         ...
68          okcoin            OkCoin  ...  1681374633809  2023-04-13T08:30:33.809000
69            okex              Okex  ...              0                        None
70         osmosis           Osmosis  ...              0                        None
71        poloniex          Poloniex  ...  1692177923613  2023-08-16T09:25:23.613000
72  therocktrading  The Rock Trading  ...  1676660097265  2023-02-17T18:54:57.265000

[73 rows x 10 columns]
[2024-02-26T17:14:43.497+0000] {taskinstance.py:1138} INFO - Marking task as SUCCESS. dag_id=exchange_trade_data, task_id=transform_exchange_data, execution_date=20240226T171433, start_date=20240226T171442, end_date=20240226T171443
[2024-02-26T17:14:43.652+0000] {local_task_job_runner.py:234} INFO - Task exited with return code 0
[2024-02-26T17:14:43.701+0000] {taskinstance.py:3280} INFO - 1 downstream tasks scheduled from follow-on schedule check
