[2024-03-01T14:43:50.312+0000] {taskinstance.py:1956} INFO - Dependencies all met for dep_context=non-requeueable deps ti=<TaskInstance: exchange_trade_data.write_to_motherduck_from_data_frame manual__2024-03-01T14:43:37.729508+00:00 [queued]>
[2024-03-01T14:43:50.362+0000] {taskinstance.py:1956} INFO - Dependencies all met for dep_context=requeueable deps ti=<TaskInstance: exchange_trade_data.write_to_motherduck_from_data_frame manual__2024-03-01T14:43:37.729508+00:00 [queued]>
[2024-03-01T14:43:50.363+0000] {taskinstance.py:2170} INFO - Starting attempt 1 of 1
[2024-03-01T14:43:50.487+0000] {taskinstance.py:2191} INFO - Executing <Task(_PythonDecoratedOperator): write_to_motherduck_from_data_frame> on 2024-03-01 14:43:37.729508+00:00
[2024-03-01T14:43:50.520+0000] {standard_task_runner.py:60} INFO - Started process 932 to run task
[2024-03-01T14:43:50.548+0000] {standard_task_runner.py:87} INFO - Running: ['***', 'tasks', 'run', 'exchange_trade_data', 'write_to_motherduck_from_data_frame', 'manual__2024-03-01T14:43:37.729508+00:00', '--job-id', '15', '--raw', '--subdir', 'DAGS_FOLDER/exchange.py', '--cfg-path', '/tmp/tmp21ck29p7']
[2024-03-01T14:43:50.556+0000] {standard_task_runner.py:88} INFO - Job 15: Subtask write_to_motherduck_from_data_frame
[2024-03-01T14:43:51.021+0000] {task_command.py:423} INFO - Running <TaskInstance: exchange_trade_data.write_to_motherduck_from_data_frame manual__2024-03-01T14:43:37.729508+00:00 [running]> on host 11bab81981d3
[2024-03-01T14:43:51.301+0000] {taskinstance.py:2480} INFO - Exporting env vars: AIRFLOW_CTX_DAG_OWNER='***' AIRFLOW_CTX_DAG_ID='exchange_trade_data' AIRFLOW_CTX_TASK_ID='write_to_motherduck_from_data_frame' AIRFLOW_CTX_EXECUTION_DATE='2024-03-01T14:43:37.729508+00:00' AIRFLOW_CTX_TRY_NUMBER='1' AIRFLOW_CTX_DAG_RUN_ID='manual__2024-03-01T14:43:37.729508+00:00'
[2024-03-01T14:43:57.396+0000] {taskinstance.py:2698} ERROR - Task failed with exception
Traceback (most recent call last):
  File "/home/airflow/.local/lib/python3.8/site-packages/airflow/models/taskinstance.py", line 433, in _execute_task
    result = execute_callable(context=context, **execute_callable_kwargs)
  File "/home/airflow/.local/lib/python3.8/site-packages/airflow/decorators/base.py", line 241, in execute
    return_value = super().execute(context)
  File "/home/airflow/.local/lib/python3.8/site-packages/airflow/operators/python.py", line 199, in execute
    return_value = self.execute_callable()
  File "/home/airflow/.local/lib/python3.8/site-packages/airflow/operators/python.py", line 216, in execute_callable
    return self.python_callable(*self.op_args, **self.op_kwargs)
  File "/opt/airflow/dags/exchange.py", line 83, in write_to_motherduck_from_data_frame
    curr.execute(
duckdb.duckdb.TransactionException: TransactionContext Error: Conflict on update!
[2024-03-01T14:43:57.427+0000] {taskinstance.py:1138} INFO - Marking task as FAILED. dag_id=exchange_trade_data, task_id=write_to_motherduck_from_data_frame, execution_date=20240301T144337, start_date=20240301T144350, end_date=20240301T144357
[2024-03-01T14:43:57.492+0000] {standard_task_runner.py:107} ERROR - Failed to execute job 15 for task write_to_motherduck_from_data_frame (TransactionContext Error: Conflict on update!; 932)
[2024-03-01T14:43:57.540+0000] {local_task_job_runner.py:234} INFO - Task exited with return code 1
[2024-03-01T14:43:57.586+0000] {taskinstance.py:3280} INFO - 0 downstream tasks scheduled from follow-on schedule check
