[2024-02-27T08:03:03.957+0000] {taskinstance.py:1956} INFO - Dependencies all met for dep_context=non-requeueable deps ti=<TaskInstance: exchange_trade_data.transform_exchange_data scheduled__2024-02-27T07:03:00+00:00 [queued]>
[2024-02-27T08:03:03.970+0000] {taskinstance.py:1956} INFO - Dependencies all met for dep_context=requeueable deps ti=<TaskInstance: exchange_trade_data.transform_exchange_data scheduled__2024-02-27T07:03:00+00:00 [queued]>
[2024-02-27T08:03:03.970+0000] {taskinstance.py:2170} INFO - Starting attempt 1 of 1
[2024-02-27T08:03:03.989+0000] {taskinstance.py:2191} INFO - Executing <Task(_PythonDecoratedOperator): transform_exchange_data> on 2024-02-27 07:03:00+00:00
[2024-02-27T08:03:03.994+0000] {standard_task_runner.py:60} INFO - Started process 30012 to run task
[2024-02-27T08:03:03.998+0000] {standard_task_runner.py:87} INFO - Running: ['***', 'tasks', 'run', 'exchange_trade_data', 'transform_exchange_data', 'scheduled__2024-02-27T07:03:00+00:00', '--job-id', '95', '--raw', '--subdir', 'DAGS_FOLDER/exchange.py', '--cfg-path', '/tmp/tmp_radksas']
[2024-02-27T08:03:04.000+0000] {standard_task_runner.py:88} INFO - Job 95: Subtask transform_exchange_data
[2024-02-27T08:03:04.023+0000] {logging_mixin.py:188} WARNING - /home/***/.local/lib/python3.8/site-packages/***/settings.py:194 DeprecationWarning: The sql_alchemy_conn option in [core] has been moved to the sql_alchemy_conn option in [database] - the old setting has been used, but please update your config.
[2024-02-27T08:03:04.083+0000] {task_command.py:423} INFO - Running <TaskInstance: exchange_trade_data.transform_exchange_data scheduled__2024-02-27T07:03:00+00:00 [running]> on host e16193345271
[2024-02-27T08:03:04.485+0000] {taskinstance.py:2480} INFO - Exporting env vars: AIRFLOW_CTX_DAG_OWNER='***' AIRFLOW_CTX_DAG_ID='exchange_trade_data' AIRFLOW_CTX_TASK_ID='transform_exchange_data' AIRFLOW_CTX_EXECUTION_DATE='2024-02-27T07:03:00+00:00' AIRFLOW_CTX_TRY_NUMBER='1' AIRFLOW_CTX_DAG_RUN_ID='scheduled__2024-02-27T07:03:00+00:00'
[2024-02-27T08:03:04.490+0000] {python.py:201} INFO - Done. Returned value was:    exchangeId          name  ...        updated                  updated_at
0     binance       Binance  ...  1709020958071  2024-02-27T08:02:38.071000
1        gdax  Coinbase Pro  ...  1709020957317  2024-02-27T08:02:37.317000
2   digifinex     DigiFinex  ...  1709020953268  2024-02-27T08:02:33.268000
3    whitebit      WhiteBIT  ...  1709020957123  2024-02-27T08:02:37.123000
4      kraken        Kraken  ...  1709020957667  2024-02-27T08:02:37.667000
..        ...           ...  ...            ...                         ...
68   coinbene      Coinbene  ...              0                        None
69  cointiger     CoinTiger  ...  1707114784242  2024-02-05T06:33:04.242000
70     hotbit        Hotbit  ...  1684920757709  2023-05-24T09:32:37.709000
71       kuna          Kuna  ...  1677701260207  2023-03-01T20:07:40.207000
72    mxc-com       MXC.COM  ...              0                        None

[73 rows x 10 columns]
[2024-02-27T08:03:04.584+0000] {taskinstance.py:1138} INFO - Marking task as SUCCESS. dag_id=exchange_trade_data, task_id=transform_exchange_data, execution_date=20240227T070300, start_date=20240227T080303, end_date=20240227T080304
[2024-02-27T08:03:04.623+0000] {local_task_job_runner.py:234} INFO - Task exited with return code 0
[2024-02-27T08:03:04.654+0000] {taskinstance.py:3280} INFO - 1 downstream tasks scheduled from follow-on schedule check
