[2024-02-27T05:41:50.623+0000] {taskinstance.py:1956} INFO - Dependencies all met for dep_context=non-requeueable deps ti=<TaskInstance: exchange_trade_data.transform_exchange_data scheduled__2024-02-27T04:01:00+00:00 [queued]>
[2024-02-27T05:41:50.674+0000] {taskinstance.py:1956} INFO - Dependencies all met for dep_context=requeueable deps ti=<TaskInstance: exchange_trade_data.transform_exchange_data scheduled__2024-02-27T04:01:00+00:00 [queued]>
[2024-02-27T05:41:50.676+0000] {taskinstance.py:2170} INFO - Starting attempt 1 of 1
[2024-02-27T05:41:50.765+0000] {taskinstance.py:2191} INFO - Executing <Task(_PythonDecoratedOperator): transform_exchange_data> on 2024-02-27 04:01:00+00:00
[2024-02-27T05:41:50.788+0000] {standard_task_runner.py:60} INFO - Started process 16476 to run task
[2024-02-27T05:41:50.803+0000] {standard_task_runner.py:87} INFO - Running: ['***', 'tasks', 'run', 'exchange_trade_data', 'transform_exchange_data', 'scheduled__2024-02-27T04:01:00+00:00', '--job-id', '67', '--raw', '--subdir', 'DAGS_FOLDER/exchange.py', '--cfg-path', '/tmp/tmpfgpmgv_3']
[2024-02-27T05:41:50.816+0000] {standard_task_runner.py:88} INFO - Job 67: Subtask transform_exchange_data
[2024-02-27T05:41:50.923+0000] {logging_mixin.py:188} WARNING - /home/***/.local/lib/python3.8/site-packages/***/settings.py:194 DeprecationWarning: The sql_alchemy_conn option in [core] has been moved to the sql_alchemy_conn option in [database] - the old setting has been used, but please update your config.
[2024-02-27T05:41:51.144+0000] {task_command.py:423} INFO - Running <TaskInstance: exchange_trade_data.transform_exchange_data scheduled__2024-02-27T04:01:00+00:00 [running]> on host e16193345271
[2024-02-27T05:41:52.498+0000] {taskinstance.py:2480} INFO - Exporting env vars: AIRFLOW_CTX_DAG_OWNER='***' AIRFLOW_CTX_DAG_ID='exchange_trade_data' AIRFLOW_CTX_TASK_ID='transform_exchange_data' AIRFLOW_CTX_EXECUTION_DATE='2024-02-27T04:01:00+00:00' AIRFLOW_CTX_TRY_NUMBER='1' AIRFLOW_CTX_DAG_RUN_ID='scheduled__2024-02-27T04:01:00+00:00'
[2024-02-27T05:41:52.526+0000] {python.py:201} INFO - Done. Returned value was:    exchangeId          name  ...        updated                  updated_at
0     binance       Binance  ...  1709012447101  2024-02-27T05:40:47.101000
1        gdax  Coinbase Pro  ...  1709012459734  2024-02-27T05:40:59.734000
2   digifinex     DigiFinex  ...  1709012457912  2024-02-27T05:40:57.912000
3    whitebit      WhiteBIT  ...  1709012460679  2024-02-27T05:41:00.679000
4        gate          Gate  ...  1709012461141  2024-02-27T05:41:01.141000
..        ...           ...  ...            ...                         ...
68  thorchain     THORChain  ...  1668435396236  2022-11-14T14:16:36.236000
69    uniswap  Uniswap (V2)  ...  1684766506217  2023-05-22T14:41:46.217000
70     bitbay        BitBay  ...              0                        None
71       zaif          Zaif  ...  1666250109990  2022-10-20T07:15:09.990000
72         zb            ZB  ...  1662264169320  2022-09-04T04:02:49.320000

[73 rows x 10 columns]
[2024-02-27T05:41:52.884+0000] {taskinstance.py:1138} INFO - Marking task as SUCCESS. dag_id=exchange_trade_data, task_id=transform_exchange_data, execution_date=20240227T040100, start_date=20240227T054150, end_date=20240227T054152
[2024-02-27T05:41:52.983+0000] {local_task_job_runner.py:234} INFO - Task exited with return code 0
[2024-02-27T05:41:53.078+0000] {taskinstance.py:3280} INFO - 1 downstream tasks scheduled from follow-on schedule check
