[2024-03-01T14:29:51.400+0000] {taskinstance.py:1956} INFO - Dependencies all met for dep_context=non-requeueable deps ti=<TaskInstance: exchange_trade_data.transform_exchange_data scheduled__2024-03-01T13:03:00+00:00 [queued]>
[2024-03-01T14:29:51.416+0000] {taskinstance.py:1956} INFO - Dependencies all met for dep_context=requeueable deps ti=<TaskInstance: exchange_trade_data.transform_exchange_data scheduled__2024-03-01T13:03:00+00:00 [queued]>
[2024-03-01T14:29:51.417+0000] {taskinstance.py:2170} INFO - Starting attempt 1 of 1
[2024-03-01T14:29:51.461+0000] {taskinstance.py:2191} INFO - Executing <Task(_PythonDecoratedOperator): transform_exchange_data> on 2024-03-01 13:03:00+00:00
[2024-03-01T14:29:51.516+0000] {standard_task_runner.py:60} INFO - Started process 90 to run task
[2024-03-01T14:29:51.512+0000] {standard_task_runner.py:87} INFO - Running: ['***', 'tasks', 'run', 'exchange_trade_data', 'transform_exchange_data', 'scheduled__2024-03-01T13:03:00+00:00', '--job-id', '103', '--raw', '--subdir', 'DAGS_FOLDER/exchange.py', '--cfg-path', '/tmp/tmprcumvmvt']
[2024-03-01T14:29:51.567+0000] {standard_task_runner.py:88} INFO - Job 103: Subtask transform_exchange_data
[2024-03-01T14:29:51.815+0000] {task_command.py:423} INFO - Running <TaskInstance: exchange_trade_data.transform_exchange_data scheduled__2024-03-01T13:03:00+00:00 [running]> on host 9ac5cbdf7a64
[2024-03-01T14:29:52.095+0000] {taskinstance.py:2480} INFO - Exporting env vars: AIRFLOW_CTX_DAG_OWNER='***' AIRFLOW_CTX_DAG_ID='exchange_trade_data' AIRFLOW_CTX_TASK_ID='transform_exchange_data' AIRFLOW_CTX_EXECUTION_DATE='2024-03-01T13:03:00+00:00' AIRFLOW_CTX_TRY_NUMBER='1' AIRFLOW_CTX_DAG_RUN_ID='scheduled__2024-03-01T13:03:00+00:00'
[2024-03-01T14:29:52.100+0000] {taskinstance.py:2698} ERROR - Task failed with exception
Traceback (most recent call last):
  File "/home/airflow/.local/lib/python3.8/site-packages/airflow/models/taskinstance.py", line 433, in _execute_task
    result = execute_callable(context=context, **execute_callable_kwargs)
  File "/home/airflow/.local/lib/python3.8/site-packages/airflow/decorators/base.py", line 241, in execute
    return_value = super().execute(context)
  File "/home/airflow/.local/lib/python3.8/site-packages/airflow/operators/python.py", line 199, in execute
    return_value = self.execute_callable()
  File "/home/airflow/.local/lib/python3.8/site-packages/airflow/operators/python.py", line 216, in execute_callable
    return self.python_callable(*self.op_args, **self.op_kwargs)
  File "/opt/airflow/dags/exchange.py", line 48, in transform_exchange_data
    for result in results:
TypeError: 'NoneType' object is not iterable
[2024-03-01T14:29:52.117+0000] {taskinstance.py:1138} INFO - Marking task as FAILED. dag_id=exchange_trade_data, task_id=transform_exchange_data, execution_date=20240301T130300, start_date=20240301T142951, end_date=20240301T142952
[2024-03-01T14:29:52.141+0000] {standard_task_runner.py:107} ERROR - Failed to execute job 103 for task transform_exchange_data ('NoneType' object is not iterable; 90)
[2024-03-01T14:29:52.166+0000] {local_task_job_runner.py:234} INFO - Task exited with return code 1
[2024-03-01T14:29:52.232+0000] {taskinstance.py:3280} INFO - 0 downstream tasks scheduled from follow-on schedule check
[2024-03-01T14:35:17.730+0000] {taskinstance.py:1956} INFO - Dependencies all met for dep_context=non-requeueable deps ti=<TaskInstance: exchange_trade_data.transform_exchange_data scheduled__2024-03-01T13:03:00+00:00 [queued]>
[2024-03-01T14:35:17.806+0000] {taskinstance.py:1956} INFO - Dependencies all met for dep_context=requeueable deps ti=<TaskInstance: exchange_trade_data.transform_exchange_data scheduled__2024-03-01T13:03:00+00:00 [queued]>
[2024-03-01T14:35:17.807+0000] {taskinstance.py:2170} INFO - Starting attempt 1 of 1
[2024-03-01T14:35:18.090+0000] {taskinstance.py:2191} INFO - Executing <Task(_PythonDecoratedOperator): transform_exchange_data> on 2024-03-01 13:03:00+00:00
[2024-03-01T14:35:18.096+0000] {standard_task_runner.py:60} INFO - Started process 76 to run task
[2024-03-01T14:35:18.103+0000] {standard_task_runner.py:87} INFO - Running: ['***', 'tasks', 'run', 'exchange_trade_data', 'transform_exchange_data', 'scheduled__2024-03-01T13:03:00+00:00', '--job-id', '4', '--raw', '--subdir', 'DAGS_FOLDER/exchange.py', '--cfg-path', '/tmp/tmphgoei9nk']
[2024-03-01T14:35:18.105+0000] {standard_task_runner.py:88} INFO - Job 4: Subtask transform_exchange_data
[2024-03-01T14:35:18.187+0000] {task_command.py:423} INFO - Running <TaskInstance: exchange_trade_data.transform_exchange_data scheduled__2024-03-01T13:03:00+00:00 [running]> on host 11bab81981d3
[2024-03-01T14:35:18.456+0000] {taskinstance.py:2480} INFO - Exporting env vars: AIRFLOW_CTX_DAG_OWNER='***' AIRFLOW_CTX_DAG_ID='exchange_trade_data' AIRFLOW_CTX_TASK_ID='transform_exchange_data' AIRFLOW_CTX_EXECUTION_DATE='2024-03-01T13:03:00+00:00' AIRFLOW_CTX_TRY_NUMBER='1' AIRFLOW_CTX_DAG_RUN_ID='scheduled__2024-03-01T13:03:00+00:00'
[2024-03-01T14:35:18.469+0000] {python.py:201} INFO - Done. Returned value was:        exchangeId            name  ...        updated                  updated_at
0         binance         Binance  ...  1709303647119  2024-03-01T14:34:07.119000
1            gdax    Coinbase Pro  ...  1709303654698  2024-03-01T14:34:14.698000
2        whitebit        WhiteBIT  ...  1709303648875  2024-03-01T14:34:08.875000
3       digifinex       DigiFinex  ...  1709303650152  2024-03-01T14:34:10.152000
4            gate            Gate  ...  1709303655506  2024-03-01T14:34:15.506000
..            ...             ...  ...            ...                         ...
68             zb              ZB  ...  1662264169320  2022-09-04T04:02:49.320000
69      thorchain       THORChain  ...  1668435396236  2022-11-14T14:16:36.236000
70         bitbay          BitBay  ...              0                        None
71  bithumbglobal  Bithumb Global  ...  1692326335935  2023-08-18T02:38:55.935000
72   bitpanda-pro    Bitpanda Pro  ...  1704192020599  2024-01-02T10:40:20.599000

[73 rows x 10 columns]
[2024-03-01T14:35:18.707+0000] {taskinstance.py:1138} INFO - Marking task as SUCCESS. dag_id=exchange_trade_data, task_id=transform_exchange_data, execution_date=20240301T130300, start_date=20240301T143517, end_date=20240301T143518
[2024-03-01T14:35:18.764+0000] {local_task_job_runner.py:234} INFO - Task exited with return code 0
[2024-03-01T14:35:18.848+0000] {taskinstance.py:3280} INFO - 1 downstream tasks scheduled from follow-on schedule check
[2024-03-01T14:43:55.264+0000] {taskinstance.py:1956} INFO - Dependencies all met for dep_context=non-requeueable deps ti=<TaskInstance: exchange_trade_data.transform_exchange_data scheduled__2024-03-01T13:03:00+00:00 [queued]>
[2024-03-01T14:43:55.311+0000] {taskinstance.py:1956} INFO - Dependencies all met for dep_context=requeueable deps ti=<TaskInstance: exchange_trade_data.transform_exchange_data scheduled__2024-03-01T13:03:00+00:00 [queued]>
[2024-03-01T14:43:55.312+0000] {taskinstance.py:2170} INFO - Starting attempt 1 of 1
[2024-03-01T14:43:55.888+0000] {taskinstance.py:2191} INFO - Executing <Task(_PythonDecoratedOperator): transform_exchange_data> on 2024-03-01 13:03:00+00:00
[2024-03-01T14:43:55.906+0000] {standard_task_runner.py:60} INFO - Started process 1612 to run task
[2024-03-01T14:43:55.976+0000] {standard_task_runner.py:87} INFO - Running: ['***', 'tasks', 'run', 'exchange_trade_data', 'transform_exchange_data', 'scheduled__2024-03-01T13:03:00+00:00', '--job-id', '16', '--raw', '--subdir', 'DAGS_FOLDER/exchange.py', '--cfg-path', '/tmp/tmpnzlobz4o']
[2024-03-01T14:43:55.987+0000] {standard_task_runner.py:88} INFO - Job 16: Subtask transform_exchange_data
[2024-03-01T14:43:56.351+0000] {task_command.py:423} INFO - Running <TaskInstance: exchange_trade_data.transform_exchange_data scheduled__2024-03-01T13:03:00+00:00 [running]> on host 11bab81981d3
[2024-03-01T14:43:56.654+0000] {taskinstance.py:2480} INFO - Exporting env vars: AIRFLOW_CTX_DAG_OWNER='***' AIRFLOW_CTX_DAG_ID='exchange_trade_data' AIRFLOW_CTX_TASK_ID='transform_exchange_data' AIRFLOW_CTX_EXECUTION_DATE='2024-03-01T13:03:00+00:00' AIRFLOW_CTX_TRY_NUMBER='1' AIRFLOW_CTX_DAG_RUN_ID='scheduled__2024-03-01T13:03:00+00:00'
[2024-03-01T14:43:56.677+0000] {python.py:201} INFO - Done. Returned value was:         exchangeId              name  ...        updated                  updated_at
0          binance           Binance  ...  1709304173256  2024-03-01T14:42:53.256000
1             gdax      Coinbase Pro  ...  1709304175952  2024-03-01T14:42:55.952000
2         whitebit          WhiteBIT  ...  1709304175960  2024-03-01T14:42:55.960000
3        digifinex         DigiFinex  ...  1709304167775  2024-03-01T14:42:47.775000
4             gate              Gate  ...  1709304176945  2024-03-01T14:42:56.945000
..             ...               ...  ...            ...                         ...
68  therocktrading  The Rock Trading  ...  1676660097265  2023-02-17T18:54:57.265000
69              zb                ZB  ...  1662264169320  2022-09-04T04:02:49.320000
70       thorchain         THORChain  ...  1668435396236  2022-11-14T14:16:36.236000
71          bitbay            BitBay  ...              0                        None
72   bithumbglobal    Bithumb Global  ...  1692326335935  2023-08-18T02:38:55.935000

[73 rows x 10 columns]
[2024-03-01T14:43:56.849+0000] {taskinstance.py:1138} INFO - Marking task as SUCCESS. dag_id=exchange_trade_data, task_id=transform_exchange_data, execution_date=20240301T130300, start_date=20240301T144355, end_date=20240301T144356
[2024-03-01T14:43:56.903+0000] {local_task_job_runner.py:234} INFO - Task exited with return code 0
[2024-03-01T14:43:56.946+0000] {taskinstance.py:3280} INFO - 1 downstream tasks scheduled from follow-on schedule check
