[2024-02-27T06:03:20.536+0000] {taskinstance.py:1956} INFO - Dependencies all met for dep_context=non-requeueable deps ti=<TaskInstance: exchange_trade_data.transform_exchange_data manual__2024-02-27T06:03:14.807849+00:00 [queued]>
[2024-02-27T06:03:20.547+0000] {taskinstance.py:1956} INFO - Dependencies all met for dep_context=requeueable deps ti=<TaskInstance: exchange_trade_data.transform_exchange_data manual__2024-02-27T06:03:14.807849+00:00 [queued]>
[2024-02-27T06:03:20.548+0000] {taskinstance.py:2170} INFO - Starting attempt 1 of 1
[2024-02-27T06:03:20.565+0000] {taskinstance.py:2191} INFO - Executing <Task(_PythonDecoratedOperator): transform_exchange_data> on 2024-02-27 06:03:14.807849+00:00
[2024-02-27T06:03:20.570+0000] {standard_task_runner.py:60} INFO - Started process 20830 to run task
[2024-02-27T06:03:20.573+0000] {standard_task_runner.py:87} INFO - Running: ['***', 'tasks', 'run', 'exchange_trade_data', 'transform_exchange_data', 'manual__2024-02-27T06:03:14.807849+00:00', '--job-id', '84', '--raw', '--subdir', 'DAGS_FOLDER/exchange.py', '--cfg-path', '/tmp/tmpvkukdtgw']
[2024-02-27T06:03:20.575+0000] {standard_task_runner.py:88} INFO - Job 84: Subtask transform_exchange_data
[2024-02-27T06:03:20.600+0000] {logging_mixin.py:188} WARNING - /home/***/.local/lib/python3.8/site-packages/***/settings.py:194 DeprecationWarning: The sql_alchemy_conn option in [core] has been moved to the sql_alchemy_conn option in [database] - the old setting has been used, but please update your config.
[2024-02-27T06:03:20.650+0000] {task_command.py:423} INFO - Running <TaskInstance: exchange_trade_data.transform_exchange_data manual__2024-02-27T06:03:14.807849+00:00 [running]> on host e16193345271
[2024-02-27T06:03:21.065+0000] {taskinstance.py:2480} INFO - Exporting env vars: AIRFLOW_CTX_DAG_OWNER='***' AIRFLOW_CTX_DAG_ID='exchange_trade_data' AIRFLOW_CTX_TASK_ID='transform_exchange_data' AIRFLOW_CTX_EXECUTION_DATE='2024-02-27T06:03:14.807849+00:00' AIRFLOW_CTX_TRY_NUMBER='1' AIRFLOW_CTX_DAG_RUN_ID='manual__2024-02-27T06:03:14.807849+00:00'
[2024-02-27T06:03:21.070+0000] {python.py:201} INFO - Done. Returned value was:         exchangeId            name  ...        updated                  updated_at
0          binance         Binance  ...  1709013772094  2024-02-27T06:02:52.094000
1             gdax    Coinbase Pro  ...  1709013771189  2024-02-27T06:02:51.189000
2        digifinex       DigiFinex  ...  1709013762739  2024-02-27T06:02:42.739000
3         whitebit        WhiteBIT  ...  1709013771597  2024-02-27T06:02:51.597000
4             gate            Gate  ...  1709013772025  2024-02-27T06:02:52.025000
..             ...             ...  ...            ...                         ...
68  blockchain-com  Blockchain.com  ...              0                        None
69        coinbene        Coinbene  ...              0                        None
70       cointiger       CoinTiger  ...  1707114784242  2024-02-05T06:33:04.242000
71          hotbit          Hotbit  ...  1684920757709  2023-05-24T09:32:37.709000
72            kuna            Kuna  ...  1677701260207  2023-03-01T20:07:40.207000

[73 rows x 10 columns]
[2024-02-27T06:03:21.255+0000] {taskinstance.py:1138} INFO - Marking task as SUCCESS. dag_id=exchange_trade_data, task_id=transform_exchange_data, execution_date=20240227T060314, start_date=20240227T060320, end_date=20240227T060321
[2024-02-27T06:03:21.319+0000] {local_task_job_runner.py:234} INFO - Task exited with return code 0
[2024-02-27T06:03:21.350+0000] {taskinstance.py:3280} INFO - 1 downstream tasks scheduled from follow-on schedule check
