[2024-02-26T08:30:37.751+0000] {taskinstance.py:1956} INFO - Dependencies all met for dep_context=non-requeueable deps ti=<TaskInstance: exchange_trade_data.transform_exchange_data manual__2024-02-26T08:30:27.990849+00:00 [queued]>
[2024-02-26T08:30:37.777+0000] {taskinstance.py:1956} INFO - Dependencies all met for dep_context=requeueable deps ti=<TaskInstance: exchange_trade_data.transform_exchange_data manual__2024-02-26T08:30:27.990849+00:00 [queued]>
[2024-02-26T08:30:37.778+0000] {taskinstance.py:2170} INFO - Starting attempt 1 of 1
[2024-02-26T08:30:38.135+0000] {taskinstance.py:2191} INFO - Executing <Task(_PythonDecoratedOperator): transform_exchange_data> on 2024-02-26 08:30:27.990849+00:00
[2024-02-26T08:30:38.151+0000] {standard_task_runner.py:60} INFO - Started process 7154 to run task
[2024-02-26T08:30:38.158+0000] {standard_task_runner.py:87} INFO - Running: ['***', 'tasks', 'run', 'exchange_trade_data', 'transform_exchange_data', 'manual__2024-02-26T08:30:27.990849+00:00', '--job-id', '90', '--raw', '--subdir', 'DAGS_FOLDER/exchange.py', '--cfg-path', '/tmp/tmpgugl4bmz']
[2024-02-26T08:30:38.160+0000] {standard_task_runner.py:88} INFO - Job 90: Subtask transform_exchange_data
[2024-02-26T08:30:38.267+0000] {task_command.py:423} INFO - Running <TaskInstance: exchange_trade_data.transform_exchange_data manual__2024-02-26T08:30:27.990849+00:00 [running]> on host f5283f9a0a92
[2024-02-26T08:30:38.464+0000] {taskinstance.py:2480} INFO - Exporting env vars: AIRFLOW_CTX_DAG_OWNER='***' AIRFLOW_CTX_DAG_ID='exchange_trade_data' AIRFLOW_CTX_TASK_ID='transform_exchange_data' AIRFLOW_CTX_EXECUTION_DATE='2024-02-26T08:30:27.990849+00:00' AIRFLOW_CTX_TRY_NUMBER='1' AIRFLOW_CTX_DAG_RUN_ID='manual__2024-02-26T08:30:27.990849+00:00'
[2024-02-26T08:30:38.478+0000] {python.py:201} INFO - Done. Returned value was:         exchangeId            name  ...        updated                  updated_at
0          binance         Binance  ...  1708936225226  2024-02-26T08:30:25.226000
1             gdax    Coinbase Pro  ...  1708936216981  2024-02-26T08:30:16.981000
2        digifinex       DigiFinex  ...  1708936223960  2024-02-26T08:30:23.960000
3             gate            Gate  ...  1708936225249  2024-02-26T08:30:25.249000
4       uniswap-v3    Uniswap (V3)  ...  1708936173212  2024-02-26T08:29:33.212000
..             ...             ...  ...            ...                         ...
68         bittrex         Bittrex  ...              0                        None
69            bkex            Bkex  ...              0                        None
70  blockchain-com  Blockchain.com  ...              0                        None
71        coinbene        Coinbene  ...              0                        None
72       cointiger       CoinTiger  ...  1707114784242  2024-02-05T06:33:04.242000

[73 rows x 10 columns]
[2024-02-26T08:30:38.601+0000] {taskinstance.py:1138} INFO - Marking task as SUCCESS. dag_id=exchange_trade_data, task_id=transform_exchange_data, execution_date=20240226T083027, start_date=20240226T083037, end_date=20240226T083038
[2024-02-26T08:30:38.752+0000] {local_task_job_runner.py:234} INFO - Task exited with return code 0
[2024-02-26T08:30:38.793+0000] {taskinstance.py:3280} INFO - 0 downstream tasks scheduled from follow-on schedule check
