[2024-03-01T23:58:10.084+0000] {taskinstance.py:1956} INFO - Dependencies all met for dep_context=non-requeueable deps ti=<TaskInstance: exchange_trade_data.transform_exchange_data scheduled__2024-03-01T22:01:00+00:00 [queued]>
[2024-03-01T23:58:10.119+0000] {taskinstance.py:1956} INFO - Dependencies all met for dep_context=requeueable deps ti=<TaskInstance: exchange_trade_data.transform_exchange_data scheduled__2024-03-01T22:01:00+00:00 [queued]>
[2024-03-01T23:58:10.120+0000] {taskinstance.py:2170} INFO - Starting attempt 1 of 1
[2024-03-01T23:58:10.172+0000] {taskinstance.py:2191} INFO - Executing <Task(_PythonDecoratedOperator): transform_exchange_data> on 2024-03-01 22:01:00+00:00
[2024-03-01T23:58:10.191+0000] {standard_task_runner.py:60} INFO - Started process 203 to run task
[2024-03-01T23:58:10.190+0000] {standard_task_runner.py:87} INFO - Running: ['***', 'tasks', 'run', 'exchange_trade_data', 'transform_exchange_data', 'scheduled__2024-03-01T22:01:00+00:00', '--job-id', '38', '--raw', '--subdir', 'DAGS_FOLDER/exchange.py', '--cfg-path', '/tmp/tmpifqw5n8h']
[2024-03-01T23:58:10.194+0000] {standard_task_runner.py:88} INFO - Job 38: Subtask transform_exchange_data
[2024-03-01T23:58:10.266+0000] {logging_mixin.py:188} WARNING - /home/***/.local/lib/python3.8/site-packages/***/settings.py:194 DeprecationWarning: The sql_alchemy_conn option in [core] has been moved to the sql_alchemy_conn option in [database] - the old setting has been used, but please update your config.
[2024-03-01T23:58:10.389+0000] {task_command.py:423} INFO - Running <TaskInstance: exchange_trade_data.transform_exchange_data scheduled__2024-03-01T22:01:00+00:00 [running]> on host 43215e4d47d2
[2024-03-01T23:58:11.100+0000] {taskinstance.py:2480} INFO - Exporting env vars: AIRFLOW_CTX_DAG_OWNER='***' AIRFLOW_CTX_DAG_ID='exchange_trade_data' AIRFLOW_CTX_TASK_ID='transform_exchange_data' AIRFLOW_CTX_EXECUTION_DATE='2024-03-01T22:01:00+00:00' AIRFLOW_CTX_TRY_NUMBER='1' AIRFLOW_CTX_DAG_RUN_ID='scheduled__2024-03-01T22:01:00+00:00'
[2024-03-01T23:58:11.125+0000] {python.py:201} INFO - Done. Returned value was:         exchangeId              name  ...        updated                  updated_at
0          binance           Binance  ...  1709337471441  2024-03-01T23:57:51.441000
1             gdax      Coinbase Pro  ...  1709337469628  2024-03-01T23:57:49.628000
2        digifinex         DigiFinex  ...  1709337470785  2024-03-01T23:57:50.785000
3         whitebit          WhiteBIT  ...  1709337470863  2024-03-01T23:57:50.863000
4             gate              Gate  ...  1709337470676  2024-03-01T23:57:50.676000
..             ...               ...  ...            ...                         ...
68          bitbay            BitBay  ...              0                        None
69              zb                ZB  ...  1662264169320  2022-09-04T04:02:49.320000
70            zaif              Zaif  ...  1666250109990  2022-10-20T07:15:09.990000
71  therocktrading  The Rock Trading  ...  1676660097265  2023-02-17T18:54:57.265000
72       thorchain         THORChain  ...  1668435396236  2022-11-14T14:16:36.236000

[73 rows x 10 columns]
[2024-03-01T23:58:11.535+0000] {taskinstance.py:1138} INFO - Marking task as SUCCESS. dag_id=exchange_trade_data, task_id=transform_exchange_data, execution_date=20240301T220100, start_date=20240301T235810, end_date=20240301T235811
[2024-03-01T23:58:11.625+0000] {local_task_job_runner.py:234} INFO - Task exited with return code 0
[2024-03-01T23:58:11.791+0000] {taskinstance.py:3280} INFO - 1 downstream tasks scheduled from follow-on schedule check
