[2024-02-26T17:15:47.070+0000] {taskinstance.py:1956} INFO - Dependencies all met for dep_context=non-requeueable deps ti=<TaskInstance: exchange_trade_data.transform_exchange_data scheduled__2024-02-26T16:01:00+00:00 [queued]>
[2024-02-26T17:15:47.084+0000] {taskinstance.py:1956} INFO - Dependencies all met for dep_context=requeueable deps ti=<TaskInstance: exchange_trade_data.transform_exchange_data scheduled__2024-02-26T16:01:00+00:00 [queued]>
[2024-02-26T17:15:47.085+0000] {taskinstance.py:2170} INFO - Starting attempt 1 of 1
[2024-02-26T17:15:47.104+0000] {taskinstance.py:2191} INFO - Executing <Task(_PythonDecoratedOperator): transform_exchange_data> on 2024-02-26 16:01:00+00:00
[2024-02-26T17:15:47.111+0000] {standard_task_runner.py:60} INFO - Started process 8176 to run task
[2024-02-26T17:15:47.116+0000] {standard_task_runner.py:87} INFO - Running: ['***', 'tasks', 'run', 'exchange_trade_data', 'transform_exchange_data', 'scheduled__2024-02-26T16:01:00+00:00', '--job-id', '43', '--raw', '--subdir', 'DAGS_FOLDER/exchange.py', '--cfg-path', '/tmp/tmph8xwrkhn']
[2024-02-26T17:15:47.117+0000] {standard_task_runner.py:88} INFO - Job 43: Subtask transform_exchange_data
[2024-02-26T17:15:47.138+0000] {logging_mixin.py:188} WARNING - /home/***/.local/lib/python3.8/site-packages/***/settings.py:194 DeprecationWarning: The sql_alchemy_conn option in [core] has been moved to the sql_alchemy_conn option in [database] - the old setting has been used, but please update your config.
[2024-02-26T17:15:47.183+0000] {task_command.py:423} INFO - Running <TaskInstance: exchange_trade_data.transform_exchange_data scheduled__2024-02-26T16:01:00+00:00 [running]> on host e16193345271
[2024-02-26T17:15:47.620+0000] {taskinstance.py:2480} INFO - Exporting env vars: AIRFLOW_CTX_DAG_OWNER='***' AIRFLOW_CTX_DAG_ID='exchange_trade_data' AIRFLOW_CTX_TASK_ID='transform_exchange_data' AIRFLOW_CTX_EXECUTION_DATE='2024-02-26T16:01:00+00:00' AIRFLOW_CTX_TRY_NUMBER='1' AIRFLOW_CTX_DAG_RUN_ID='scheduled__2024-02-26T16:01:00+00:00'
[2024-02-26T17:15:47.624+0000] {python.py:201} INFO - Done. Returned value was:         exchangeId            name  ...        updated                  updated_at
0          binance         Binance  ...  1708967729668  2024-02-26T17:15:29.668000
1             gdax    Coinbase Pro  ...  1708967732602  2024-02-26T17:15:32.602000
2        digifinex       DigiFinex  ...  1708967730922  2024-02-26T17:15:30.922000
3             gate            Gate  ...  1708967733058  2024-02-26T17:15:33.058000
4           kraken          Kraken  ...  1708967732443  2024-02-26T17:15:32.443000
..             ...             ...  ...            ...                         ...
68    bitpanda-pro    Bitpanda Pro  ...  1704192020599  2024-01-02T10:40:20.599000
69         bittrex         Bittrex  ...              0                        None
70            bkex            Bkex  ...              0                        None
71  blockchain-com  Blockchain.com  ...              0                        None
72        coinbene        Coinbene  ...              0                        None

[73 rows x 10 columns]
[2024-02-26T17:15:47.706+0000] {taskinstance.py:1138} INFO - Marking task as SUCCESS. dag_id=exchange_trade_data, task_id=transform_exchange_data, execution_date=20240226T160100, start_date=20240226T171547, end_date=20240226T171547
[2024-02-26T17:15:47.770+0000] {local_task_job_runner.py:234} INFO - Task exited with return code 0
[2024-02-26T17:15:47.804+0000] {taskinstance.py:3280} INFO - 1 downstream tasks scheduled from follow-on schedule check
