[2024-02-26T17:15:40.254+0000] {taskinstance.py:1956} INFO - Dependencies all met for dep_context=non-requeueable deps ti=<TaskInstance: tutorial.templated manual__2024-02-26T17:15:31.851205+00:00 [queued]>
[2024-02-26T17:15:40.297+0000] {taskinstance.py:1956} INFO - Dependencies all met for dep_context=requeueable deps ti=<TaskInstance: tutorial.templated manual__2024-02-26T17:15:31.851205+00:00 [queued]>
[2024-02-26T17:15:40.298+0000] {taskinstance.py:2170} INFO - Starting attempt 1 of 2
[2024-02-26T17:15:40.359+0000] {taskinstance.py:2191} INFO - Executing <Task(BashOperator): templated> on 2024-02-26 17:15:31.851205+00:00
[2024-02-26T17:15:40.377+0000] {standard_task_runner.py:60} INFO - Started process 8154 to run task
[2024-02-26T17:15:40.392+0000] {standard_task_runner.py:87} INFO - Running: ['***', 'tasks', 'run', 'tutorial', 'templated', 'manual__2024-02-26T17:15:31.851205+00:00', '--job-id', '40', '--raw', '--subdir', 'DAGS_FOLDER/coincap.py', '--cfg-path', '/tmp/tmpziiabg7j']
[2024-02-26T17:15:40.400+0000] {standard_task_runner.py:88} INFO - Job 40: Subtask templated
[2024-02-26T17:15:40.494+0000] {logging_mixin.py:188} WARNING - /home/***/.local/lib/python3.8/site-packages/***/settings.py:194 DeprecationWarning: The sql_alchemy_conn option in [core] has been moved to the sql_alchemy_conn option in [database] - the old setting has been used, but please update your config.
[2024-02-26T17:15:40.826+0000] {task_command.py:423} INFO - Running <TaskInstance: tutorial.templated manual__2024-02-26T17:15:31.851205+00:00 [running]> on host e16193345271
[2024-02-26T17:15:41.349+0000] {taskinstance.py:2480} INFO - Exporting env vars: AIRFLOW_CTX_DAG_EMAIL='***@example.com' AIRFLOW_CTX_DAG_OWNER='***' AIRFLOW_CTX_DAG_ID='tutorial' AIRFLOW_CTX_TASK_ID='templated' AIRFLOW_CTX_EXECUTION_DATE='2024-02-26T17:15:31.851205+00:00' AIRFLOW_CTX_TRY_NUMBER='1' AIRFLOW_CTX_DAG_RUN_ID='manual__2024-02-26T17:15:31.851205+00:00'
[2024-02-26T17:15:41.351+0000] {subprocess.py:63} INFO - Tmp dir root location: /tmp
[2024-02-26T17:15:41.352+0000] {subprocess.py:75} INFO - Running command: ['/usr/bin/bash', '-c', '\n\n    echo "2024-02-26"\n    echo "2024-03-04"\n\n    echo "2024-02-26"\n    echo "2024-03-04"\n\n    echo "2024-02-26"\n    echo "2024-03-04"\n\n    echo "2024-02-26"\n    echo "2024-03-04"\n\n    echo "2024-02-26"\n    echo "2024-03-04"\n']
[2024-02-26T17:15:41.368+0000] {subprocess.py:86} INFO - Output:
[2024-02-26T17:15:41.381+0000] {subprocess.py:93} INFO - 2024-02-26
[2024-02-26T17:15:41.381+0000] {subprocess.py:93} INFO - 2024-03-04
[2024-02-26T17:15:41.382+0000] {subprocess.py:93} INFO - 2024-02-26
[2024-02-26T17:15:41.382+0000] {subprocess.py:93} INFO - 2024-03-04
[2024-02-26T17:15:41.383+0000] {subprocess.py:93} INFO - 2024-02-26
[2024-02-26T17:15:41.383+0000] {subprocess.py:93} INFO - 2024-03-04
[2024-02-26T17:15:41.383+0000] {subprocess.py:93} INFO - 2024-02-26
[2024-02-26T17:15:41.383+0000] {subprocess.py:93} INFO - 2024-03-04
[2024-02-26T17:15:41.384+0000] {subprocess.py:93} INFO - 2024-02-26
[2024-02-26T17:15:41.384+0000] {subprocess.py:93} INFO - 2024-03-04
[2024-02-26T17:15:41.384+0000] {subprocess.py:97} INFO - Command exited with return code 0
[2024-02-26T17:15:41.432+0000] {taskinstance.py:1138} INFO - Marking task as SUCCESS. dag_id=tutorial, task_id=templated, execution_date=20240226T171531, start_date=20240226T171540, end_date=20240226T171541
[2024-02-26T17:15:41.495+0000] {local_task_job_runner.py:234} INFO - Task exited with return code 0
[2024-02-26T17:15:41.534+0000] {taskinstance.py:3280} INFO - 0 downstream tasks scheduled from follow-on schedule check
