[2024-02-27T05:44:20.059+0000] {taskinstance.py:1956} INFO - Dependencies all met for dep_context=non-requeueable deps ti=<TaskInstance: exchange_trade_data.transform_exchange_data manual__2024-02-27T05:44:11.665770+00:00 [queued]>
[2024-02-27T05:44:20.107+0000] {taskinstance.py:1956} INFO - Dependencies all met for dep_context=requeueable deps ti=<TaskInstance: exchange_trade_data.transform_exchange_data manual__2024-02-27T05:44:11.665770+00:00 [queued]>
[2024-02-27T05:44:20.108+0000] {taskinstance.py:2170} INFO - Starting attempt 1 of 1
[2024-02-27T05:44:20.149+0000] {taskinstance.py:2191} INFO - Executing <Task(_PythonDecoratedOperator): transform_exchange_data> on 2024-02-27 05:44:11.665770+00:00
[2024-02-27T05:44:20.160+0000] {standard_task_runner.py:60} INFO - Started process 17416 to run task
[2024-02-27T05:44:20.168+0000] {standard_task_runner.py:87} INFO - Running: ['***', 'tasks', 'run', 'exchange_trade_data', 'transform_exchange_data', 'manual__2024-02-27T05:44:11.665770+00:00', '--job-id', '72', '--raw', '--subdir', 'DAGS_FOLDER/exchange.py', '--cfg-path', '/tmp/tmporujtb9c']
[2024-02-27T05:44:20.171+0000] {standard_task_runner.py:88} INFO - Job 72: Subtask transform_exchange_data
[2024-02-27T05:44:20.212+0000] {logging_mixin.py:188} WARNING - /home/***/.local/lib/python3.8/site-packages/***/settings.py:194 DeprecationWarning: The sql_alchemy_conn option in [core] has been moved to the sql_alchemy_conn option in [database] - the old setting has been used, but please update your config.
[2024-02-27T05:44:20.301+0000] {task_command.py:423} INFO - Running <TaskInstance: exchange_trade_data.transform_exchange_data manual__2024-02-27T05:44:11.665770+00:00 [running]> on host e16193345271
[2024-02-27T05:44:21.112+0000] {taskinstance.py:2480} INFO - Exporting env vars: AIRFLOW_CTX_DAG_OWNER='***' AIRFLOW_CTX_DAG_ID='exchange_trade_data' AIRFLOW_CTX_TASK_ID='transform_exchange_data' AIRFLOW_CTX_EXECUTION_DATE='2024-02-27T05:44:11.665770+00:00' AIRFLOW_CTX_TRY_NUMBER='1' AIRFLOW_CTX_DAG_RUN_ID='manual__2024-02-27T05:44:11.665770+00:00'
[2024-02-27T05:44:21.123+0000] {python.py:201} INFO - Done. Returned value was:        exchangeId            name  ...        updated                  updated_at
0         binance         Binance  ...  1709012593120  2024-02-27T05:43:13.120000
1            gdax    Coinbase Pro  ...  1709012576551  2024-02-27T05:42:56.551000
2       digifinex       DigiFinex  ...  1709012591845  2024-02-27T05:43:11.845000
3        whitebit        WhiteBIT  ...  1709012587799  2024-02-27T05:43:07.799000
4            gate            Gate  ...  1709012593086  2024-02-27T05:43:13.086000
..            ...             ...  ...            ...                         ...
68             zb              ZB  ...  1662264169320  2022-09-04T04:02:49.320000
69           zaif            Zaif  ...  1666250109990  2022-10-20T07:15:09.990000
70  bithumbglobal  Bithumb Global  ...  1692326335935  2023-08-18T02:38:55.935000
71         bitbay          BitBay  ...              0                        None
72   bitpanda-pro    Bitpanda Pro  ...  1704192020599  2024-01-02T10:40:20.599000

[73 rows x 10 columns]
[2024-02-27T05:44:21.361+0000] {taskinstance.py:1138} INFO - Marking task as SUCCESS. dag_id=exchange_trade_data, task_id=transform_exchange_data, execution_date=20240227T054411, start_date=20240227T054420, end_date=20240227T054421
[2024-02-27T05:44:21.421+0000] {local_task_job_runner.py:234} INFO - Task exited with return code 0
[2024-02-27T05:44:21.510+0000] {taskinstance.py:3280} INFO - 1 downstream tasks scheduled from follow-on schedule check
