[2024-02-26T16:40:42.028+0000] {taskinstance.py:1956} INFO - Dependencies all met for dep_context=non-requeueable deps ti=<TaskInstance: exchange_trade_data.transform_exchange_data manual__2024-02-26T16:40:26.868954+00:00 [queued]>
[2024-02-26T16:40:42.077+0000] {taskinstance.py:1956} INFO - Dependencies all met for dep_context=requeueable deps ti=<TaskInstance: exchange_trade_data.transform_exchange_data manual__2024-02-26T16:40:26.868954+00:00 [queued]>
[2024-02-26T16:40:42.078+0000] {taskinstance.py:2170} INFO - Starting attempt 1 of 1
[2024-02-26T16:40:42.202+0000] {taskinstance.py:2191} INFO - Executing <Task(_PythonDecoratedOperator): transform_exchange_data> on 2024-02-26 16:40:26.868954+00:00
[2024-02-26T16:40:42.221+0000] {standard_task_runner.py:60} INFO - Started process 3265 to run task
[2024-02-26T16:40:42.228+0000] {standard_task_runner.py:87} INFO - Running: ['***', 'tasks', 'run', 'exchange_trade_data', 'transform_exchange_data', 'manual__2024-02-26T16:40:26.868954+00:00', '--job-id', '10', '--raw', '--subdir', 'DAGS_FOLDER/exchange.py', '--cfg-path', '/tmp/tmp411l66i3']
[2024-02-26T16:40:42.237+0000] {standard_task_runner.py:88} INFO - Job 10: Subtask transform_exchange_data
[2024-02-26T16:40:42.293+0000] {logging_mixin.py:188} WARNING - /home/***/.local/lib/python3.8/site-packages/***/settings.py:194 DeprecationWarning: The sql_alchemy_conn option in [core] has been moved to the sql_alchemy_conn option in [database] - the old setting has been used, but please update your config.
[2024-02-26T16:40:42.586+0000] {task_command.py:423} INFO - Running <TaskInstance: exchange_trade_data.transform_exchange_data manual__2024-02-26T16:40:26.868954+00:00 [running]> on host e16193345271
[2024-02-26T16:40:43.092+0000] {taskinstance.py:2480} INFO - Exporting env vars: AIRFLOW_CTX_DAG_OWNER='***' AIRFLOW_CTX_DAG_ID='exchange_trade_data' AIRFLOW_CTX_TASK_ID='transform_exchange_data' AIRFLOW_CTX_EXECUTION_DATE='2024-02-26T16:40:26.868954+00:00' AIRFLOW_CTX_TRY_NUMBER='1' AIRFLOW_CTX_DAG_RUN_ID='manual__2024-02-26T16:40:26.868954+00:00'
[2024-02-26T16:40:43.100+0000] {python.py:201} INFO - Done. Returned value was:        exchangeId            name  ...        updated                  updated_at
0         binance         Binance  ...  1708965584847  2024-02-26T16:39:44.847000
1            gdax    Coinbase Pro  ...  1708965578984  2024-02-26T16:39:38.984000
2       digifinex       DigiFinex  ...  1708965583774  2024-02-26T16:39:43.774000
3            gate            Gate  ...  1708965584078  2024-02-26T16:39:44.078000
4          kraken          Kraken  ...  1708965584384  2024-02-26T16:39:44.384000
..            ...             ...  ...            ...                         ...
68             zb              ZB  ...  1662264169320  2022-09-04T04:02:49.320000
69  bithumbglobal  Bithumb Global  ...  1692326335935  2023-08-18T02:38:55.935000
70   bitpanda-pro    Bitpanda Pro  ...  1704192020599  2024-01-02T10:40:20.599000
71        bittrex         Bittrex  ...              0                        None
72           bkex            Bkex  ...              0                        None

[73 rows x 10 columns]
[2024-02-26T16:40:43.270+0000] {taskinstance.py:1138} INFO - Marking task as SUCCESS. dag_id=exchange_trade_data, task_id=transform_exchange_data, execution_date=20240226T164026, start_date=20240226T164042, end_date=20240226T164043
[2024-02-26T16:40:43.347+0000] {local_task_job_runner.py:234} INFO - Task exited with return code 0
[2024-02-26T16:40:43.385+0000] {taskinstance.py:3280} INFO - 0 downstream tasks scheduled from follow-on schedule check
